Base path: C:/Program Files/Unity/Editor/Data
Cmd: initializeCompiler
Cmd: compileComputeKernel
  api=4 insize=8532076 outsize=5349 ok=1
Cmd: compileComputeKernel
  api=4 insize=8532076 outsize=7693 ok=1
Cmd: compileComputeKernel
  api=4 insize=8532076 outsize=201 ok=1
Cmd: compileComputeKernel
  api=4 insize=8532076 outsize=2293 ok=1
Cmd: compileComputeKernel
  api=4 insize=8532076 outsize=6541 ok=1
Cmd: compileComputeKernel
  api=4 insize=8532076 outsize=201 ok=1
Cmd: compileComputeKernel
  api=4 insize=8532076 outsize=201 ok=1
Cmd: compileComputeKernel
  api=4 insize=8532076 outsize=17973 ok=1
Cmd: compileComputeKernel
  api=4 insize=8532076 outsize=201 ok=1
Cmd: compileComputeKernel
  api=4 insize=8532076 outsize=201 ok=1
Cmd: compileComputeKernel
  api=4 insize=8532076 outsize=201 ok=1
Cmd: compileComputeKernel
  api=4 insize=8532076 outsize=201 ok=1
Cmd: compileComputeKernel
  api=4 insize=8532076 outsize=201 ok=1
Cmd: compileComputeKernel
  api=4 insize=8532076 outsize=201 ok=1
Cmd: compileComputeKernel
  api=4 insize=8532076 outsize=201 ok=1
Cmd: compileComputeKernel
  api=4 insize=8532076 outsize=6285 ok=1
Cmd: compileComputeKernel
  api=4 insize=8532076 outsize=201 ok=1
Cmd: compileComputeKernel
  api=4 insize=8532076 outsize=201 ok=1
Cmd: compileComputeKernel
  api=4 insize=8532076 outsize=9897 ok=1
Cmd: compileComputeKernel
  api=4 insize=8532076 outsize=201 ok=1
Cmd: compileComputeKernel
  api=4 insize=8532076 outsize=17833 ok=1
Cmd: compileComputeKernel
  api=4 insize=8532076 outsize=201 ok=1
Cmd: compileComputeKernel
  api=4 insize=8532076 outsize=201 ok=1
Cmd: compileComputeKernel
  api=4 insize=8532076 outsize=9689 ok=1
Cmd: compileComputeKernel
  api=4 insize=8532076 outsize=9301 ok=1
Cmd: compileComputeKernel
  api=4 insize=8532076 outsize=201 ok=1
Cmd: compileComputeKernel
  api=4 insize=8532076 outsize=17237 ok=1
Cmd: compileComputeKernel
  api=4 insize=8532076 outsize=201 ok=1
Cmd: compileComputeKernel
  api=4 insize=8532076 outsize=201 ok=1
Cmd: compileComputeKernel
  api=4 insize=8532076 outsize=10813 ok=1
Cmd: compileComputeKernel
  api=4 insize=8532076 outsize=201 ok=1
Cmd: compileComputeKernel
  api=4 insize=8532076 outsize=13573 ok=1
Cmd: compileComputeKernel
  api=4 insize=8532076 outsize=201 ok=1
Cmd: compileComputeKernel
  api=4 insize=8532076 outsize=201 ok=1
Cmd: compileComputeKernel
  api=4 insize=8532076 outsize=201 ok=1
Cmd: compileComputeKernel
  api=4 insize=8532076 outsize=201 ok=1
Cmd: compileComputeKernel
  api=4 insize=8532076 outsize=201 ok=1
Cmd: compileComputeKernel
  api=4 insize=8532076 outsize=201 ok=1
Cmd: compileComputeKernel
  api=4 insize=8532076 outsize=201 ok=1
Cmd: compileComputeKernel
  api=4 insize=8532076 outsize=2293 ok=1
Cmd: compileComputeKernel
  api=4 insize=8532076 outsize=201 ok=1
Cmd: compileComputeKernel
  api=4 insize=8532076 outsize=201 ok=1
Cmd: compileComputeKernel
  api=4 insize=8532076 outsize=201 ok=1
Cmd: compileComputeKernel
  api=4 insize=8532076 outsize=9493 ok=1
Cmd: compileComputeKernel
  api=4 insize=8532076 outsize=201 ok=1
Cmd: compileComputeKernel
  api=4 insize=8532076 outsize=201 ok=1
Cmd: compileComputeKernel
  api=4 insize=8532076 outsize=201 ok=1
Cmd: compileComputeKernel
  api=4 insize=8532076 outsize=201 ok=1
Cmd: compileComputeKernel
  api=4 insize=8532076 outsize=201 ok=1
Cmd: compileComputeKernel
  api=4 insize=8532076 outsize=201 ok=1
Cmd: compileComputeKernel
  api=4 insize=8532076 outsize=201 ok=1
Cmd: compileComputeKernel
  api=4 insize=8532076 outsize=201 ok=1
Cmd: compileComputeKernel
  api=4 insize=8532076 outsize=8133 ok=1
Cmd: compileComputeKernel
  api=4 insize=8532076 outsize=201 ok=1
Cmd: compileComputeKernel
  api=4 insize=8532076 outsize=201 ok=1
Cmd: compileComputeKernel
  api=4 insize=8532076 outsize=201 ok=1
Cmd: compileComputeKernel
  api=4 insize=8532076 outsize=15277 ok=1
Cmd: compileComputeKernel
  api=4 insize=8532076 outsize=201 ok=1
Cmd: compileComputeKernel
  api=4 insize=8532076 outsize=201 ok=1
Cmd: compileComputeKernel
  api=4 insize=8532076 outsize=201 ok=1
Cmd: compileComputeKernel
  api=4 insize=8532076 outsize=201 ok=1
Cmd: compileComputeKernel
  api=4 insize=8532076 outsize=201 ok=1
Cmd: compileComputeKernel
  api=4 insize=8532076 outsize=201 ok=1
Cmd: compileComputeKernel
  api=4 insize=8532076 outsize=201 ok=1
Cmd: compileComputeKernel
  api=4 insize=8532076 outsize=201 ok=1
Cmd: compileComputeKernel
  api=4 insize=8532076 outsize=201 ok=1
Cmd: compileComputeKernel
  api=4 insize=8532076 outsize=201 ok=1
Cmd: compileComputeKernel
  api=4 insize=8532076 outsize=201 ok=1
Cmd: compileComputeKernel
  api=4 insize=8532076 outsize=201 ok=1
Cmd: compileComputeKernel
  api=4 insize=8532076 outsize=201 ok=1
Cmd: compileComputeKernel
  api=4 insize=8532076 outsize=201 ok=1
Cmd: compileComputeKernel
  api=4 insize=8532076 outsize=201 ok=1
Cmd: compileComputeKernel
  api=4 insize=8532076 outsize=201 ok=1
Cmd: compileComputeKernel
  api=4 insize=8532076 outsize=201 ok=1
Cmd: compileComputeKernel
  api=4 insize=8532076 outsize=201 ok=1
Cmd: compileComputeKernel
  api=4 insize=8532076 outsize=201 ok=1
Cmd: compileComputeKernel
  api=4 insize=8532076 outsize=201 ok=1
Cmd: compileComputeKernel
  api=4 insize=8532076 outsize=201 ok=1
Cmd: compileComputeKernel
  api=4 insize=8532076 outsize=201 ok=1
Cmd: compileComputeKernel
  api=4 insize=8532076 outsize=201 ok=1
Cmd: compileComputeKernel
  api=4 insize=8532076 outsize=201 ok=1
Cmd: compileComputeKernel
  api=4 insize=8532076 outsize=6541 ok=1
Cmd: compileComputeKernel
  api=4 insize=8532076 outsize=17781 ok=1
Cmd: compileComputeKernel
  api=4 insize=8532076 outsize=17237 ok=1
Cmd: compileComputeKernel
  api=4 insize=8532076 outsize=201 ok=1
Cmd: compileComputeKernel
  api=4 insize=8532076 outsize=201 ok=1
Cmd: compileComputeKernel
  api=4 insize=8532076 outsize=8501 ok=1
Cmd: compileComputeKernel
  api=4 insize=8532076 outsize=201 ok=1
Cmd: compileComputeKernel
  api=4 insize=8532076 outsize=20785 ok=1
Cmd: compileComputeKernel
  api=4 insize=8532076 outsize=23197 ok=1
Cmd: compileComputeKernel
  api=4 insize=8532076 outsize=201 ok=1
Cmd: compileComputeKernel
  api=4 insize=8532076 outsize=201 ok=1
Cmd: compileComputeKernel
  api=4 insize=8532076 outsize=201 ok=1
Cmd: compileComputeKernel
  api=4 insize=8532076 outsize=201 ok=1
Cmd: compileComputeKernel
  api=4 insize=8532076 outsize=201 ok=1
Cmd: compileComputeKernel
  api=4 insize=8532076 outsize=201 ok=1
Cmd: compileComputeKernel
  api=4 insize=8532076 outsize=201 ok=1
Cmd: compileComputeKernel
  api=4 insize=8532076 outsize=201 ok=1
Cmd: compileComputeKernel
  api=4 insize=8532076 outsize=201 ok=1
Cmd: compileComputeKernel
  api=4 insize=8532076 outsize=201 ok=1
Cmd: compileComputeKernel
  api=4 insize=8532076 outsize=201 ok=1
Cmd: compileComputeKernel
  api=4 insize=8532076 outsize=201 ok=1
Cmd: compileComputeKernel
  api=4 insize=8532076 outsize=201 ok=1
Cmd: compileComputeKernel
  api=4 insize=8532076 outsize=201 ok=1
Cmd: compileComputeKernel
  api=4 insize=8532076 outsize=201 ok=1
Cmd: compileComputeKernel
  api=4 insize=8532076 outsize=201 ok=1
Cmd: compileComputeKernel
  api=4 insize=8532076 outsize=201 ok=1
Cmd: compileComputeKernel
  api=4 insize=8532076 outsize=201 ok=1
Cmd: compileComputeKernel
  api=4 insize=8532076 outsize=201 ok=1
Cmd: compileComputeKernel
  api=4 insize=8532076 outsize=201 ok=1
Cmd: compileComputeKernel
  api=4 insize=8532076 outsize=201 ok=1
Cmd: compileComputeKernel
  api=4 insize=8532076 outsize=201 ok=1
Cmd: compileComputeKernel
  api=4 insize=8532076 outsize=201 ok=1
Cmd: compileComputeKernel
  api=4 insize=8532076 outsize=201 ok=1
Cmd: compileComputeKernel
  api=4 insize=8532076 outsize=201 ok=1
Cmd: compileComputeKernel
  api=4 insize=8532076 outsize=201 ok=1
Cmd: compileComputeKernel
  api=4 insize=8532076 outsize=201 ok=1
Cmd: compileComputeKernel
  api=4 insize=8532076 outsize=201 ok=1
Cmd: compileComputeKernel
  api=4 insize=8532076 outsize=201 ok=1
Cmd: compileComputeKernel
  api=4 insize=8532076 outsize=201 ok=1
Cmd: compileComputeKernel
  api=4 insize=8532076 outsize=201 ok=1
Cmd: compileComputeKernel
  api=4 insize=8532076 outsize=201 ok=1
Cmd: compileComputeKernel
  api=4 insize=8532076 outsize=201 ok=1
Cmd: compileComputeKernel
  api=4 insize=8532076 outsize=201 ok=1
Cmd: compileComputeKernel
  api=4 insize=8532076 outsize=201 ok=1
Cmd: compileComputeKernel
  api=4 insize=8532076 outsize=201 ok=1
Cmd: compileComputeKernel
  api=4 insize=8532076 outsize=201 ok=1
Cmd: compileComputeKernel
  api=4 insize=8532076 outsize=201 ok=1
Cmd: compileComputeKernel
  api=4 insize=8532076 outsize=201 ok=1
Cmd: compileComputeKernel
  api=4 insize=8532076 outsize=201 ok=1
Cmd: compileComputeKernel
  api=4 insize=8532076 outsize=201 ok=1
Cmd: compileComputeKernel
  api=4 insize=8532076 outsize=201 ok=1
Cmd: compileComputeKernel
  api=4 insize=8532076 outsize=201 ok=1
Cmd: compileComputeKernel
  api=4 insize=8532076 outsize=201 ok=1
Cmd: compileComputeKernel
  api=4 insize=8532076 outsize=201 ok=1
Cmd: compileComputeKernel
  api=4 insize=8532076 outsize=201 ok=1
Cmd: compileComputeKernel
  api=4 insize=8532076 outsize=6585 ok=1
Cmd: compileComputeKernel
  api=4 insize=8532076 outsize=15809 ok=1
Cmd: compileComputeKernel
  api=4 insize=8532076 outsize=201 ok=1
Cmd: compileComputeKernel
  api=4 insize=8532076 outsize=18317 ok=1
Cmd: compileComputeKernel
  api=4 insize=8532076 outsize=19585 ok=1
Cmd: compileComputeKernel
  api=4 insize=8532076 outsize=201 ok=1
Cmd: compileComputeKernel
  api=4 insize=8532076 outsize=201 ok=1
Cmd: compileComputeKernel
  api=4 insize=8532076 outsize=201 ok=1
Cmd: compileComputeKernel
  api=4 insize=8532076 outsize=201 ok=1
Cmd: compileComputeKernel
  api=4 insize=8532076 outsize=201 ok=1
Cmd: compileComputeKernel
  api=4 insize=8532076 outsize=201 ok=1
Cmd: compileComputeKernel
  api=4 insize=8532076 outsize=201 ok=1
Cmd: compileComputeKernel
  api=4 insize=8532076 outsize=8941 ok=1
Cmd: compileComputeKernel
  api=4 insize=8532076 outsize=17033 ok=1
Cmd: compileComputeKernel
  api=4 insize=8532076 outsize=201 ok=1
Cmd: compileComputeKernel
  api=4 insize=8532076 outsize=201 ok=1
Cmd: compileComputeKernel
  api=4 insize=8532076 outsize=201 ok=1
Cmd: compileComputeKernel
  api=4 insize=8532076 outsize=201 ok=1
Cmd: compileComputeKernel
  api=4 insize=8532076 outsize=201 ok=1
Cmd: compileComputeKernel
  api=4 insize=8532076 outsize=201 ok=1
Cmd: compileComputeKernel
  api=4 insize=8532076 outsize=201 ok=1
Cmd: compileComputeKernel
  api=4 insize=8532076 outsize=201 ok=1
Cmd: compileComputeKernel
  api=4 insize=8532076 outsize=201 ok=1
Cmd: compileComputeKernel
  api=4 insize=8532076 outsize=7301 ok=1
Cmd: compileComputeKernel
  api=4 insize=8532076 outsize=201 ok=1
Cmd: compileComputeKernel
  api=4 insize=8532076 outsize=201 ok=1
Cmd: compileComputeKernel
  api=4 insize=8532076 outsize=201 ok=1
Cmd: compileComputeKernel
  api=4 insize=8532076 outsize=14253 ok=1
Cmd: compileComputeKernel
  api=4 insize=8532076 outsize=201 ok=1
Cmd: compileComputeKernel
  api=4 insize=8532076 outsize=201 ok=1
Cmd: compileComputeKernel
  api=4 insize=8532076 outsize=201 ok=1
Cmd: compileComputeKernel
  api=4 insize=8532076 outsize=201 ok=1
Cmd: compileComputeKernel
  api=4 insize=8532076 outsize=201 ok=1
Cmd: compileComputeKernel
  api=4 insize=8532076 outsize=201 ok=1
Cmd: compileComputeKernel
  api=4 insize=8532076 outsize=201 ok=1
Cmd: compileComputeKernel
  api=4 insize=8532076 outsize=5029 ok=1
Cmd: compileComputeKernel
  api=4 insize=8532076 outsize=201 ok=1
Cmd: compileComputeKernel
  api=4 insize=8532076 outsize=201 ok=1
Cmd: compileComputeKernel
  api=4 insize=8532076 outsize=20517 ok=1
Cmd: compileComputeKernel
  api=4 insize=8532076 outsize=23025 ok=1
Cmd: compileComputeKernel
  api=4 insize=8532076 outsize=11685 ok=1
Cmd: compileComputeKernel
  api=4 insize=8532076 outsize=11105 ok=1
Cmd: compileComputeKernel
  api=4 insize=8532076 outsize=201 ok=1
Cmd: compileComputeKernel
  api=4 insize=8532076 outsize=201 ok=1
Cmd: compileComputeKernel
  api=4 insize=8532076 outsize=201 ok=1
Cmd: compileComputeKernel
  api=4 insize=8532076 outsize=201 ok=1
Cmd: compileComputeKernel
  api=4 insize=8532076 outsize=201 ok=1
Cmd: compileComputeKernel
  api=4 insize=8532076 outsize=201 ok=1
Cmd: compileComputeKernel
  api=4 insize=8532076 outsize=201 ok=1
Cmd: compileComputeKernel
  api=4 insize=8532076 outsize=201 ok=1
Cmd: compileComputeKernel
  api=4 insize=8532076 outsize=201 ok=1
Cmd: compileComputeKernel
  api=4 insize=8532076 outsize=201 ok=1
Cmd: compileComputeKernel
  api=4 insize=8532076 outsize=9937 ok=1
Cmd: compileComputeKernel
  api=4 insize=8532076 outsize=201 ok=1
Cmd: compileComputeKernel
  api=4 insize=8532076 outsize=22125 ok=1
Cmd: compileComputeKernel
  api=4 insize=8532076 outsize=24825 ok=1
Cmd: compileComputeKernel
  api=4 insize=8532076 outsize=201 ok=1
Cmd: compileComputeKernel
  api=4 insize=8532076 outsize=201 ok=1
Cmd: compileComputeKernel
  api=4 insize=8532076 outsize=201 ok=1
Cmd: compileComputeKernel
  api=4 insize=8532076 outsize=201 ok=1
Cmd: compileComputeKernel
  api=4 insize=8532076 outsize=201 ok=1
Cmd: compileComputeKernel
  api=4 insize=8532076 outsize=201 ok=1
Cmd: compileComputeKernel
  api=4 insize=8532076 outsize=201 ok=1
Cmd: compileComputeKernel
  api=4 insize=8532076 outsize=201 ok=1
Cmd: compileComputeKernel
  api=4 insize=8532076 outsize=201 ok=1
Cmd: compileComputeKernel
  api=4 insize=8532076 outsize=201 ok=1
Cmd: compileComputeKernel
  api=4 insize=8532076 outsize=201 ok=1
Cmd: compileComputeKernel
  api=4 insize=8532076 outsize=201 ok=1
Cmd: compileComputeKernel
  api=4 insize=8532076 outsize=201 ok=1
Cmd: compileComputeKernel
  api=4 insize=8532076 outsize=201 ok=1
Cmd: compileComputeKernel
  api=4 insize=8532076 outsize=201 ok=1
Cmd: compileComputeKernel
  api=4 insize=8532076 outsize=201 ok=1
Cmd: compileComputeKernel
  api=4 insize=8532076 outsize=7493 ok=1
Cmd: compileComputeKernel
  api=4 insize=8532076 outsize=201 ok=1
Cmd: compileComputeKernel
  api=4 insize=8532076 outsize=19681 ok=1
Cmd: compileComputeKernel
  api=4 insize=8532076 outsize=201 ok=1
Cmd: compileComputeKernel
  api=4 insize=8532076 outsize=201 ok=1
Cmd: compileComputeKernel
  api=4 insize=8532076 outsize=201 ok=1
Cmd: compileComputeKernel
  api=4 insize=8532076 outsize=201 ok=1
Cmd: compileComputeKernel
  api=4 insize=8532076 outsize=201 ok=1
Cmd: compileComputeKernel
  api=4 insize=8532076 outsize=201 ok=1
Cmd: compileComputeKernel
  api=4 insize=8532076 outsize=201 ok=1
Cmd: compileComputeKernel
  api=4 insize=8532076 outsize=201 ok=1
Cmd: compileComputeKernel
  api=4 insize=8532076 outsize=10497 ok=1
Cmd: compileComputeKernel
  api=4 insize=8532076 outsize=19541 ok=1
Cmd: compileComputeKernel
  api=4 insize=8532076 outsize=201 ok=1
Cmd: compileComputeKernel
  api=4 insize=8532076 outsize=201 ok=1
Cmd: compileComputeKernel
  api=4 insize=8532076 outsize=25001 ok=1
Cmd: compileComputeKernel
  api=4 insize=8532076 outsize=201 ok=1
Cmd: compileComputeKernel
  api=4 insize=8532076 outsize=201 ok=1
Cmd: compileComputeKernel
  api=4 insize=8532076 outsize=201 ok=1
Cmd: compileComputeKernel
  api=4 insize=8532076 outsize=201 ok=1
Cmd: compileComputeKernel
  api=4 insize=8532076 outsize=201 ok=1
Cmd: compileComputeKernel
  api=4 insize=8532076 outsize=201 ok=1
Cmd: compileComputeKernel
  api=4 insize=8532076 outsize=201 ok=1
Cmd: compileComputeKernel
  api=4 insize=8532076 outsize=201 ok=1
Cmd: compileComputeKernel
  api=4 insize=8532076 outsize=201 ok=1
Cmd: compileComputeKernel
  api=4 insize=8532076 outsize=201 ok=1
Cmd: compileComputeKernel
  api=4 insize=8532076 outsize=201 ok=1
Cmd: compileComputeKernel
  api=4 insize=8532076 outsize=201 ok=1
Cmd: compileComputeKernel
  api=4 insize=8532076 outsize=201 ok=1
Cmd: compileComputeKernel
  api=4 insize=8532076 outsize=201 ok=1
Cmd: compileComputeKernel
  api=4 insize=8532076 outsize=201 ok=1
Cmd: compileComputeKernel
  api=4 insize=8532076 outsize=201 ok=1
Cmd: compileComputeKernel
  api=4 insize=8532076 outsize=201 ok=1
Cmd: compileComputeKernel
  api=4 insize=8532076 outsize=201 ok=1
Cmd: compileComputeKernel
  api=4 insize=8532076 outsize=201 ok=1
Cmd: compileComputeKernel
  api=4 insize=8532076 outsize=201 ok=1
Cmd: compileComputeKernel
  api=4 insize=8532076 outsize=201 ok=1
Cmd: compileComputeKernel
  api=4 insize=8532076 outsize=201 ok=1
Cmd: compileComputeKernel
  api=4 insize=8532076 outsize=201 ok=1
Cmd: compileComputeKernel
  api=4 insize=8532076 outsize=201 ok=1
Cmd: compileComputeKernel
  api=4 insize=8532076 outsize=201 ok=1
Cmd: compileComputeKernel
  api=4 insize=8532076 outsize=201 ok=1
Cmd: compileComputeKernel
  api=4 insize=8532076 outsize=201 ok=1
Cmd: compileComputeKernel
  api=4 insize=8532076 outsize=201 ok=1
Cmd: compileComputeKernel
  api=4 insize=8532076 outsize=201 ok=1
Cmd: compileComputeKernel
  api=4 insize=8532076 outsize=201 ok=1
Cmd: compileComputeKernel
  api=4 insize=8532076 outsize=201 ok=1
Cmd: compileComputeKernel
  api=4 insize=8532076 outsize=201 ok=1
Cmd: compileComputeKernel
  api=4 insize=8532076 outsize=201 ok=1
Cmd: compileComputeKernel
  api=4 insize=8532076 outsize=201 ok=1
Cmd: compileComputeKernel
  api=4 insize=8532076 outsize=201 ok=1
Cmd: compileComputeKernel
  api=4 insize=8532076 outsize=201 ok=1
Cmd: compileComputeKernel
  api=4 insize=8532076 outsize=201 ok=1
Cmd: compileComputeKernel
  api=4 insize=8532076 outsize=201 ok=1
Cmd: compileComputeKernel
  api=4 insize=8532076 outsize=201 ok=1
Cmd: compileComputeKernel
  api=4 insize=8532076 outsize=201 ok=1
Cmd: compileComputeKernel
  api=4 insize=8532076 outsize=201 ok=1
Cmd: compileComputeKernel
  api=4 insize=8532076 outsize=201 ok=1
Cmd: compileComputeKernel
  api=4 insize=8532076 outsize=201 ok=1
Cmd: compileComputeKernel
  api=4 insize=8532076 outsize=201 ok=1
Cmd: compileComputeKernel
  api=4 insize=8532076 outsize=201 ok=1
Cmd: compileComputeKernel
  api=4 insize=8532076 outsize=201 ok=1
Cmd: compileComputeKernel
  api=4 insize=8532076 outsize=201 ok=1
Cmd: compileComputeKernel
  api=4 insize=8532076 outsize=201 ok=1
Cmd: compileComputeKernel
  api=4 insize=8532076 outsize=201 ok=1
Cmd: compileComputeKernel
  api=4 insize=8532076 outsize=201 ok=1
Cmd: compileComputeKernel
  api=4 insize=8532076 outsize=201 ok=1
Cmd: compileComputeKernel
  api=4 insize=8532076 outsize=201 ok=1
Cmd: compileComputeKernel
  api=4 insize=8532076 outsize=201 ok=1
Cmd: compileComputeKernel
  api=4 insize=8532076 outsize=201 ok=1
Cmd: compileComputeKernel
  api=4 insize=8532076 outsize=201 ok=1
Cmd: compileComputeKernel
  api=4 insize=8532076 outsize=201 ok=1
Cmd: compileComputeKernel
  api=4 insize=8532076 outsize=201 ok=1
Cmd: compileComputeKernel
  api=4 insize=8532076 outsize=201 ok=1
Cmd: compileComputeKernel
  api=4 insize=8532076 outsize=201 ok=1
Cmd: compileComputeKernel
  api=4 insize=8532076 outsize=201 ok=1
Cmd: compileComputeKernel
  api=4 insize=8532076 outsize=201 ok=1
Cmd: compileComputeKernel
  api=4 insize=8532076 outsize=201 ok=1
Cmd: compileComputeKernel
  api=4 insize=8532076 outsize=201 ok=1
Cmd: compileComputeKernel
  api=4 insize=8532076 outsize=201 ok=1
Cmd: compileComputeKernel
  api=4 insize=8532076 outsize=201 ok=1
Cmd: compileComputeKernel
  api=4 insize=8532076 outsize=201 ok=1
Cmd: compileComputeKernel
  api=4 insize=8532076 outsize=201 ok=1
Cmd: compileComputeKernel
  api=4 insize=8532076 outsize=201 ok=1
Cmd: compileComputeKernel
  api=4 insize=8532076 outsize=201 ok=1
Cmd: compileComputeKernel
  api=4 insize=8532076 outsize=201 ok=1
Cmd: compileComputeKernel
  api=4 insize=8532076 outsize=201 ok=1
Cmd: compileComputeKernel
  api=4 insize=8532076 outsize=201 ok=1
Cmd: compileComputeKernel
  api=4 insize=8532076 outsize=201 ok=1
Cmd: compileComputeKernel
  api=4 insize=8532076 outsize=201 ok=1
Cmd: compileComputeKernel
  api=4 insize=8532076 outsize=201 ok=1
Cmd: compileComputeKernel
  api=4 insize=8532076 outsize=201 ok=1
Cmd: compileComputeKernel
  api=4 insize=8532076 outsize=201 ok=1
Cmd: compileComputeKernel
  api=4 insize=8532076 outsize=201 ok=1
Cmd: compileComputeKernel
  api=4 insize=8532076 outsize=201 ok=1
Cmd: compileComputeKernel
  api=4 insize=8532076 outsize=201 ok=1
Cmd: compileComputeKernel
  api=4 insize=8532076 outsize=201 ok=1
Cmd: compileComputeKernel
  api=4 insize=8532076 outsize=201 ok=1
Cmd: compileComputeKernel
  api=4 insize=8532076 outsize=201 ok=1
Cmd: compileComputeKernel
  api=4 insize=8532076 outsize=201 ok=1
Cmd: compileComputeKernel
  api=4 insize=8532076 outsize=201 ok=1
Cmd: compileComputeKernel
  api=4 insize=8532076 outsize=201 ok=1
Cmd: compileComputeKernel
  api=4 insize=8532076 outsize=201 ok=1
Cmd: compileComputeKernel
  api=4 insize=8532076 outsize=201 ok=1
Cmd: compileComputeKernel
  api=4 insize=8532076 outsize=201 ok=1
Cmd: compileComputeKernel
  api=4 insize=8532076 outsize=201 ok=1
Cmd: compileComputeKernel
  api=4 insize=8532076 outsize=201 ok=1
Cmd: compileComputeKernel
  api=4 insize=8532076 outsize=201 ok=1
Cmd: compileComputeKernel
  api=4 insize=8532076 outsize=201 ok=1
Cmd: compileComputeKernel
  api=4 insize=8532076 outsize=201 ok=1
Cmd: compileComputeKernel
  api=4 insize=8532076 outsize=201 ok=1
Cmd: compileComputeKernel
  api=4 insize=8532076 outsize=201 ok=1
Cmd: compileComputeKernel
  api=4 insize=8532076 outsize=201 ok=1
Cmd: compileComputeKernel
  api=4 insize=8532076 outsize=201 ok=1
Cmd: compileComputeKernel
  api=4 insize=8532076 outsize=201 ok=1
Cmd: compileComputeKernel
  api=4 insize=8532076 outsize=201 ok=1
Cmd: compileComputeKernel
  api=4 insize=8532076 outsize=201 ok=1
Cmd: compileComputeKernel
  api=4 insize=8532076 outsize=201 ok=1
Cmd: compileComputeKernel
  api=4 insize=8532076 outsize=201 ok=1
Cmd: compileComputeKernel
  api=4 insize=8532076 outsize=201 ok=1
Cmd: compileComputeKernel
  api=4 insize=8532076 outsize=201 ok=1
Cmd: compileComputeKernel
  api=4 insize=8532076 outsize=201 ok=1
Cmd: compileComputeKernel
  api=4 insize=8532076 outsize=201 ok=1
Cmd: compileComputeKernel
  api=4 insize=8532076 outsize=201 ok=1
Cmd: compileComputeKernel
  api=4 insize=8532076 outsize=201 ok=1
Cmd: compileComputeKernel
  api=4 insize=8532076 outsize=201 ok=1
Cmd: compileComputeKernel
  api=4 insize=8532076 outsize=201 ok=1
Cmd: compileComputeKernel
  api=4 insize=8532076 outsize=201 ok=1
Cmd: compileComputeKernel
  api=4 insize=8532076 outsize=201 ok=1
Cmd: compileComputeKernel
  api=4 insize=8532076 outsize=201 ok=1
Cmd: compileComputeKernel
  api=4 insize=8532076 outsize=201 ok=1
Cmd: compileComputeKernel
  api=4 insize=8532076 outsize=201 ok=1
Cmd: compileComputeKernel
  api=4 insize=8532076 outsize=201 ok=1
Cmd: compileComputeKernel
  api=4 insize=8532076 outsize=201 ok=1
Cmd: compileComputeKernel
  api=4 insize=8532076 outsize=201 ok=1
Cmd: compileComputeKernel
  api=4 insize=8532076 outsize=201 ok=1
Cmd: compileComputeKernel
  api=4 insize=8532076 outsize=201 ok=1
Cmd: compileComputeKernel
  api=4 insize=8532076 outsize=201 ok=1
Cmd: compileComputeKernel
  api=4 insize=8532076 outsize=201 ok=1
Cmd: compileComputeKernel
  api=4 insize=8532076 outsize=201 ok=1
Cmd: compileComputeKernel
  api=4 insize=8532076 outsize=201 ok=1
Cmd: compileComputeKernel
  api=4 insize=8532076 outsize=201 ok=1
Cmd: compileComputeKernel
  api=4 insize=8532076 outsize=201 ok=1
Cmd: compileComputeKernel
  api=4 insize=8532076 outsize=201 ok=1
Cmd: compileComputeKernel
  api=4 insize=8532076 outsize=201 ok=1
Cmd: compileComputeKernel
  api=4 insize=8532076 outsize=201 ok=1
Cmd: compileComputeKernel
  api=4 insize=8532076 outsize=201 ok=1
Cmd: compileComputeKernel
  api=4 insize=8532076 outsize=201 ok=1
Cmd: compileComputeKernel
  api=4 insize=8532076 outsize=201 ok=1
Cmd: compileComputeKernel
  api=4 insize=8532076 outsize=201 ok=1
Cmd: compileComputeKernel
  api=4 insize=8532076 outsize=201 ok=1
Cmd: compileComputeKernel
  api=4 insize=8532076 outsize=201 ok=1
Cmd: compileComputeKernel
  api=4 insize=8532076 outsize=201 ok=1
Cmd: compileComputeKernel
  api=4 insize=8532076 outsize=201 ok=1
Cmd: compileComputeKernel
  api=4 insize=8532076 outsize=201 ok=1
Cmd: compileComputeKernel
  api=4 insize=8532076 outsize=201 ok=1
Cmd: compileComputeKernel
  api=4 insize=8532076 outsize=201 ok=1
Cmd: compileComputeKernel
  api=4 insize=8532076 outsize=201 ok=1
Cmd: compileComputeKernel
  api=4 insize=8532076 outsize=201 ok=1
Cmd: compileComputeKernel
  api=4 insize=8532076 outsize=201 ok=1
Cmd: compileComputeKernel
  api=4 insize=8532076 outsize=201 ok=1
Cmd: compileComputeKernel
  api=4 insize=8532076 outsize=201 ok=1
Cmd: compileComputeKernel
  api=4 insize=8532076 outsize=201 ok=1
Cmd: compileComputeKernel
  api=4 insize=8532076 outsize=201 ok=1
Cmd: compileComputeKernel
  api=4 insize=8532076 outsize=201 ok=1
Cmd: compileComputeKernel
  api=4 insize=8532076 outsize=201 ok=1
Cmd: compileComputeKernel
  api=4 insize=8532076 outsize=201 ok=1
Cmd: compileComputeKernel
  api=4 insize=8532076 outsize=201 ok=1
Cmd: compileComputeKernel
  api=4 insize=8532076 outsize=201 ok=1
Cmd: compileComputeKernel
  api=4 insize=8532076 outsize=201 ok=1
Cmd: compileComputeKernel
  api=4 insize=8532076 outsize=201 ok=1
Cmd: compileComputeKernel
  api=4 insize=8532076 outsize=201 ok=1
Cmd: compileComputeKernel
  api=4 insize=8532076 outsize=201 ok=1
Cmd: compileComputeKernel
  api=4 insize=8532076 outsize=201 ok=1
Cmd: compileComputeKernel
  api=4 insize=8532076 outsize=201 ok=1
Cmd: compileComputeKernel
  api=4 insize=8532076 outsize=201 ok=1
Cmd: compileComputeKernel
  api=4 insize=8532076 outsize=201 ok=1
Cmd: compileComputeKernel
  api=4 insize=8532076 outsize=201 ok=1
Cmd: compileComputeKernel
  api=4 insize=8532076 outsize=201 ok=1
Cmd: compileComputeKernel
  api=4 insize=8532076 outsize=201 ok=1
Cmd: compileComputeKernel
  api=4 insize=8532076 outsize=201 ok=1
Cmd: compileComputeKernel
  api=4 insize=8532076 outsize=201 ok=1
Cmd: compileComputeKernel
  api=4 insize=8532076 outsize=201 ok=1
Cmd: compileComputeKernel
  api=4 insize=8532076 outsize=201 ok=1
Cmd: compileComputeKernel
  api=4 insize=8532076 outsize=201 ok=1
Cmd: compileComputeKernel
  api=4 insize=8532076 outsize=201 ok=1
Cmd: compileComputeKernel
  api=4 insize=8532076 outsize=201 ok=1
Cmd: compileComputeKernel
  api=4 insize=8532076 outsize=201 ok=1
Cmd: compileComputeKernel
  api=4 insize=8532076 outsize=201 ok=1
Cmd: compileComputeKernel
  api=4 insize=8532076 outsize=201 ok=1
Cmd: compileComputeKernel
  api=4 insize=8532076 outsize=201 ok=1
Cmd: compileComputeKernel
  api=4 insize=8532076 outsize=201 ok=1
Cmd: compileComputeKernel
  api=4 insize=8532076 outsize=201 ok=1
Cmd: compileComputeKernel
  api=4 insize=8532076 outsize=201 ok=1
Cmd: compileComputeKernel
  api=4 insize=8532076 outsize=4445 ok=1
Cmd: compileComputeKernel
  api=4 insize=8532076 outsize=201 ok=1
Cmd: compileComputeKernel
  api=4 insize=8532076 outsize=201 ok=1
Cmd: compileComputeKernel
  api=4 insize=8532076 outsize=19809 ok=1
Cmd: compileComputeKernel
  api=4 insize=8532076 outsize=5161 ok=1
Cmd: compileComputeKernel
  api=4 insize=8532076 outsize=9217 ok=1
Cmd: compileComputeKernel
  api=4 insize=8532076 outsize=201 ok=1
Cmd: compileComputeKernel
  api=4 insize=8532076 outsize=201 ok=1
Cmd: compileComputeKernel
  api=4 insize=8532076 outsize=20533 ok=1
Cmd: compileComputeKernel
  api=4 insize=8532076 outsize=201 ok=1
Cmd: compileComputeKernel
  api=4 insize=8532076 outsize=201 ok=1
Cmd: compileComputeKernel
  api=4 insize=8532076 outsize=201 ok=1
Cmd: compileComputeKernel
  api=4 insize=8532076 outsize=201 ok=1
Cmd: compileComputeKernel
  api=4 insize=8532076 outsize=201 ok=1
Cmd: compileComputeKernel
  api=4 insize=8532076 outsize=201 ok=1
Cmd: compileComputeKernel
  api=4 insize=8532076 outsize=201 ok=1
Cmd: compileComputeKernel
  api=4 insize=8532076 outsize=8749 ok=1
Cmd: compileComputeKernel
  api=4 insize=8532076 outsize=201 ok=1
Cmd: compileComputeKernel
  api=4 insize=8532076 outsize=21033 ok=1
Cmd: compileComputeKernel
  api=4 insize=8532076 outsize=20489 ok=1
Cmd: compileComputeKernel
  api=4 insize=8532076 outsize=201 ok=1
Cmd: compileComputeKernel
  api=4 insize=8532076 outsize=201 ok=1
Cmd: compileComputeKernel
  api=4 insize=8532076 outsize=9217 ok=1
Cmd: compileComputeKernel
  api=4 insize=8532076 outsize=20437 ok=1
Cmd: compileComputeKernel
  api=4 insize=8532076 outsize=201 ok=1
Cmd: compileComputeKernel
  api=4 insize=8532076 outsize=201 ok=1
Cmd: compileComputeKernel
  api=4 insize=8532076 outsize=201 ok=1
Cmd: compileComputeKernel
  api=4 insize=8532076 outsize=201 ok=1
Cmd: compileComputeKernel
  api=4 insize=8532076 outsize=201 ok=1
Cmd: compileComputeKernel
  api=4 insize=8532076 outsize=201 ok=1
Cmd: compileComputeKernel
  api=4 insize=8532076 outsize=201 ok=1
Cmd: compileComputeKernel
  api=4 insize=8532076 outsize=6093 ok=1
Cmd: compileComputeKernel
  api=4 insize=8532076 outsize=201 ok=1
Cmd: compileComputeKernel
  api=4 insize=8532076 outsize=18433 ok=1
Cmd: compileComputeKernel
  api=4 insize=8532076 outsize=201 ok=1
Cmd: compileComputeKernel
  api=4 insize=8532076 outsize=23877 ok=1
Cmd: compileComputeKernel
  api=4 insize=8532076 outsize=9217 ok=1
Cmd: compileComputeKernel
  api=4 insize=8532076 outsize=20437 ok=1
Cmd: compileComputeKernel
  api=4 insize=8532076 outsize=19797 ok=1
Cmd: compileComputeKernel
  api=4 insize=8532076 outsize=201 ok=1
Cmd: compileComputeKernel
  api=4 insize=8532076 outsize=11853 ok=1
Cmd: compileComputeKernel
  api=4 insize=8532076 outsize=23169 ok=1
Cmd: compileComputeKernel
  api=4 insize=8532076 outsize=201 ok=1
Cmd: compileComputeKernel
  api=4 insize=8532076 outsize=201 ok=1
Cmd: compileComputeKernel
  api=4 insize=8532076 outsize=201 ok=1
Cmd: compileComputeKernel
  api=4 insize=8532076 outsize=201 ok=1
Cmd: compileComputeKernel
  api=4 insize=8532076 outsize=201 ok=1
Cmd: compileComputeKernel
  api=4 insize=8532076 outsize=201 ok=1
Cmd: compileComputeKernel
  api=4 insize=8532076 outsize=201 ok=1
Cmd: compileComputeKernel
  api=4 insize=8532076 outsize=201 ok=1
Cmd: compileComputeKernel
  api=4 insize=8532076 outsize=201 ok=1
Cmd: compileComputeKernel
  api=4 insize=8532076 outsize=201 ok=1
Cmd: compileComputeKernel
  api=4 insize=8532076 outsize=201 ok=1
Cmd: compileComputeKernel
  api=4 insize=8532076 outsize=201 ok=1
Cmd: compileComputeKernel
  api=4 insize=8532076 outsize=201 ok=1
Cmd: compileComputeKernel
  api=4 insize=8532076 outsize=201 ok=1
Cmd: compileComputeKernel
  api=4 insize=8532076 outsize=201 ok=1
Cmd: compileComputeKernel
  api=4 insize=8532076 outsize=201 ok=1
Cmd: compileComputeKernel
  api=4 insize=8532076 outsize=201 ok=1
Cmd: compileComputeKernel
  api=4 insize=8532076 outsize=201 ok=1
Cmd: compileComputeKernel
  api=4 insize=8532076 outsize=201 ok=1
Cmd: compileComputeKernel
  api=4 insize=8532076 outsize=201 ok=1
Cmd: compileComputeKernel
  api=4 insize=8532076 outsize=201 ok=1
Cmd: compileComputeKernel
  api=4 insize=8532076 outsize=201 ok=1
Cmd: compileComputeKernel
  api=4 insize=8532076 outsize=201 ok=1
Cmd: compileComputeKernel
  api=4 insize=8532076 outsize=201 ok=1
Cmd: compileComputeKernel
  api=4 insize=8532076 outsize=5161 ok=1
Cmd: compileComputeKernel
  api=4 insize=8532076 outsize=201 ok=1
Cmd: compileComputeKernel
  api=4 insize=8532076 outsize=17213 ok=1
Cmd: compileComputeKernel
  api=4 insize=8532076 outsize=201 ok=1
Cmd: compileComputeKernel
  api=4 insize=8532076 outsize=19797 ok=1
Cmd: compileComputeKernel
  api=4 insize=8532076 outsize=201 ok=1
Cmd: compileComputeKernel
  api=4 insize=8532076 outsize=201 ok=1
Cmd: compileComputeKernel
  api=4 insize=8532076 outsize=11157 ok=1
Cmd: compileComputeKernel
  api=4 insize=8532076 outsize=201 ok=1
Cmd: compileComputeKernel
  api=4 insize=8532076 outsize=201 ok=1
Cmd: compileComputeKernel
  api=4 insize=8532076 outsize=201 ok=1
Cmd: compileComputeKernel
  api=4 insize=8532076 outsize=18109 ok=1
Cmd: compileComputeKernel
  api=4 insize=8532076 outsize=201 ok=1
Cmd: compileComputeKernel
  api=4 insize=8532076 outsize=201 ok=1
Cmd: compileComputeKernel
  api=4 insize=8532076 outsize=201 ok=1
Cmd: compileComputeKernel
  api=4 insize=8532076 outsize=201 ok=1
Cmd: compileComputeKernel
  api=4 insize=8532076 outsize=201 ok=1
Cmd: compileComputeKernel
  api=4 insize=8532076 outsize=201 ok=1
Cmd: compileComputeKernel
  api=4 insize=8532076 outsize=201 ok=1
Cmd: compileComputeKernel
  api=4 insize=8532076 outsize=201 ok=1
Cmd: compileComputeKernel
  api=4 insize=8532076 outsize=201 ok=1
Cmd: compileComputeKernel
  api=4 insize=8532076 outsize=201 ok=1
Cmd: compileComputeKernel
  api=4 insize=8532076 outsize=201 ok=1
Cmd: compileComputeKernel
  api=4 insize=8532076 outsize=201 ok=1
Cmd: compileComputeKernel
  api=4 insize=8532076 outsize=201 ok=1
Cmd: compileComputeKernel
  api=4 insize=8532076 outsize=201 ok=1
Cmd: compileComputeKernel
  api=4 insize=8532076 outsize=201 ok=1
Cmd: compileComputeKernel
  api=4 insize=8532076 outsize=201 ok=1
Cmd: compileComputeKernel
  api=4 insize=8532076 outsize=201 ok=1
Cmd: compileComputeKernel
  api=4 insize=8532076 outsize=201 ok=1
Cmd: compileComputeKernel
  api=4 insize=8532076 outsize=201 ok=1
Cmd: compileComputeKernel
  api=4 insize=8532076 outsize=201 ok=1
Cmd: compileComputeKernel
  api=4 insize=8532076 outsize=201 ok=1
Cmd: compileComputeKernel
  api=4 insize=8532076 outsize=201 ok=1
Cmd: compileComputeKernel
  api=4 insize=8532076 outsize=201 ok=1
Cmd: compileComputeKernel
  api=4 insize=8532076 outsize=201 ok=1
Cmd: compileComputeKernel
  api=4 insize=8532076 outsize=201 ok=1
Cmd: compileComputeKernel
  api=4 insize=8532076 outsize=201 ok=1
Cmd: compileComputeKernel
  api=4 insize=8532076 outsize=201 ok=1
Cmd: compileComputeKernel
  api=4 insize=8532076 outsize=201 ok=1
Cmd: compileComputeKernel
  api=4 insize=8532076 outsize=201 ok=1
Cmd: compileComputeKernel
  api=4 insize=8532076 outsize=201 ok=1
Cmd: compileComputeKernel
  api=4 insize=8532076 outsize=201 ok=1
Cmd: compileComputeKernel
  api=4 insize=8532076 outsize=201 ok=1
Cmd: compileComputeKernel
  api=4 insize=8532076 outsize=201 ok=1
Cmd: compileComputeKernel
  api=4 insize=8532076 outsize=201 ok=1
Cmd: compileComputeKernel
  api=4 insize=8532076 outsize=201 ok=1
Cmd: compileComputeKernel
  api=4 insize=8532076 outsize=201 ok=1
Cmd: compileComputeKernel
  api=4 insize=8532076 outsize=201 ok=1
Cmd: compileComputeKernel
  api=4 insize=8532076 outsize=201 ok=1
Cmd: compileComputeKernel
  api=4 insize=8532076 outsize=201 ok=1
Cmd: compileComputeKernel
  api=4 insize=8532076 outsize=201 ok=1
Cmd: compileComputeKernel
  api=4 insize=8532076 outsize=201 ok=1
Cmd: compileComputeKernel
  api=4 insize=8532076 outsize=201 ok=1
Cmd: compileComputeKernel
  api=4 insize=8532076 outsize=201 ok=1
Cmd: compileComputeKernel
  api=4 insize=8532076 outsize=201 ok=1
Cmd: compileComputeKernel
  api=4 insize=8532076 outsize=201 ok=1
Cmd: compileComputeKernel
  api=4 insize=8532076 outsize=201 ok=1
Cmd: compileComputeKernel
  api=4 insize=8532076 outsize=201 ok=1
Cmd: compileComputeKernel
  api=4 insize=8532076 outsize=201 ok=1
Cmd: compileComputeKernel
  api=4 insize=8532076 outsize=201 ok=1
Cmd: compileComputeKernel
  api=4 insize=8532076 outsize=201 ok=1
Cmd: compileComputeKernel
  api=4 insize=8532076 outsize=201 ok=1
Cmd: compileComputeKernel
  api=4 insize=8532076 outsize=201 ok=1
Cmd: compileComputeKernel
  api=4 insize=8532076 outsize=201 ok=1
Cmd: compileComputeKernel
  api=4 insize=8532076 outsize=2817 ok=1
Cmd: compileComputeKernel
  api=4 insize=8532076 outsize=201 ok=1
Cmd: compileComputeKernel
  api=4 insize=8532076 outsize=15149 ok=1
Cmd: compileComputeKernel
  api=4 insize=8532076 outsize=201 ok=1
Cmd: compileComputeKernel
  api=4 insize=8532076 outsize=20709 ok=1
Cmd: compileComputeKernel
  api=4 insize=8532076 outsize=10349 ok=1
Cmd: compileComputeKernel
  api=4 insize=8532076 outsize=201 ok=1
Cmd: compileComputeKernel
  api=4 insize=8532076 outsize=18381 ok=1
Cmd: compileComputeKernel
  api=4 insize=8532076 outsize=201 ok=1
Cmd: compileComputeKernel
  api=4 insize=8532076 outsize=3937 ok=1
Cmd: compileComputeKernel
  api=4 insize=8532076 outsize=11525 ok=1
Cmd: compileComputeKernel
  api=4 insize=8532076 outsize=14285 ok=1
Cmd: compileComputeKernel
  api=4 insize=8532076 outsize=201 ok=1
Cmd: compileComputeKernel
  api=4 insize=8532076 outsize=201 ok=1
Cmd: compileComputeKernel
  api=4 insize=8532076 outsize=201 ok=1
Cmd: compileComputeKernel
  api=4 insize=8532076 outsize=201 ok=1
Cmd: compileComputeKernel
  api=4 insize=8532076 outsize=201 ok=1
Cmd: compileComputeKernel
  api=4 insize=8532076 outsize=201 ok=1
Cmd: compileComputeKernel
  api=4 insize=8532076 outsize=201 ok=1
Cmd: compileComputeKernel
  api=4 insize=8532076 outsize=3533 ok=1
Cmd: compileComputeKernel
  api=4 insize=8532076 outsize=201 ok=1
Cmd: compileComputeKernel
  api=4 insize=8532076 outsize=15681 ok=1
Cmd: compileComputeKernel
  api=4 insize=8532076 outsize=201 ok=1
Cmd: compileComputeKernel
  api=4 insize=8532076 outsize=18189 ok=1
Cmd: compileComputeKernel
  api=4 insize=8532076 outsize=201 ok=1
Cmd: compileComputeKernel
  api=4 insize=8532076 outsize=201 ok=1
Cmd: compileComputeKernel
  api=4 insize=8532076 outsize=11669 ok=1
Cmd: compileComputeKernel
  api=4 insize=8532076 outsize=201 ok=1
Cmd: compileComputeKernel
  api=4 insize=8532076 outsize=14429 ok=1
Cmd: compileComputeKernel
  api=4 insize=8532076 outsize=22461 ok=1
Cmd: compileComputeKernel
  api=4 insize=8532076 outsize=7589 ok=1
Cmd: compileComputeKernel
  api=4 insize=8532076 outsize=18829 ok=1
Cmd: compileComputeKernel
  api=4 insize=8532076 outsize=21529 ok=1
Cmd: compileComputeKernel
  api=4 insize=8532076 outsize=10417 ok=1
Cmd: compileComputeKernel
  api=4 insize=8532076 outsize=201 ok=1
Cmd: compileComputeKernel
  api=4 insize=8532076 outsize=13177 ok=1
Cmd: compileComputeKernel
  api=4 insize=8532076 outsize=201 ok=1
Cmd: compileComputeKernel
  api=4 insize=8532076 outsize=201 ok=1
Cmd: compileComputeKernel
  api=4 insize=8532076 outsize=201 ok=1
Cmd: compileComputeKernel
  api=4 insize=8532076 outsize=201 ok=1
Cmd: compileComputeKernel
  api=4 insize=8532076 outsize=201 ok=1
Cmd: compileComputeKernel
  api=4 insize=8532076 outsize=201 ok=1
Cmd: compileComputeKernel
  api=4 insize=8532076 outsize=201 ok=1
Cmd: compileComputeKernel
  api=4 insize=8532076 outsize=201 ok=1
Cmd: compileComputeKernel
  api=4 insize=8532076 outsize=201 ok=1
Cmd: compileComputeKernel
  api=4 insize=8532076 outsize=201 ok=1
Cmd: compileComputeKernel
  api=4 insize=8532076 outsize=201 ok=1
Cmd: compileComputeKernel
  api=4 insize=8532076 outsize=201 ok=1
Cmd: compileComputeKernel
  api=4 insize=8532076 outsize=201 ok=1
Cmd: compileComputeKernel
  api=4 insize=8532076 outsize=201 ok=1
Cmd: compileComputeKernel
  api=4 insize=8532076 outsize=201 ok=1
Cmd: compileComputeKernel
  api=4 insize=8532076 outsize=201 ok=1
Cmd: compileComputeKernel
  api=4 insize=8532076 outsize=201 ok=1
Cmd: compileComputeKernel
  api=4 insize=8532076 outsize=201 ok=1
Cmd: compileComputeKernel
  api=4 insize=8532076 outsize=201 ok=1
Cmd: compileComputeKernel
  api=4 insize=8532076 outsize=201 ok=1
Cmd: compileComputeKernel
  api=4 insize=8532076 outsize=201 ok=1
Cmd: compileComputeKernel
  api=4 insize=8532076 outsize=201 ok=1
Cmd: compileComputeKernel
  api=4 insize=8532076 outsize=201 ok=1
Cmd: compileComputeKernel
  api=4 insize=8532076 outsize=201 ok=1
Cmd: compileComputeKernel
  api=4 insize=8532076 outsize=201 ok=1
Cmd: compileComputeKernel
  api=4 insize=8532076 outsize=3533 ok=1
Cmd: compileComputeKernel
  api=4 insize=8532076 outsize=201 ok=1
Cmd: compileComputeKernel
  api=4 insize=8532076 outsize=15681 ok=1
Cmd: compileComputeKernel
  api=4 insize=8532076 outsize=201 ok=1
Cmd: compileComputeKernel
  api=4 insize=8532076 outsize=18189 ok=1
Cmd: compileComputeKernel
  api=4 insize=8532076 outsize=201 ok=1
Cmd: compileComputeKernel
  api=4 insize=8532076 outsize=201 ok=1
Cmd: compileComputeKernel
  api=4 insize=8532076 outsize=10597 ok=1
Cmd: compileComputeKernel
  api=4 insize=8532076 outsize=201 ok=1
Cmd: compileComputeKernel
  api=4 insize=8532076 outsize=13357 ok=1
Cmd: compileComputeKernel
  api=4 insize=8532076 outsize=201 ok=1
Cmd: compileComputeKernel
  api=4 insize=8532076 outsize=24245 ok=1
Cmd: compileComputeKernel
  api=4 insize=8532076 outsize=201 ok=1
Cmd: compileComputeKernel
  api=4 insize=8532076 outsize=201 ok=1
Cmd: compileComputeKernel
  api=4 insize=8532076 outsize=201 ok=1
Cmd: compileComputeKernel
  api=4 insize=8532076 outsize=201 ok=1
Cmd: compileComputeKernel
  api=4 insize=8532076 outsize=201 ok=1
Cmd: compileComputeKernel
  api=4 insize=8532076 outsize=201 ok=1
Cmd: compileComputeKernel
  api=4 insize=8532076 outsize=201 ok=1
Cmd: compileComputeKernel
  api=4 insize=8532076 outsize=201 ok=1
Cmd: compileComputeKernel
  api=4 insize=8532076 outsize=201 ok=1
Cmd: compileComputeKernel
  api=4 insize=8532076 outsize=201 ok=1
Cmd: compileComputeKernel
  api=4 insize=8532076 outsize=201 ok=1
Cmd: compileComputeKernel
  api=4 insize=8532076 outsize=201 ok=1
Cmd: compileComputeKernel
  api=4 insize=8532076 outsize=201 ok=1
Cmd: compileComputeKernel
  api=4 insize=8532076 outsize=201 ok=1
Cmd: compileComputeKernel
  api=4 insize=8532076 outsize=201 ok=1
Cmd: compileComputeKernel
  api=4 insize=8532076 outsize=201 ok=1
Cmd: compileComputeKernel
  api=4 insize=8532076 outsize=201 ok=1
Cmd: compileComputeKernel
  api=4 insize=8532076 outsize=201 ok=1
Cmd: compileComputeKernel
  api=4 insize=8532076 outsize=201 ok=1
Cmd: compileComputeKernel
  api=4 insize=8532076 outsize=201 ok=1
Cmd: compileComputeKernel
  api=4 insize=8532076 outsize=201 ok=1
Cmd: compileComputeKernel
  api=4 insize=8532076 outsize=201 ok=1
Cmd: compileComputeKernel
  api=4 insize=8532076 outsize=201 ok=1
Cmd: compileComputeKernel
  api=4 insize=8532076 outsize=201 ok=1
Cmd: compileComputeKernel
  api=4 insize=8532076 outsize=201 ok=1
Cmd: compileComputeKernel
  api=4 insize=8532076 outsize=201 ok=1
Cmd: compileComputeKernel
  api=4 insize=8532076 outsize=201 ok=1
Cmd: compileComputeKernel
  api=4 insize=8532076 outsize=201 ok=1
Cmd: compileComputeKernel
  api=4 insize=8532076 outsize=201 ok=1
Cmd: compileComputeKernel
  api=4 insize=8532076 outsize=201 ok=1
Cmd: compileComputeKernel
  api=4 insize=8532076 outsize=201 ok=1
Cmd: compileComputeKernel
  api=4 insize=8532076 outsize=201 ok=1
Cmd: compileComputeKernel
  api=4 insize=8532076 outsize=201 ok=1
Cmd: compileComputeKernel
  api=4 insize=8532076 outsize=201 ok=1
Cmd: compileComputeKernel
  api=4 insize=8532076 outsize=201 ok=1
Cmd: compileComputeKernel
  api=4 insize=8532076 outsize=201 ok=1
Cmd: compileComputeKernel
  api=4 insize=8532076 outsize=201 ok=1
Cmd: compileComputeKernel
  api=4 insize=8532076 outsize=201 ok=1
Cmd: compileComputeKernel
  api=4 insize=8532076 outsize=201 ok=1
Cmd: compileComputeKernel
  api=4 insize=8532076 outsize=201 ok=1
Cmd: compileComputeKernel
  api=4 insize=8532076 outsize=201 ok=1
Cmd: compileComputeKernel
  api=4 insize=8532076 outsize=201 ok=1
Cmd: compileComputeKernel
  api=4 insize=8532076 outsize=201 ok=1
Cmd: compileComputeKernel
  api=4 insize=8532076 outsize=201 ok=1
Cmd: compileComputeKernel
  api=4 insize=8532076 outsize=201 ok=1
Cmd: compileComputeKernel
  api=4 insize=8532076 outsize=4429 ok=1
Cmd: compileComputeKernel
  api=4 insize=8532076 outsize=201 ok=1
Cmd: compileComputeKernel
  api=4 insize=8532076 outsize=201 ok=1
Cmd: compileComputeKernel
  api=4 insize=8532076 outsize=201 ok=1
Cmd: compileComputeKernel
  api=4 insize=8532076 outsize=201 ok=1
Cmd: compileComputeKernel
  api=4 insize=8532076 outsize=14577 ok=1
Cmd: compileComputeKernel
  api=4 insize=8532076 outsize=8541 ok=1
Cmd: compileComputeKernel
  api=4 insize=8532076 outsize=12733 ok=1
Cmd: compileComputeKernel
  api=4 insize=8532076 outsize=201 ok=1
Cmd: compileComputeKernel
  api=4 insize=8532076 outsize=12345 ok=1
Cmd: compileComputeKernel
  api=4 insize=8532076 outsize=201 ok=1
Cmd: compileComputeKernel
  api=4 insize=8532076 outsize=23333 ok=1
Cmd: compileComputeKernel
  api=4 insize=8532076 outsize=9137 ok=1
Cmd: compileComputeKernel
  api=4 insize=8532076 outsize=201 ok=1
Cmd: compileComputeKernel
  api=4 insize=8532076 outsize=21421 ok=1
Cmd: compileComputeKernel
  api=4 insize=8532076 outsize=201 ok=1
Cmd: compileComputeKernel
  api=4 insize=8532076 outsize=201 ok=1
Cmd: compileComputeKernel
  api=4 insize=8532076 outsize=201 ok=1
Cmd: compileComputeKernel
  api=4 insize=8532076 outsize=201 ok=1
Cmd: compileComputeKernel
  api=4 insize=8532076 outsize=201 ok=1
Cmd: compileComputeKernel
  api=4 insize=8532076 outsize=201 ok=1
Cmd: compileComputeKernel
  api=4 insize=8532076 outsize=201 ok=1
Cmd: compileComputeKernel
  api=4 insize=8532076 outsize=201 ok=1
Cmd: compileComputeKernel
  api=4 insize=8532076 outsize=8541 ok=1
Cmd: compileComputeKernel
  api=4 insize=8532076 outsize=17389 ok=1
Cmd: compileComputeKernel
  api=4 insize=8532076 outsize=201 ok=1
Cmd: compileComputeKernel
  api=4 insize=8532076 outsize=19993 ok=1
Cmd: compileComputeKernel
  api=4 insize=8532076 outsize=201 ok=1
Cmd: compileComputeKernel
  api=4 insize=8532076 outsize=9281 ok=1
Cmd: compileComputeKernel
  api=4 insize=8532076 outsize=201 ok=1
Cmd: compileComputeKernel
  api=4 insize=8532076 outsize=21565 ok=1
Cmd: compileComputeKernel
  api=4 insize=8532076 outsize=21021 ok=1
Cmd: compileComputeKernel
  api=4 insize=8532076 outsize=201 ok=1
Cmd: compileComputeKernel
  api=4 insize=8532076 outsize=12541 ok=1
Cmd: compileComputeKernel
  api=4 insize=8532076 outsize=12153 ok=1
Cmd: compileComputeKernel
  api=4 insize=8532076 outsize=201 ok=1
Cmd: compileComputeKernel
  api=4 insize=8532076 outsize=23141 ok=1
Cmd: compileComputeKernel
  api=4 insize=8532076 outsize=201 ok=1
Cmd: compileComputeKernel
  api=4 insize=8532076 outsize=15177 ok=1
Cmd: compileComputeKernel
  api=4 insize=8532076 outsize=201 ok=1
Cmd: compileComputeKernel
  api=4 insize=8532076 outsize=14981 ok=1
Cmd: compileComputeKernel
  api=4 insize=8532076 outsize=201 ok=1
Cmd: compileComputeKernel
  api=4 insize=8532076 outsize=25873 ok=1
Cmd: compileComputeKernel
  api=4 insize=8532076 outsize=201 ok=1
Cmd: compileComputeKernel
  api=4 insize=8532076 outsize=201 ok=1
Cmd: compileComputeKernel
  api=4 insize=8532076 outsize=201 ok=1
Cmd: compileComputeKernel
  api=4 insize=8532076 outsize=201 ok=1
Cmd: compileComputeKernel
  api=4 insize=8532076 outsize=201 ok=1
Cmd: compileComputeKernel
  api=4 insize=8532076 outsize=201 ok=1
Cmd: compileComputeKernel
  api=4 insize=8532076 outsize=201 ok=1
Cmd: compileComputeKernel
  api=4 insize=8532076 outsize=201 ok=1
Cmd: compileComputeKernel
  api=4 insize=8532076 outsize=201 ok=1
Cmd: compileComputeKernel
  api=4 insize=8532076 outsize=201 ok=1
Cmd: compileComputeKernel
  api=4 insize=8532076 outsize=201 ok=1
Cmd: compileComputeKernel
  api=4 insize=8532076 outsize=201 ok=1
Cmd: compileComputeKernel
  api=4 insize=8532076 outsize=201 ok=1
Cmd: compileComputeKernel
  api=4 insize=8532076 outsize=201 ok=1
Cmd: compileComputeKernel
  api=4 insize=8532076 outsize=201 ok=1
Cmd: compileComputeKernel
  api=4 insize=8532076 outsize=201 ok=1
Cmd: compileComputeKernel
  api=4 insize=8532076 outsize=12541 ok=1
Cmd: compileComputeKernel
  api=4 insize=8532076 outsize=201 ok=1
Cmd: compileComputeKernel
  api=4 insize=8532076 outsize=15493 ok=1
Cmd: compileComputeKernel
  api=4 insize=8532076 outsize=201 ok=1
Cmd: compileComputeKernel
  api=4 insize=8532076 outsize=201 ok=1
Cmd: compileComputeKernel
  api=4 insize=8532076 outsize=201 ok=1
Cmd: compileComputeKernel
  api=4 insize=8532076 outsize=201 ok=1
Cmd: compileComputeKernel
  api=4 insize=8532076 outsize=201 ok=1
Cmd: compileComputeKernel
  api=4 insize=8532076 outsize=201 ok=1
Cmd: compileComputeKernel
  api=4 insize=8532076 outsize=201 ok=1
Cmd: compileComputeKernel
  api=4 insize=8532076 outsize=8153 ok=1
Cmd: compileComputeKernel
  api=4 insize=8532076 outsize=201 ok=1
Cmd: compileComputeKernel
  api=4 insize=8532076 outsize=20397 ok=1
Cmd: compileComputeKernel
  api=4 insize=8532076 outsize=201 ok=1
Cmd: compileComputeKernel
  api=4 insize=8532076 outsize=201 ok=1
Cmd: compileComputeKernel
  api=4 insize=8532076 outsize=26241 ok=1
Cmd: compileComputeKernel
  api=4 insize=8532076 outsize=201 ok=1
Cmd: compileComputeKernel
  api=4 insize=8532076 outsize=201 ok=1
Cmd: compileComputeKernel
  api=4 insize=8532076 outsize=201 ok=1
Cmd: compileComputeKernel
  api=4 insize=8532076 outsize=201 ok=1
Cmd: compileComputeKernel
  api=4 insize=8532076 outsize=201 ok=1
Cmd: compileComputeKernel
  api=4 insize=8532076 outsize=201 ok=1
Cmd: compileComputeKernel
  api=4 insize=8532076 outsize=201 ok=1
Cmd: compileComputeKernel
  api=4 insize=8532076 outsize=201 ok=1
Cmd: compileComputeKernel
  api=4 insize=8532076 outsize=201 ok=1
Cmd: compileComputeKernel
  api=4 insize=8532076 outsize=201 ok=1
Cmd: compileComputeKernel
  api=4 insize=8532076 outsize=201 ok=1
Cmd: compileComputeKernel
  api=4 insize=8532076 outsize=201 ok=1
Cmd: compileComputeKernel
  api=4 insize=8532076 outsize=201 ok=1
Cmd: compileComputeKernel
  api=4 insize=8532076 outsize=201 ok=1
Cmd: compileComputeKernel
  api=4 insize=8532076 outsize=201 ok=1
Cmd: compileComputeKernel
  api=4 insize=8532076 outsize=201 ok=1
Cmd: compileComputeKernel
  api=4 insize=8532076 outsize=201 ok=1
Cmd: compileComputeKernel
  api=4 insize=8532076 outsize=201 ok=1
Cmd: compileComputeKernel
  api=4 insize=8532076 outsize=201 ok=1
Cmd: compileComputeKernel
  api=4 insize=8532076 outsize=201 ok=1
Cmd: compileComputeKernel
  api=4 insize=8532076 outsize=201 ok=1
Cmd: compileComputeKernel
  api=4 insize=8532076 outsize=201 ok=1
Cmd: compileComputeKernel
  api=4 insize=8532076 outsize=201 ok=1
Cmd: compileComputeKernel
  api=4 insize=8532076 outsize=201 ok=1
Cmd: compileComputeKernel
  api=4 insize=8532076 outsize=201 ok=1
Cmd: compileComputeKernel
  api=4 insize=8532076 outsize=201 ok=1
Cmd: compileComputeKernel
  api=4 insize=8532076 outsize=201 ok=1
Cmd: compileComputeKernel
  api=4 insize=8532076 outsize=201 ok=1
Cmd: compileComputeKernel
  api=4 insize=8532076 outsize=201 ok=1
Cmd: compileComputeKernel
  api=4 insize=8532076 outsize=201 ok=1
Cmd: compileComputeKernel
  api=4 insize=8532076 outsize=201 ok=1
Cmd: compileComputeKernel
  api=4 insize=8532076 outsize=201 ok=1
Cmd: compileComputeKernel
  api=4 insize=8532076 outsize=201 ok=1
Cmd: compileComputeKernel
  api=4 insize=8532076 outsize=201 ok=1
Cmd: compileComputeKernel
  api=4 insize=8532076 outsize=201 ok=1
Cmd: compileComputeKernel
  api=4 insize=8532076 outsize=201 ok=1
Cmd: compileComputeKernel
  api=4 insize=8532076 outsize=201 ok=1
Cmd: compileComputeKernel
  api=4 insize=8532076 outsize=201 ok=1
Cmd: compileComputeKernel
  api=4 insize=8532076 outsize=201 ok=1
Cmd: compileComputeKernel
  api=4 insize=8532076 outsize=201 ok=1
Cmd: compileComputeKernel
  api=4 insize=8532076 outsize=201 ok=1
Cmd: compileComputeKernel
  api=4 insize=8532076 outsize=201 ok=1
Cmd: compileComputeKernel
  api=4 insize=8532076 outsize=201 ok=1
Cmd: compileComputeKernel
  api=4 insize=8532076 outsize=201 ok=1
Cmd: compileComputeKernel
  api=4 insize=8532076 outsize=201 ok=1
Cmd: compileComputeKernel
  api=4 insize=8532076 outsize=201 ok=1
Cmd: compileComputeKernel
  api=4 insize=8532076 outsize=201 ok=1
Cmd: compileComputeKernel
  api=4 insize=8532076 outsize=201 ok=1
Cmd: compileComputeKernel
  api=4 insize=8532076 outsize=201 ok=1
Cmd: compileComputeKernel
  api=4 insize=8532076 outsize=201 ok=1
Cmd: compileComputeKernel
  api=4 insize=8532076 outsize=201 ok=1
Cmd: compileComputeKernel
  api=4 insize=8532076 outsize=201 ok=1
Cmd: compileComputeKernel
  api=4 insize=8532076 outsize=201 ok=1
Cmd: compileComputeKernel
  api=4 insize=8532076 outsize=201 ok=1
Cmd: compileComputeKernel
  api=4 insize=8532076 outsize=201 ok=1
Cmd: compileComputeKernel
  api=4 insize=8532076 outsize=201 ok=1
Cmd: compileComputeKernel
  api=4 insize=8532076 outsize=201 ok=1
Cmd: compileComputeKernel
  api=4 insize=8532076 outsize=201 ok=1
Cmd: compileComputeKernel
  api=4 insize=8532076 outsize=201 ok=1
Cmd: compileComputeKernel
  api=4 insize=8532076 outsize=201 ok=1
Cmd: compileComputeKernel
  api=4 insize=8532076 outsize=201 ok=1
Cmd: compileComputeKernel
  api=4 insize=8532076 outsize=201 ok=1
Cmd: compileComputeKernel
  api=4 insize=8532076 outsize=201 ok=1
Cmd: compileComputeKernel
  api=4 insize=8532076 outsize=201 ok=1
Cmd: compileComputeKernel
  api=4 insize=8532076 outsize=201 ok=1
Cmd: compileComputeKernel
  api=4 insize=8532076 outsize=201 ok=1
Cmd: compileComputeKernel
  api=4 insize=8532076 outsize=201 ok=1
Cmd: compileComputeKernel
  api=4 insize=8532076 outsize=201 ok=1
Cmd: compileComputeKernel
  api=4 insize=8532076 outsize=201 ok=1
Cmd: compileComputeKernel
  api=4 insize=8532076 outsize=201 ok=1
Cmd: compileComputeKernel
  api=4 insize=8532076 outsize=201 ok=1
Cmd: compileComputeKernel
  api=4 insize=8532076 outsize=201 ok=1
Cmd: compileComputeKernel
  api=4 insize=8532076 outsize=201 ok=1
Cmd: compileComputeKernel
  api=4 insize=8532076 outsize=201 ok=1
Cmd: compileComputeKernel
  api=4 insize=8532076 outsize=201 ok=1
Cmd: compileComputeKernel
  api=4 insize=8532076 outsize=201 ok=1
Cmd: compileComputeKernel
  api=4 insize=8532076 outsize=201 ok=1
Cmd: compileComputeKernel
  api=4 insize=8532076 outsize=201 ok=1
Cmd: compileComputeKernel
  api=4 insize=8532076 outsize=201 ok=1
Cmd: compileComputeKernel
  api=4 insize=8532076 outsize=201 ok=1
Cmd: compileComputeKernel
  api=4 insize=8532076 outsize=201 ok=1
Cmd: compileComputeKernel
  api=4 insize=8532076 outsize=201 ok=1
Cmd: compileComputeKernel
  api=4 insize=8532076 outsize=201 ok=1
Cmd: compileComputeKernel
  api=4 insize=8532076 outsize=201 ok=1
Cmd: compileComputeKernel
  api=4 insize=8532076 outsize=201 ok=1
Cmd: compileComputeKernel
  api=4 insize=8532076 outsize=201 ok=1
Cmd: compileComputeKernel
  api=4 insize=8532076 outsize=201 ok=1
Cmd: compileComputeKernel
  api=4 insize=8532076 outsize=201 ok=1
Cmd: compileComputeKernel
  api=4 insize=8532076 outsize=201 ok=1
Cmd: compileComputeKernel
  api=4 insize=8532076 outsize=201 ok=1
Cmd: compileComputeKernel
  api=4 insize=8532076 outsize=201 ok=1
Cmd: compileComputeKernel
  api=4 insize=8532076 outsize=201 ok=1
Cmd: compileComputeKernel
  api=4 insize=8532076 outsize=201 ok=1
Cmd: compileComputeKernel
  api=4 insize=8532076 outsize=201 ok=1
Cmd: compileComputeKernel
  api=4 insize=8532076 outsize=201 ok=1
Cmd: compileComputeKernel
  api=4 insize=8532076 outsize=201 ok=1
Cmd: compileComputeKernel
  api=4 insize=8532076 outsize=201 ok=1
Cmd: compileComputeKernel
  api=4 insize=8532076 outsize=201 ok=1
Cmd: compileComputeKernel
  api=4 insize=8532076 outsize=201 ok=1
Cmd: compileComputeKernel
  api=4 insize=8532076 outsize=201 ok=1
Cmd: compileComputeKernel
  api=4 insize=8532076 outsize=201 ok=1
Cmd: compileComputeKernel
  api=4 insize=8532076 outsize=201 ok=1
Cmd: compileComputeKernel
  api=4 insize=8532076 outsize=201 ok=1
Cmd: compileComputeKernel
  api=4 insize=8532076 outsize=201 ok=1
Cmd: compileComputeKernel
  api=4 insize=8532076 outsize=201 ok=1
Cmd: compileComputeKernel
  api=4 insize=8532076 outsize=201 ok=1
Cmd: compileComputeKernel
  api=4 insize=8532076 outsize=201 ok=1
Cmd: compileComputeKernel
  api=4 insize=8532076 outsize=201 ok=1
Cmd: compileComputeKernel
  api=4 insize=8532076 outsize=201 ok=1
Cmd: compileComputeKernel
  api=4 insize=8532076 outsize=201 ok=1
Cmd: compileComputeKernel
  api=4 insize=8532076 outsize=201 ok=1
Cmd: compileComputeKernel
  api=4 insize=8532076 outsize=201 ok=1
Cmd: compileComputeKernel
  api=4 insize=8532076 outsize=201 ok=1
Cmd: compileComputeKernel
  api=4 insize=8532076 outsize=201 ok=1
Cmd: compileComputeKernel
  api=4 insize=8532076 outsize=201 ok=1
Cmd: compileComputeKernel
  api=4 insize=8532076 outsize=201 ok=1
Cmd: compileComputeKernel
  api=4 insize=8532076 outsize=201 ok=1
Cmd: compileComputeKernel
  api=4 insize=8532076 outsize=201 ok=1
Cmd: compileComputeKernel
  api=4 insize=8532076 outsize=201 ok=1
Cmd: compileComputeKernel
  api=4 insize=8532076 outsize=201 ok=1
Cmd: compileComputeKernel
  api=4 insize=8532076 outsize=201 ok=1
Cmd: compileComputeKernel
  api=4 insize=8532076 outsize=201 ok=1
Cmd: compileComputeKernel
  api=4 insize=8532076 outsize=201 ok=1
Cmd: compileComputeKernel
  api=4 insize=8532076 outsize=201 ok=1
Cmd: compileComputeKernel
  api=4 insize=8532076 outsize=201 ok=1
Cmd: compileComputeKernel
  api=4 insize=8532076 outsize=201 ok=1
Cmd: compileComputeKernel
  api=4 insize=8532076 outsize=201 ok=1
Cmd: compileComputeKernel
  api=4 insize=8532076 outsize=201 ok=1
Cmd: compileComputeKernel
  api=4 insize=8532076 outsize=201 ok=1
Cmd: compileComputeKernel
  api=4 insize=8532076 outsize=201 ok=1
Cmd: compileComputeKernel
  api=4 insize=8532076 outsize=201 ok=1
Cmd: compileComputeKernel
  api=4 insize=8532076 outsize=201 ok=1
Cmd: compileComputeKernel
  api=4 insize=8532076 outsize=201 ok=1
Cmd: compileComputeKernel
  api=4 insize=8532076 outsize=201 ok=1
Cmd: compileComputeKernel
  api=4 insize=8532076 outsize=201 ok=1
Cmd: compileComputeKernel
  api=4 insize=8532076 outsize=201 ok=1
Cmd: compileComputeKernel
  api=4 insize=8532076 outsize=201 ok=1
Cmd: compileComputeKernel
  api=4 insize=8532076 outsize=201 ok=1
Cmd: compileComputeKernel
  api=4 insize=8532076 outsize=201 ok=1
Cmd: compileComputeKernel
  api=4 insize=8532076 outsize=201 ok=1
Cmd: compileComputeKernel
  api=4 insize=8532076 outsize=201 ok=1
Cmd: compileComputeKernel
  api=4 insize=8532076 outsize=201 ok=1
Cmd: compileComputeKernel
  api=4 insize=8532076 outsize=201 ok=1
Cmd: compileComputeKernel
  api=4 insize=8532076 outsize=201 ok=1
Cmd: compileComputeKernel
  api=4 insize=8532076 outsize=201 ok=1
Cmd: compileComputeKernel
  api=4 insize=8532076 outsize=201 ok=1
Cmd: compileComputeKernel
  api=4 insize=8532076 outsize=201 ok=1
Cmd: compileComputeKernel
  api=4 insize=8532076 outsize=201 ok=1
Cmd: compileComputeKernel
  api=4 insize=8532076 outsize=201 ok=1
Cmd: compileComputeKernel
  api=4 insize=8532076 outsize=201 ok=1
Cmd: compileComputeKernel
  api=4 insize=8532076 outsize=201 ok=1
Cmd: compileComputeKernel
  api=4 insize=8532076 outsize=201 ok=1
Cmd: compileComputeKernel
  api=4 insize=8532076 outsize=201 ok=1
Cmd: compileComputeKernel
  api=4 insize=8532076 outsize=201 ok=1
Cmd: compileComputeKernel
  api=4 insize=8532076 outsize=201 ok=1
Cmd: compileComputeKernel
  api=4 insize=8532076 outsize=201 ok=1
Cmd: compileComputeKernel
  api=4 insize=8532076 outsize=201 ok=1
Cmd: compileComputeKernel
  api=4 insize=8532076 outsize=201 ok=1
Cmd: compileComputeKernel
  api=4 insize=8532076 outsize=201 ok=1
Cmd: compileComputeKernel
  api=4 insize=8532076 outsize=201 ok=1
Cmd: compileComputeKernel
  api=4 insize=8532076 outsize=201 ok=1
Cmd: compileComputeKernel
  api=4 insize=8532076 outsize=201 ok=1
Cmd: compileComputeKernel
  api=4 insize=8532076 outsize=201 ok=1
Cmd: compileComputeKernel
  api=4 insize=8532076 outsize=201 ok=1
Cmd: compileComputeKernel
  api=4 insize=8532076 outsize=201 ok=1
Cmd: compileComputeKernel
  api=4 insize=8532076 outsize=201 ok=1
Cmd: compileComputeKernel
  api=4 insize=8532076 outsize=201 ok=1
Cmd: compileComputeKernel
  api=4 insize=8532076 outsize=201 ok=1
Cmd: compileComputeKernel
  api=4 insize=8532076 outsize=201 ok=1
Cmd: compileComputeKernel
  api=4 insize=8532076 outsize=201 ok=1
Cmd: compileComputeKernel
  api=4 insize=8532076 outsize=201 ok=1
Cmd: compileComputeKernel
  api=4 insize=8532076 outsize=201 ok=1
Cmd: compileComputeKernel
  api=4 insize=8532076 outsize=201 ok=1
Cmd: compileComputeKernel
  api=4 insize=8532076 outsize=201 ok=1
Cmd: compileComputeKernel
  api=4 insize=8532076 outsize=201 ok=1
Cmd: compileComputeKernel
  api=4 insize=8532076 outsize=201 ok=1
Cmd: compileComputeKernel
  api=4 insize=8532076 outsize=201 ok=1
Cmd: compileComputeKernel
  api=4 insize=8532076 outsize=201 ok=1
Cmd: compileComputeKernel
  api=4 insize=8532076 outsize=201 ok=1
Cmd: compileComputeKernel
  api=4 insize=8532076 outsize=201 ok=1
Cmd: compileComputeKernel
  api=4 insize=8532076 outsize=8485 ok=1
Cmd: compileComputeKernel
  api=4 insize=8532076 outsize=17537 ok=1
Cmd: compileComputeKernel
  api=4 insize=8532076 outsize=201 ok=1
Cmd: compileComputeKernel
  api=4 insize=8532076 outsize=20313 ok=1
Cmd: compileComputeKernel
  api=4 insize=8532076 outsize=201 ok=1
Cmd: compileComputeKernel
  api=4 insize=8532076 outsize=201 ok=1
Cmd: compileComputeKernel
  api=4 insize=8532076 outsize=201 ok=1
Cmd: compileComputeKernel
  api=4 insize=8532076 outsize=16345 ok=1
Cmd: compileComputeKernel
  api=4 insize=8532076 outsize=201 ok=1
Cmd: compileComputeKernel
  api=4 insize=8532076 outsize=201 ok=1
Cmd: compileComputeKernel
  api=4 insize=8532076 outsize=201 ok=1
Cmd: compileComputeKernel
  api=4 insize=8532076 outsize=201 ok=1
Cmd: compileComputeKernel
  api=4 insize=8532076 outsize=201 ok=1
Cmd: compileComputeKernel
  api=4 insize=8532076 outsize=201 ok=1
Cmd: compileComputeKernel
  api=4 insize=8532076 outsize=201 ok=1
Cmd: compileComputeKernel
  api=4 insize=8532076 outsize=6613 ok=1
Cmd: compileComputeKernel
  api=4 insize=8532076 outsize=201 ok=1
Cmd: compileComputeKernel
  api=4 insize=8532076 outsize=201 ok=1
Cmd: compileComputeKernel
  api=4 insize=8532076 outsize=201 ok=1
Cmd: compileComputeKernel
  api=4 insize=8532076 outsize=201 ok=1
Cmd: compileComputeKernel
  api=4 insize=8532076 outsize=16941 ok=1
Cmd: compileComputeKernel
  api=4 insize=8532076 outsize=201 ok=1
Cmd: compileComputeKernel
  api=4 insize=8532076 outsize=201 ok=1
Cmd: compileComputeKernel
  api=4 insize=8532076 outsize=201 ok=1
Cmd: compileComputeKernel
  api=4 insize=8532076 outsize=201 ok=1
Cmd: compileComputeKernel
  api=4 insize=8532076 outsize=201 ok=1
Cmd: compileComputeKernel
  api=4 insize=8532076 outsize=201 ok=1
Cmd: compileComputeKernel
  api=4 insize=8532076 outsize=201 ok=1
Cmd: compileComputeKernel
  api=4 insize=8532076 outsize=6209 ok=1
Cmd: compileComputeKernel
  api=4 insize=8532076 outsize=201 ok=1
Cmd: compileComputeKernel
  api=4 insize=8532076 outsize=18261 ok=1
Cmd: compileComputeKernel
  api=4 insize=8532076 outsize=201 ok=1
Cmd: compileComputeKernel
  api=4 insize=8532076 outsize=20845 ok=1
Cmd: compileComputeKernel
  api=4 insize=8532076 outsize=201 ok=1
Cmd: compileComputeKernel
  api=4 insize=8532076 outsize=6949 ok=1
Cmd: compileComputeKernel
  api=4 insize=8532076 outsize=201 ok=1
Cmd: compileComputeKernel
  api=4 insize=8532076 outsize=19481 ok=1
Cmd: compileComputeKernel
  api=4 insize=8532076 outsize=201 ok=1
Cmd: compileComputeKernel
  api=4 insize=8532076 outsize=24925 ok=1
Cmd: compileComputeKernel
  api=4 insize=8532076 outsize=13585 ok=1
Cmd: compileComputeKernel
  api=4 insize=8532076 outsize=13197 ok=1
Cmd: compileComputeKernel
  api=4 insize=8532076 outsize=201 ok=1
Cmd: compileComputeKernel
  api=4 insize=8532076 outsize=201 ok=1
Cmd: compileComputeKernel
  api=4 insize=8532076 outsize=201 ok=1
Cmd: compileComputeKernel
  api=4 insize=8532076 outsize=201 ok=1
Cmd: compileComputeKernel
  api=4 insize=8532076 outsize=201 ok=1
Cmd: compileComputeKernel
  api=4 insize=8532076 outsize=201 ok=1
Cmd: compileComputeKernel
  api=4 insize=8532076 outsize=201 ok=1
Cmd: compileComputeKernel
  api=4 insize=8532076 outsize=201 ok=1
Cmd: compileComputeKernel
  api=4 insize=8532076 outsize=201 ok=1
Cmd: compileComputeKernel
  api=4 insize=8532076 outsize=13093 ok=1
Cmd: compileComputeKernel
  api=4 insize=8532076 outsize=201 ok=1
Cmd: compileComputeKernel
  api=4 insize=8532076 outsize=15833 ok=1
Cmd: compileComputeKernel
  api=4 insize=8532076 outsize=201 ok=1
Cmd: compileComputeKernel
  api=4 insize=8532076 outsize=26533 ok=1
Cmd: compileComputeKernel
  api=4 insize=8532076 outsize=201 ok=1
Cmd: compileComputeKernel
  api=4 insize=8532076 outsize=201 ok=1
Cmd: compileComputeKernel
  api=4 insize=8532076 outsize=201 ok=1
Cmd: compileComputeKernel
  api=4 insize=8532076 outsize=201 ok=1
Cmd: compileComputeKernel
  api=4 insize=8532076 outsize=201 ok=1
Cmd: compileComputeKernel
  api=4 insize=8532076 outsize=201 ok=1
Cmd: compileComputeKernel
  api=4 insize=8532076 outsize=201 ok=1
Cmd: compileComputeKernel
  api=4 insize=8532076 outsize=201 ok=1
Cmd: compileComputeKernel
  api=4 insize=8532076 outsize=201 ok=1
Cmd: compileComputeKernel
  api=4 insize=8532076 outsize=201 ok=1
Cmd: compileComputeKernel
  api=4 insize=8532076 outsize=201 ok=1
Cmd: compileComputeKernel
  api=4 insize=8532076 outsize=201 ok=1
Cmd: compileComputeKernel
  api=4 insize=8532076 outsize=201 ok=1
Cmd: compileComputeKernel
  api=4 insize=8532076 outsize=201 ok=1
Cmd: compileComputeKernel
  api=4 insize=8532076 outsize=201 ok=1
Cmd: compileComputeKernel
  api=4 insize=8532076 outsize=201 ok=1
Cmd: compileComputeKernel
  api=4 insize=8532076 outsize=201 ok=1
Cmd: compileComputeKernel
  api=4 insize=8532076 outsize=10265 ok=1
Cmd: compileComputeKernel
  api=4 insize=8532076 outsize=21677 ok=1
Cmd: compileComputeKernel
  api=4 insize=8532076 outsize=24185 ok=1
Cmd: compileComputeKernel
  api=4 insize=8532076 outsize=13273 ok=1
Cmd: compileComputeKernel
  api=4 insize=8532076 outsize=201 ok=1
Cmd: compileComputeKernel
  api=4 insize=8532076 outsize=201 ok=1
Cmd: compileComputeKernel
  api=4 insize=8532076 outsize=19157 ok=1
Cmd: compileComputeKernel
  api=4 insize=8532076 outsize=201 ok=1
Cmd: compileComputeKernel
  api=4 insize=8532076 outsize=201 ok=1
Cmd: compileComputeKernel
