Base path: C:/Program Files/Unity/Editor/Data
Cmd: initializeCompiler
Cmd: compileComputeKernel
  api=4 insize=8532076 outsize=521 ok=1
Cmd: compileComputeKernel
  api=4 insize=8532076 outsize=201 ok=1
Cmd: compileComputeKernel
  api=4 insize=8532076 outsize=201 ok=1
Cmd: compileComputeKernel
  api=4 insize=8532076 outsize=10821 ok=1
Cmd: compileComputeKernel
  api=4 insize=8532076 outsize=5497 ok=1
Cmd: compileComputeKernel
  api=4 insize=8532076 outsize=9689 ok=1
Cmd: compileComputeKernel
  api=4 insize=8532076 outsize=17781 ok=1
Cmd: compileComputeKernel
  api=4 insize=8532076 outsize=201 ok=1
Cmd: compileComputeKernel
  api=4 insize=8532076 outsize=201 ok=1
Cmd: compileComputeKernel
  api=4 insize=8532076 outsize=201 ok=1
Cmd: compileComputeKernel
  api=4 insize=8532076 outsize=201 ok=1
Cmd: compileComputeKernel
  api=4 insize=8532076 outsize=201 ok=1
Cmd: compileComputeKernel
  api=4 insize=8532076 outsize=201 ok=1
Cmd: compileComputeKernel
  api=4 insize=8532076 outsize=201 ok=1
Cmd: compileComputeKernel
  api=4 insize=8532076 outsize=7137 ok=1
Cmd: compileComputeKernel
  api=4 insize=8532076 outsize=201 ok=1
Cmd: compileComputeKernel
  api=4 insize=8532076 outsize=10089 ok=1
Cmd: compileComputeKernel
  api=4 insize=8532076 outsize=201 ok=1
Cmd: compileComputeKernel
  api=4 insize=8532076 outsize=201 ok=1
Cmd: compileComputeKernel
  api=4 insize=8532076 outsize=201 ok=1
Cmd: compileComputeKernel
  api=4 insize=8532076 outsize=201 ok=1
Cmd: compileComputeKernel
  api=4 insize=8532076 outsize=201 ok=1
Cmd: compileComputeKernel
  api=4 insize=8532076 outsize=201 ok=1
Cmd: compileComputeKernel
  api=4 insize=8532076 outsize=201 ok=1
Cmd: compileComputeKernel
  api=4 insize=8532076 outsize=201 ok=1
Cmd: compileComputeKernel
  api=4 insize=8532076 outsize=6733 ok=1
Cmd: compileComputeKernel
  api=4 insize=8532076 outsize=201 ok=1
Cmd: compileComputeKernel
  api=4 insize=8532076 outsize=201 ok=1
Cmd: compileComputeKernel
  api=4 insize=8532076 outsize=12641 ok=1
Cmd: compileComputeKernel
  api=4 insize=8532076 outsize=201 ok=1
Cmd: compileComputeKernel
  api=4 insize=8532076 outsize=201 ok=1
Cmd: compileComputeKernel
  api=4 insize=8532076 outsize=201 ok=1
Cmd: compileComputeKernel
  api=4 insize=8532076 outsize=201 ok=1
Cmd: compileComputeKernel
  api=4 insize=8532076 outsize=201 ok=1
Cmd: compileComputeKernel
  api=4 insize=8532076 outsize=201 ok=1
Cmd: compileComputeKernel
  api=4 insize=8532076 outsize=3225 ok=1
Cmd: compileComputeKernel
  api=4 insize=8532076 outsize=201 ok=1
Cmd: compileComputeKernel
  api=4 insize=8532076 outsize=15469 ok=1
Cmd: compileComputeKernel
  api=4 insize=8532076 outsize=201 ok=1
Cmd: compileComputeKernel
  api=4 insize=8532076 outsize=201 ok=1
Cmd: compileComputeKernel
  api=4 insize=8532076 outsize=201 ok=1
Cmd: compileComputeKernel
  api=4 insize=8532076 outsize=201 ok=1
Cmd: compileComputeKernel
  api=4 insize=8532076 outsize=201 ok=1
Cmd: compileComputeKernel
  api=4 insize=8532076 outsize=201 ok=1
Cmd: compileComputeKernel
  api=4 insize=8532076 outsize=201 ok=1
Cmd: compileComputeKernel
  api=4 insize=8532076 outsize=201 ok=1
Cmd: compileComputeKernel
  api=4 insize=8532076 outsize=6541 ok=1
Cmd: compileComputeKernel
  api=4 insize=8532076 outsize=201 ok=1
Cmd: compileComputeKernel
  api=4 insize=8532076 outsize=9301 ok=1
Cmd: compileComputeKernel
  api=4 insize=8532076 outsize=201 ok=1
Cmd: compileComputeKernel
  api=4 insize=8532076 outsize=20193 ok=1
Cmd: compileComputeKernel
  api=4 insize=8532076 outsize=4929 ok=1
Cmd: compileComputeKernel
  api=4 insize=8532076 outsize=201 ok=1
Cmd: compileComputeKernel
  api=4 insize=8532076 outsize=17365 ok=1
Cmd: compileComputeKernel
  api=4 insize=8532076 outsize=201 ok=1
Cmd: compileComputeKernel
  api=4 insize=8532076 outsize=23021 ok=1
Cmd: compileComputeKernel
  api=4 insize=8532076 outsize=201 ok=1
Cmd: compileComputeKernel
  api=4 insize=8532076 outsize=201 ok=1
Cmd: compileComputeKernel
  api=4 insize=8532076 outsize=201 ok=1
Cmd: compileComputeKernel
  api=4 insize=8532076 outsize=201 ok=1
Cmd: compileComputeKernel
  api=4 insize=8532076 outsize=201 ok=1
Cmd: compileComputeKernel
  api=4 insize=8532076 outsize=201 ok=1
Cmd: compileComputeKernel
  api=4 insize=8532076 outsize=201 ok=1
Cmd: compileComputeKernel
  api=4 insize=8532076 outsize=201 ok=1
Cmd: compileComputeKernel
  api=4 insize=8532076 outsize=201 ok=1
Cmd: compileComputeKernel
  api=4 insize=8532076 outsize=201 ok=1
Cmd: compileComputeKernel
  api=4 insize=8532076 outsize=201 ok=1
Cmd: compileComputeKernel
  api=4 insize=8532076 outsize=201 ok=1
Cmd: compileComputeKernel
  api=4 insize=8532076 outsize=201 ok=1
Cmd: compileComputeKernel
  api=4 insize=8532076 outsize=201 ok=1
Cmd: compileComputeKernel
  api=4 insize=8532076 outsize=201 ok=1
Cmd: compileComputeKernel
  api=4 insize=8532076 outsize=9881 ok=1
Cmd: compileComputeKernel
  api=4 insize=8532076 outsize=201 ok=1
Cmd: compileComputeKernel
  api=4 insize=8532076 outsize=12449 ok=1
Cmd: compileComputeKernel
  api=4 insize=8532076 outsize=201 ok=1
Cmd: compileComputeKernel
  api=4 insize=8532076 outsize=201 ok=1
Cmd: compileComputeKernel
  api=4 insize=8532076 outsize=201 ok=1
Cmd: compileComputeKernel
  api=4 insize=8532076 outsize=201 ok=1
Cmd: compileComputeKernel
  api=4 insize=8532076 outsize=201 ok=1
Cmd: compileComputeKernel
  api=4 insize=8532076 outsize=201 ok=1
Cmd: compileComputeKernel
  api=4 insize=8532076 outsize=5493 ok=1
Cmd: compileComputeKernel
  api=4 insize=8532076 outsize=201 ok=1
Cmd: compileComputeKernel
  api=4 insize=8532076 outsize=17737 ok=1
Cmd: compileComputeKernel
  api=4 insize=8532076 outsize=201 ok=1
Cmd: compileComputeKernel
  api=4 insize=8532076 outsize=201 ok=1
Cmd: compileComputeKernel
  api=4 insize=8532076 outsize=201 ok=1
Cmd: compileComputeKernel
  api=4 insize=8532076 outsize=201 ok=1
Cmd: compileComputeKernel
  api=4 insize=8532076 outsize=201 ok=1
Cmd: compileComputeKernel
  api=4 insize=8532076 outsize=201 ok=1
Cmd: compileComputeKernel
  api=4 insize=8532076 outsize=201 ok=1
Cmd: compileComputeKernel
  api=4 insize=8532076 outsize=201 ok=1
Cmd: compileComputeKernel
  api=4 insize=8532076 outsize=201 ok=1
Cmd: compileComputeKernel
  api=4 insize=8532076 outsize=201 ok=1
Cmd: compileComputeKernel
  api=4 insize=8532076 outsize=201 ok=1
Cmd: compileComputeKernel
  api=4 insize=8532076 outsize=201 ok=1
Cmd: compileComputeKernel
  api=4 insize=8532076 outsize=201 ok=1
Cmd: compileComputeKernel
  api=4 insize=8532076 outsize=201 ok=1
Cmd: compileComputeKernel
  api=4 insize=8532076 outsize=201 ok=1
Cmd: compileComputeKernel
  api=4 insize=8532076 outsize=201 ok=1
Cmd: compileComputeKernel
  api=4 insize=8532076 outsize=201 ok=1
Cmd: compileComputeKernel
  api=4 insize=8532076 outsize=201 ok=1
Cmd: compileComputeKernel
  api=4 insize=8532076 outsize=201 ok=1
Cmd: compileComputeKernel
  api=4 insize=8532076 outsize=201 ok=1
Cmd: compileComputeKernel
  api=4 insize=8532076 outsize=201 ok=1
Cmd: compileComputeKernel
  api=4 insize=8532076 outsize=201 ok=1
Cmd: compileComputeKernel
  api=4 insize=8532076 outsize=201 ok=1
Cmd: compileComputeKernel
  api=4 insize=8532076 outsize=201 ok=1
Cmd: compileComputeKernel
  api=4 insize=8532076 outsize=201 ok=1
Cmd: compileComputeKernel
  api=4 insize=8532076 outsize=201 ok=1
Cmd: compileComputeKernel
  api=4 insize=8532076 outsize=201 ok=1
Cmd: compileComputeKernel
  api=4 insize=8532076 outsize=201 ok=1
Cmd: compileComputeKernel
  api=4 insize=8532076 outsize=201 ok=1
Cmd: compileComputeKernel
  api=4 insize=8532076 outsize=201 ok=1
Cmd: compileComputeKernel
  api=4 insize=8532076 outsize=201 ok=1
Cmd: compileComputeKernel
  api=4 insize=8532076 outsize=201 ok=1
Cmd: compileComputeKernel
  api=4 insize=8532076 outsize=201 ok=1
Cmd: compileComputeKernel
  api=4 insize=8532076 outsize=201 ok=1
Cmd: compileComputeKernel
  api=4 insize=8532076 outsize=201 ok=1
Cmd: compileComputeKernel
  api=4 insize=8532076 outsize=201 ok=1
Cmd: compileComputeKernel
  api=4 insize=8532076 outsize=201 ok=1
Cmd: compileComputeKernel
  api=4 insize=8532076 outsize=201 ok=1
Cmd: compileComputeKernel
  api=4 insize=8532076 outsize=201 ok=1
Cmd: compileComputeKernel
  api=4 insize=8532076 outsize=201 ok=1
Cmd: compileComputeKernel
  api=4 insize=8532076 outsize=201 ok=1
Cmd: compileComputeKernel
  api=4 insize=8532076 outsize=201 ok=1
Cmd: compileComputeKernel
  api=4 insize=8532076 outsize=201 ok=1
Cmd: compileComputeKernel
  api=4 insize=8532076 outsize=201 ok=1
Cmd: compileComputeKernel
  api=4 insize=8532076 outsize=201 ok=1
Cmd: compileComputeKernel
  api=4 insize=8532076 outsize=201 ok=1
Cmd: compileComputeKernel
  api=4 insize=8532076 outsize=201 ok=1
Cmd: compileComputeKernel
  api=4 insize=8532076 outsize=201 ok=1
Cmd: compileComputeKernel
  api=4 insize=8532076 outsize=3381 ok=1
Cmd: compileComputeKernel
  api=4 insize=8532076 outsize=201 ok=1
Cmd: compileComputeKernel
  api=4 insize=8532076 outsize=201 ok=1
Cmd: compileComputeKernel
  api=4 insize=8532076 outsize=201 ok=1
Cmd: compileComputeKernel
  api=4 insize=8532076 outsize=10381 ok=1
Cmd: compileComputeKernel
  api=4 insize=8532076 outsize=18125 ok=1
Cmd: compileComputeKernel
  api=4 insize=8532076 outsize=201 ok=1
Cmd: compileComputeKernel
  api=4 insize=8532076 outsize=16341 ok=1
Cmd: compileComputeKernel
  api=4 insize=8532076 outsize=201 ok=1
Cmd: compileComputeKernel
  api=4 insize=8532076 outsize=22285 ok=1
Cmd: compileComputeKernel
  api=4 insize=8532076 outsize=201 ok=1
Cmd: compileComputeKernel
  api=4 insize=8532076 outsize=12281 ok=1
Cmd: compileComputeKernel
  api=4 insize=8532076 outsize=11893 ok=1
Cmd: compileComputeKernel
  api=4 insize=8532076 outsize=201 ok=1
Cmd: compileComputeKernel
  api=4 insize=8532076 outsize=201 ok=1
Cmd: compileComputeKernel
  api=4 insize=8532076 outsize=201 ok=1
Cmd: compileComputeKernel
  api=4 insize=8532076 outsize=201 ok=1
Cmd: compileComputeKernel
  api=4 insize=8532076 outsize=201 ok=1
Cmd: compileComputeKernel
  api=4 insize=8532076 outsize=201 ok=1
Cmd: compileComputeKernel
  api=4 insize=8532076 outsize=201 ok=1
Cmd: compileComputeKernel
  api=4 insize=8532076 outsize=11493 ok=1
Cmd: compileComputeKernel
  api=4 insize=8532076 outsize=201 ok=1
Cmd: compileComputeKernel
  api=4 insize=8532076 outsize=14445 ok=1
Cmd: compileComputeKernel
  api=4 insize=8532076 outsize=201 ok=1
Cmd: compileComputeKernel
  api=4 insize=8532076 outsize=201 ok=1
Cmd: compileComputeKernel
  api=4 insize=8532076 outsize=201 ok=1
Cmd: compileComputeKernel
  api=4 insize=8532076 outsize=201 ok=1
Cmd: compileComputeKernel
  api=4 insize=8532076 outsize=201 ok=1
Cmd: compileComputeKernel
  api=4 insize=8532076 outsize=201 ok=1
Cmd: compileComputeKernel
  api=4 insize=8532076 outsize=201 ok=1
Cmd: compileComputeKernel
  api=4 insize=8532076 outsize=9277 ok=1
Cmd: compileComputeKernel
  api=4 insize=8532076 outsize=20709 ok=1
Cmd: compileComputeKernel
  api=4 insize=8532076 outsize=201 ok=1
Cmd: compileComputeKernel
  api=4 insize=8532076 outsize=201 ok=1
Cmd: compileComputeKernel
  api=4 insize=8532076 outsize=201 ok=1
Cmd: compileComputeKernel
  api=4 insize=8532076 outsize=201 ok=1
Cmd: compileComputeKernel
  api=4 insize=8532076 outsize=201 ok=1
Cmd: compileComputeKernel
  api=4 insize=8532076 outsize=201 ok=1
Cmd: compileComputeKernel
  api=4 insize=8532076 outsize=11493 ok=1
Cmd: compileComputeKernel
  api=4 insize=8532076 outsize=201 ok=1
Cmd: compileComputeKernel
  api=4 insize=8532076 outsize=14445 ok=1
Cmd: compileComputeKernel
  api=4 insize=8532076 outsize=201 ok=1
Cmd: compileComputeKernel
  api=4 insize=8532076 outsize=201 ok=1
Cmd: compileComputeKernel
  api=4 insize=8532076 outsize=201 ok=1
Cmd: compileComputeKernel
  api=4 insize=8532076 outsize=201 ok=1
Cmd: compileComputeKernel
  api=4 insize=8532076 outsize=201 ok=1
Cmd: compileComputeKernel
  api=4 insize=8532076 outsize=201 ok=1
Cmd: compileComputeKernel
  api=4 insize=8532076 outsize=6733 ok=1
Cmd: compileComputeKernel
  api=4 insize=8532076 outsize=201 ok=1
Cmd: compileComputeKernel
  api=4 insize=8532076 outsize=201 ok=1
Cmd: compileComputeKernel
  api=4 insize=8532076 outsize=201 ok=1
Cmd: compileComputeKernel
  api=4 insize=8532076 outsize=201 ok=1
Cmd: compileComputeKernel
  api=4 insize=8532076 outsize=16889 ok=1
Cmd: compileComputeKernel
  api=4 insize=8532076 outsize=201 ok=1
Cmd: compileComputeKernel
  api=4 insize=8532076 outsize=201 ok=1
Cmd: compileComputeKernel
  api=4 insize=8532076 outsize=201 ok=1
Cmd: compileComputeKernel
  api=4 insize=8532076 outsize=201 ok=1
Cmd: compileComputeKernel
  api=4 insize=8532076 outsize=201 ok=1
Cmd: compileComputeKernel
  api=4 insize=8532076 outsize=201 ok=1
Cmd: compileComputeKernel
  api=4 insize=8532076 outsize=201 ok=1
Cmd: compileComputeKernel
  api=4 insize=8532076 outsize=201 ok=1
Cmd: compileComputeKernel
  api=4 insize=8532076 outsize=201 ok=1
Cmd: compileComputeKernel
  api=4 insize=8532076 outsize=201 ok=1
Cmd: compileComputeKernel
  api=4 insize=8532076 outsize=201 ok=1
Cmd: compileComputeKernel
  api=4 insize=8532076 outsize=201 ok=1
Cmd: compileComputeKernel
  api=4 insize=8532076 outsize=201 ok=1
Cmd: compileComputeKernel
  api=4 insize=8532076 outsize=201 ok=1
Cmd: compileComputeKernel
  api=4 insize=8532076 outsize=201 ok=1
Cmd: compileComputeKernel
  api=4 insize=8532076 outsize=201 ok=1
Cmd: compileComputeKernel
  api=4 insize=8532076 outsize=201 ok=1
Cmd: compileComputeKernel
  api=4 insize=8532076 outsize=201 ok=1
Cmd: compileComputeKernel
  api=4 insize=8532076 outsize=201 ok=1
Cmd: compileComputeKernel
  api=4 insize=8532076 outsize=201 ok=1
Cmd: compileComputeKernel
  api=4 insize=8532076 outsize=201 ok=1
Cmd: compileComputeKernel
  api=4 insize=8532076 outsize=201 ok=1
Cmd: compileComputeKernel
  api=4 insize=8532076 outsize=201 ok=1
Cmd: compileComputeKernel
  api=4 insize=8532076 outsize=201 ok=1
Cmd: compileComputeKernel
  api=4 insize=8532076 outsize=8345 ok=1
Cmd: compileComputeKernel
  api=4 insize=8532076 outsize=19585 ok=1
Cmd: compileComputeKernel
  api=4 insize=8532076 outsize=22285 ok=1
Cmd: compileComputeKernel
  api=4 insize=8532076 outsize=14689 ok=1
Cmd: compileComputeKernel
  api=4 insize=8532076 outsize=17449 ok=1
Cmd: compileComputeKernel
  api=4 insize=8532076 outsize=201 ok=1
Cmd: compileComputeKernel
  api=4 insize=8532076 outsize=201 ok=1
Cmd: compileComputeKernel
  api=4 insize=8532076 outsize=201 ok=1
Cmd: compileComputeKernel
  api=4 insize=8532076 outsize=201 ok=1
Cmd: compileComputeKernel
  api=4 insize=8532076 outsize=201 ok=1
Cmd: compileComputeKernel
  api=4 insize=8532076 outsize=201 ok=1
Cmd: compileComputeKernel
  api=4 insize=8532076 outsize=201 ok=1
Cmd: compileComputeKernel
  api=4 insize=8532076 outsize=201 ok=1
Cmd: compileComputeKernel
  api=4 insize=8532076 outsize=201 ok=1
Cmd: compileComputeKernel
  api=4 insize=8532076 outsize=201 ok=1
Cmd: compileComputeKernel
  api=4 insize=8532076 outsize=201 ok=1
Cmd: compileComputeKernel
  api=4 insize=8532076 outsize=201 ok=1
Cmd: compileComputeKernel
  api=4 insize=8532076 outsize=201 ok=1
Cmd: compileComputeKernel
  api=4 insize=8532076 outsize=201 ok=1
Cmd: compileComputeKernel
  api=4 insize=8532076 outsize=201 ok=1
Cmd: compileComputeKernel
  api=4 insize=8532076 outsize=201 ok=1
Cmd: compileComputeKernel
  api=4 insize=8532076 outsize=201 ok=1
Cmd: compileComputeKernel
  api=4 insize=8532076 outsize=201 ok=1
Cmd: compileComputeKernel
  api=4 insize=8532076 outsize=201 ok=1
Cmd: compileComputeKernel
  api=4 insize=8532076 outsize=201 ok=1
Cmd: compileComputeKernel
  api=4 insize=8532076 outsize=201 ok=1
Cmd: compileComputeKernel
  api=4 insize=8532076 outsize=201 ok=1
Cmd: compileComputeKernel
  api=4 insize=8532076 outsize=201 ok=1
Cmd: compileComputeKernel
  api=4 insize=8532076 outsize=201 ok=1
Cmd: compileComputeKernel
  api=4 insize=8532076 outsize=201 ok=1
Cmd: compileComputeKernel
  api=4 insize=8532076 outsize=201 ok=1
Cmd: compileComputeKernel
  api=4 insize=8532076 outsize=201 ok=1
Cmd: compileComputeKernel
  api=4 insize=8532076 outsize=201 ok=1
Cmd: compileComputeKernel
  api=4 insize=8532076 outsize=201 ok=1
Cmd: compileComputeKernel
  api=4 insize=8532076 outsize=201 ok=1
Cmd: compileComputeKernel
  api=4 insize=8532076 outsize=201 ok=1
Cmd: compileComputeKernel
  api=4 insize=8532076 outsize=201 ok=1
Cmd: compileComputeKernel
  api=4 insize=8532076 outsize=201 ok=1
Cmd: compileComputeKernel
  api=4 insize=8532076 outsize=201 ok=1
Cmd: compileComputeKernel
  api=4 insize=8532076 outsize=201 ok=1
Cmd: compileComputeKernel
  api=4 insize=8532076 outsize=201 ok=1
Cmd: compileComputeKernel
  api=4 insize=8532076 outsize=201 ok=1
Cmd: compileComputeKernel
  api=4 insize=8532076 outsize=201 ok=1
Cmd: compileComputeKernel
  api=4 insize=8532076 outsize=201 ok=1
Cmd: compileComputeKernel
  api=4 insize=8532076 outsize=201 ok=1
Cmd: compileComputeKernel
  api=4 insize=8532076 outsize=201 ok=1
Cmd: compileComputeKernel
  api=4 insize=8532076 outsize=201 ok=1
Cmd: compileComputeKernel
  api=4 insize=8532076 outsize=201 ok=1
Cmd: compileComputeKernel
  api=4 insize=8532076 outsize=201 ok=1
Cmd: compileComputeKernel
  api=4 insize=8532076 outsize=201 ok=1
Cmd: compileComputeKernel
  api=4 insize=8532076 outsize=201 ok=1
Cmd: compileComputeKernel
  api=4 insize=8532076 outsize=201 ok=1
Cmd: compileComputeKernel
  api=4 insize=8532076 outsize=201 ok=1
Cmd: compileComputeKernel
  api=4 insize=8532076 outsize=201 ok=1
Cmd: compileComputeKernel
  api=4 insize=8532076 outsize=201 ok=1
Cmd: compileComputeKernel
  api=4 insize=8532076 outsize=201 ok=1
Cmd: compileComputeKernel
  api=4 insize=8532076 outsize=201 ok=1
Cmd: compileComputeKernel
  api=4 insize=8532076 outsize=201 ok=1
Cmd: compileComputeKernel
  api=4 insize=8532076 outsize=201 ok=1
Cmd: compileComputeKernel
  api=4 insize=8532076 outsize=201 ok=1
Cmd: compileComputeKernel
  api=4 insize=8532076 outsize=201 ok=1
Cmd: compileComputeKernel
  api=4 insize=8532076 outsize=201 ok=1
Cmd: compileComputeKernel
  api=4 insize=8532076 outsize=201 ok=1
Cmd: compileComputeKernel
  api=4 insize=8532076 outsize=201 ok=1
Cmd: compileComputeKernel
  api=4 insize=8532076 outsize=201 ok=1
Cmd: compileComputeKernel
  api=4 insize=8532076 outsize=201 ok=1
Cmd: compileComputeKernel
  api=4 insize=8532076 outsize=201 ok=1
Cmd: compileComputeKernel
  api=4 insize=8532076 outsize=201 ok=1
Cmd: compileComputeKernel
  api=4 insize=8532076 outsize=201 ok=1
Cmd: compileComputeKernel
  api=4 insize=8532076 outsize=201 ok=1
Cmd: compileComputeKernel
  api=4 insize=8532076 outsize=201 ok=1
Cmd: compileComputeKernel
  api=4 insize=8532076 outsize=201 ok=1
Cmd: compileComputeKernel
  api=4 insize=8532076 outsize=201 ok=1
Cmd: compileComputeKernel
  api=4 insize=8532076 outsize=201 ok=1
Cmd: compileComputeKernel
  api=4 insize=8532076 outsize=201 ok=1
Cmd: compileComputeKernel
  api=4 insize=8532076 outsize=201 ok=1
Cmd: compileComputeKernel
  api=4 insize=8532076 outsize=201 ok=1
Cmd: compileComputeKernel
  api=4 insize=8532076 outsize=201 ok=1
Cmd: compileComputeKernel
  api=4 insize=8532076 outsize=201 ok=1
Cmd: compileComputeKernel
  api=4 insize=8532076 outsize=201 ok=1
Cmd: compileComputeKernel
  api=4 insize=8532076 outsize=201 ok=1
Cmd: compileComputeKernel
  api=4 insize=8532076 outsize=201 ok=1
Cmd: compileComputeKernel
  api=4 insize=8532076 outsize=201 ok=1
Cmd: compileComputeKernel
  api=4 insize=8532076 outsize=201 ok=1
Cmd: compileComputeKernel
  api=4 insize=8532076 outsize=201 ok=1
Cmd: compileComputeKernel
  api=4 insize=8532076 outsize=201 ok=1
Cmd: compileComputeKernel
  api=4 insize=8532076 outsize=201 ok=1
Cmd: compileComputeKernel
  api=4 insize=8532076 outsize=201 ok=1
Cmd: compileComputeKernel
  api=4 insize=8532076 outsize=201 ok=1
Cmd: compileComputeKernel
  api=4 insize=8532076 outsize=201 ok=1
Cmd: compileComputeKernel
  api=4 insize=8532076 outsize=201 ok=1
Cmd: compileComputeKernel
  api=4 insize=8532076 outsize=201 ok=1
Cmd: compileComputeKernel
  api=4 insize=8532076 outsize=201 ok=1
Cmd: compileComputeKernel
  api=4 insize=8532076 outsize=201 ok=1
Cmd: compileComputeKernel
  api=4 insize=8532076 outsize=201 ok=1
Cmd: compileComputeKernel
  api=4 insize=8532076 outsize=201 ok=1
Cmd: compileComputeKernel
  api=4 insize=8532076 outsize=201 ok=1
Cmd: compileComputeKernel
  api=4 insize=8532076 outsize=201 ok=1
Cmd: compileComputeKernel
  api=4 insize=8532076 outsize=201 ok=1
Cmd: compileComputeKernel
  api=4 insize=8532076 outsize=201 ok=1
Cmd: compileComputeKernel
  api=4 insize=8532076 outsize=201 ok=1
Cmd: compileComputeKernel
  api=4 insize=8532076 outsize=201 ok=1
Cmd: compileComputeKernel
  api=4 insize=8532076 outsize=201 ok=1
Cmd: compileComputeKernel
  api=4 insize=8532076 outsize=201 ok=1
Cmd: compileComputeKernel
  api=4 insize=8532076 outsize=201 ok=1
Cmd: compileComputeKernel
  api=4 insize=8532076 outsize=201 ok=1
Cmd: compileComputeKernel
  api=4 insize=8532076 outsize=201 ok=1
Cmd: compileComputeKernel
  api=4 insize=8532076 outsize=201 ok=1
Cmd: compileComputeKernel
  api=4 insize=8532076 outsize=201 ok=1
Cmd: compileComputeKernel
  api=4 insize=8532076 outsize=201 ok=1
Cmd: compileComputeKernel
  api=4 insize=8532076 outsize=201 ok=1
Cmd: compileComputeKernel
  api=4 insize=8532076 outsize=201 ok=1
Cmd: compileComputeKernel
  api=4 insize=8532076 outsize=201 ok=1
Cmd: compileComputeKernel
  api=4 insize=8532076 outsize=201 ok=1
Cmd: compileComputeKernel
  api=4 insize=8532076 outsize=201 ok=1
Cmd: compileComputeKernel
  api=4 insize=8532076 outsize=201 ok=1
Cmd: compileComputeKernel
  api=4 insize=8532076 outsize=201 ok=1
Cmd: compileComputeKernel
  api=4 insize=8532076 outsize=201 ok=1
Cmd: compileComputeKernel
  api=4 insize=8532076 outsize=201 ok=1
Cmd: compileComputeKernel
  api=4 insize=8532076 outsize=201 ok=1
Cmd: compileComputeKernel
  api=4 insize=8532076 outsize=201 ok=1
Cmd: compileComputeKernel
  api=4 insize=8532076 outsize=201 ok=1
Cmd: compileComputeKernel
  api=4 insize=8532076 outsize=201 ok=1
Cmd: compileComputeKernel
  api=4 insize=8532076 outsize=201 ok=1
Cmd: compileComputeKernel
  api=4 insize=8532076 outsize=201 ok=1
Cmd: compileComputeKernel
  api=4 insize=8532076 outsize=201 ok=1
Cmd: compileComputeKernel
  api=4 insize=8532076 outsize=201 ok=1
Cmd: compileComputeKernel
  api=4 insize=8532076 outsize=201 ok=1
Cmd: compileComputeKernel
  api=4 insize=8532076 outsize=201 ok=1
Cmd: compileComputeKernel
  api=4 insize=8532076 outsize=201 ok=1
Cmd: compileComputeKernel
  api=4 insize=8532076 outsize=201 ok=1
Cmd: compileComputeKernel
  api=4 insize=8532076 outsize=201 ok=1
Cmd: compileComputeKernel
  api=4 insize=8532076 outsize=201 ok=1
Cmd: compileComputeKernel
  api=4 insize=8532076 outsize=201 ok=1
Cmd: compileComputeKernel
  api=4 insize=8532076 outsize=201 ok=1
Cmd: compileComputeKernel
  api=4 insize=8532076 outsize=201 ok=1
Cmd: compileComputeKernel
  api=4 insize=8532076 outsize=201 ok=1
Cmd: compileComputeKernel
  api=4 insize=8532076 outsize=201 ok=1
Cmd: compileComputeKernel
  api=4 insize=8532076 outsize=201 ok=1
Cmd: compileComputeKernel
  api=4 insize=8532076 outsize=201 ok=1
Cmd: compileComputeKernel
  api=4 insize=8532076 outsize=201 ok=1
Cmd: compileComputeKernel
  api=4 insize=8532076 outsize=201 ok=1
Cmd: compileComputeKernel
  api=4 insize=8532076 outsize=201 ok=1
Cmd: compileComputeKernel
  api=4 insize=8532076 outsize=201 ok=1
Cmd: compileComputeKernel
  api=4 insize=8532076 outsize=201 ok=1
Cmd: compileComputeKernel
  api=4 insize=8532076 outsize=201 ok=1
Cmd: compileComputeKernel
  api=4 insize=8532076 outsize=201 ok=1
Cmd: compileComputeKernel
  api=4 insize=8532076 outsize=201 ok=1
Cmd: compileComputeKernel
  api=4 insize=8532076 outsize=201 ok=1
Cmd: compileComputeKernel
  api=4 insize=8532076 outsize=201 ok=1
Cmd: compileComputeKernel
  api=4 insize=8532076 outsize=201 ok=1
Cmd: compileComputeKernel
  api=4 insize=8532076 outsize=201 ok=1
Cmd: compileComputeKernel
  api=4 insize=8532076 outsize=201 ok=1
Cmd: compileComputeKernel
  api=4 insize=8532076 outsize=201 ok=1
Cmd: compileComputeKernel
  api=4 insize=8532076 outsize=201 ok=1
Cmd: compileComputeKernel
  api=4 insize=8532076 outsize=201 ok=1
Cmd: compileComputeKernel
  api=4 insize=8532076 outsize=201 ok=1
Cmd: compileComputeKernel
  api=4 insize=8532076 outsize=201 ok=1
Cmd: compileComputeKernel
  api=4 insize=8532076 outsize=201 ok=1
Cmd: compileComputeKernel
  api=4 insize=8532076 outsize=201 ok=1
Cmd: compileComputeKernel
  api=4 insize=8532076 outsize=201 ok=1
Cmd: compileComputeKernel
  api=4 insize=8532076 outsize=201 ok=1
Cmd: compileComputeKernel
  api=4 insize=8532076 outsize=201 ok=1
Cmd: compileComputeKernel
  api=4 insize=8532076 outsize=201 ok=1
Cmd: compileComputeKernel
  api=4 insize=8532076 outsize=201 ok=1
Cmd: compileComputeKernel
  api=4 insize=8532076 outsize=201 ok=1
Cmd: compileComputeKernel
  api=4 insize=8532076 outsize=201 ok=1
Cmd: compileComputeKernel
  api=4 insize=8532076 outsize=201 ok=1
Cmd: compileComputeKernel
  api=4 insize=8532076 outsize=201 ok=1
Cmd: compileComputeKernel
  api=4 insize=8532076 outsize=201 ok=1
Cmd: compileComputeKernel
  api=4 insize=8532076 outsize=201 ok=1
Cmd: compileComputeKernel
  api=4 insize=8532076 outsize=7629 ok=1
Cmd: compileComputeKernel
  api=4 insize=8532076 outsize=16681 ok=1
Cmd: compileComputeKernel
  api=4 insize=8532076 outsize=201 ok=1
Cmd: compileComputeKernel
  api=4 insize=8532076 outsize=22413 ok=1
Cmd: compileComputeKernel
  api=4 insize=8532076 outsize=11957 ok=1
Cmd: compileComputeKernel
  api=4 insize=8532076 outsize=201 ok=1
Cmd: compileComputeKernel
  api=4 insize=8532076 outsize=19797 ok=1
Cmd: compileComputeKernel
  api=4 insize=8532076 outsize=201 ok=1
Cmd: compileComputeKernel
  api=4 insize=8532076 outsize=12941 ok=1
Cmd: compileComputeKernel
  api=4 insize=8532076 outsize=201 ok=1
Cmd: compileComputeKernel
  api=4 insize=8532076 outsize=15701 ok=1
Cmd: compileComputeKernel
  api=4 insize=8532076 outsize=201 ok=1
Cmd: compileComputeKernel
  api=4 insize=8532076 outsize=201 ok=1
Cmd: compileComputeKernel
  api=4 insize=8532076 outsize=201 ok=1
Cmd: compileComputeKernel
  api=4 insize=8532076 outsize=201 ok=1
Cmd: compileComputeKernel
  api=4 insize=8532076 outsize=201 ok=1
Cmd: compileComputeKernel
  api=4 insize=8532076 outsize=201 ok=1
Cmd: compileComputeKernel
  api=4 insize=8532076 outsize=201 ok=1
Cmd: compileComputeKernel
  api=4 insize=8532076 outsize=5161 ok=1
Cmd: compileComputeKernel
  api=4 insize=8532076 outsize=201 ok=1
Cmd: compileComputeKernel
  api=4 insize=8532076 outsize=17405 ok=1
Cmd: compileComputeKernel
  api=4 insize=8532076 outsize=201 ok=1
Cmd: compileComputeKernel
  api=4 insize=8532076 outsize=23137 ok=1
Cmd: compileComputeKernel
  api=4 insize=8532076 outsize=13277 ok=1
Cmd: compileComputeKernel
  api=4 insize=8532076 outsize=201 ok=1
Cmd: compileComputeKernel
  api=4 insize=8532076 outsize=16037 ok=1
Cmd: compileComputeKernel
  api=4 insize=8532076 outsize=201 ok=1
Cmd: compileComputeKernel
  api=4 insize=8532076 outsize=201 ok=1
Cmd: compileComputeKernel
  api=4 insize=8532076 outsize=201 ok=1
Cmd: compileComputeKernel
  api=4 insize=8532076 outsize=201 ok=1
Cmd: compileComputeKernel
  api=4 insize=8532076 outsize=201 ok=1
Cmd: compileComputeKernel
  api=4 insize=8532076 outsize=201 ok=1
Cmd: compileComputeKernel
  api=4 insize=8532076 outsize=201 ok=1
Cmd: compileComputeKernel
  api=4 insize=8532076 outsize=4969 ok=1
Cmd: compileComputeKernel
  api=4 insize=8532076 outsize=201 ok=1
Cmd: compileComputeKernel
  api=4 insize=8532076 outsize=17213 ok=1
Cmd: compileComputeKernel
  api=4 insize=8532076 outsize=201 ok=1
Cmd: compileComputeKernel
  api=4 insize=8532076 outsize=19989 ok=1
Cmd: compileComputeKernel
  api=4 insize=8532076 outsize=201 ok=1
Cmd: compileComputeKernel
  api=4 insize=8532076 outsize=7605 ok=1
Cmd: compileComputeKernel
  api=4 insize=8532076 outsize=201 ok=1
Cmd: compileComputeKernel
  api=4 insize=8532076 outsize=19849 ok=1
Cmd: compileComputeKernel
  api=4 insize=8532076 outsize=201 ok=1
Cmd: compileComputeKernel
  api=4 insize=8532076 outsize=25485 ok=1
Cmd: compileComputeKernel
  api=4 insize=8532076 outsize=201 ok=1
Cmd: compileComputeKernel
  api=4 insize=8532076 outsize=201 ok=1
Cmd: compileComputeKernel
  api=4 insize=8532076 outsize=201 ok=1
Cmd: compileComputeKernel
  api=4 insize=8532076 outsize=201 ok=1
Cmd: compileComputeKernel
  api=4 insize=8532076 outsize=201 ok=1
Cmd: compileComputeKernel
  api=4 insize=8532076 outsize=201 ok=1
Cmd: compileComputeKernel
  api=4 insize=8532076 outsize=201 ok=1
Cmd: compileComputeKernel
  api=4 insize=8532076 outsize=201 ok=1
Cmd: compileComputeKernel
  api=4 insize=8532076 outsize=201 ok=1
Cmd: compileComputeKernel
  api=4 insize=8532076 outsize=201 ok=1
Cmd: compileComputeKernel
  api=4 insize=8532076 outsize=201 ok=1
Cmd: compileComputeKernel
  api=4 insize=8532076 outsize=201 ok=1
Cmd: compileComputeKernel
  api=4 insize=8532076 outsize=201 ok=1
Cmd: compileComputeKernel
  api=4 insize=8532076 outsize=201 ok=1
Cmd: compileComputeKernel
  api=4 insize=8532076 outsize=201 ok=1
Cmd: compileComputeKernel
  api=4 insize=8532076 outsize=4969 ok=1
Cmd: compileComputeKernel
  api=4 insize=8532076 outsize=201 ok=1
Cmd: compileComputeKernel
  api=4 insize=8532076 outsize=201 ok=1
Cmd: compileComputeKernel
  api=4 insize=8532076 outsize=20533 ok=1
Cmd: compileComputeKernel
  api=4 insize=8532076 outsize=201 ok=1
Cmd: compileComputeKernel
  api=4 insize=8532076 outsize=201 ok=1
Cmd: compileComputeKernel
  api=4 insize=8532076 outsize=201 ok=1
Cmd: compileComputeKernel
  api=4 insize=8532076 outsize=201 ok=1
Cmd: compileComputeKernel
  api=4 insize=8532076 outsize=201 ok=1
Cmd: compileComputeKernel
  api=4 insize=8532076 outsize=201 ok=1
Cmd: compileComputeKernel
  api=4 insize=8532076 outsize=7977 ok=1
Cmd: compileComputeKernel
  api=4 insize=8532076 outsize=201 ok=1
Cmd: compileComputeKernel
  api=4 insize=8532076 outsize=201 ok=1
Cmd: compileComputeKernel
  api=4 insize=8532076 outsize=23345 ok=1
Cmd: compileComputeKernel
  api=4 insize=8532076 outsize=22805 ok=1
Cmd: compileComputeKernel
  api=4 insize=8532076 outsize=201 ok=1
Cmd: compileComputeKernel
  api=4 insize=8532076 outsize=201 ok=1
Cmd: compileComputeKernel
  api=4 insize=8532076 outsize=201 ok=1
Cmd: compileComputeKernel
  api=4 insize=8532076 outsize=201 ok=1
Cmd: compileComputeKernel
  api=4 insize=8532076 outsize=201 ok=1
Cmd: compileComputeKernel
  api=4 insize=8532076 outsize=201 ok=1
Cmd: compileComputeKernel
  api=4 insize=8532076 outsize=201 ok=1
Cmd: compileComputeKernel
  api=4 insize=8532076 outsize=201 ok=1
Cmd: compileComputeKernel
  api=4 insize=8532076 outsize=201 ok=1
Cmd: compileComputeKernel
  api=4 insize=8532076 outsize=201 ok=1
Cmd: compileComputeKernel
  api=4 insize=8532076 outsize=201 ok=1
Cmd: compileComputeKernel
  api=4 insize=8532076 outsize=201 ok=1
Cmd: compileComputeKernel
  api=4 insize=8532076 outsize=201 ok=1
Cmd: compileComputeKernel
  api=4 insize=8532076 outsize=201 ok=1
Cmd: compileComputeKernel
  api=4 insize=8532076 outsize=201 ok=1
Cmd: compileComputeKernel
  api=4 insize=8532076 outsize=201 ok=1
Cmd: compileComputeKernel
  api=4 insize=8532076 outsize=201 ok=1
Cmd: compileComputeKernel
  api=4 insize=8532076 outsize=201 ok=1
Cmd: compileComputeKernel
  api=4 insize=8532076 outsize=201 ok=1
Cmd: compileComputeKernel
  api=4 insize=8532076 outsize=201 ok=1
Cmd: compileComputeKernel
  api=4 insize=8532076 outsize=201 ok=1
Cmd: compileComputeKernel
  api=4 insize=8532076 outsize=201 ok=1
Cmd: compileComputeKernel
  api=4 insize=8532076 outsize=201 ok=1
Cmd: compileComputeKernel
  api=4 insize=8532076 outsize=201 ok=1
Cmd: compileComputeKernel
  api=4 insize=8532076 outsize=201 ok=1
Cmd: compileComputeKernel
  api=4 insize=8532076 outsize=201 ok=1
Cmd: compileComputeKernel
  api=4 insize=8532076 outsize=201 ok=1
Cmd: compileComputeKernel
  api=4 insize=8532076 outsize=201 ok=1
Cmd: compileComputeKernel
  api=4 insize=8532076 outsize=201 ok=1
Cmd: compileComputeKernel
  api=4 insize=8532076 outsize=201 ok=1
Cmd: compileComputeKernel
  api=4 insize=8532076 outsize=201 ok=1
Cmd: compileComputeKernel
  api=4 insize=8532076 outsize=201 ok=1
Cmd: compileComputeKernel
  api=4 insize=8532076 outsize=201 ok=1
Cmd: compileComputeKernel
  api=4 insize=8532076 outsize=201 ok=1
Cmd: compileComputeKernel
  api=4 insize=8532076 outsize=201 ok=1
Cmd: compileComputeKernel
  api=4 insize=8532076 outsize=201 ok=1
Cmd: compileComputeKernel
  api=4 insize=8532076 outsize=201 ok=1
Cmd: compileComputeKernel
  api=4 insize=8532076 outsize=201 ok=1
Cmd: compileComputeKernel
  api=4 insize=8532076 outsize=201 ok=1
Cmd: compileComputeKernel
  api=4 insize=8532076 outsize=201 ok=1
Cmd: compileComputeKernel
  api=4 insize=8532076 outsize=201 ok=1
Cmd: compileComputeKernel
  api=4 insize=8532076 outsize=201 ok=1
Cmd: compileComputeKernel
  api=4 insize=8532076 outsize=201 ok=1
Cmd: compileComputeKernel
  api=4 insize=8532076 outsize=201 ok=1
Cmd: compileComputeKernel
  api=4 insize=8532076 outsize=10013 ok=1
Cmd: compileComputeKernel
  api=4 insize=8532076 outsize=201 ok=1
Cmd: compileComputeKernel
  api=4 insize=8532076 outsize=12773 ok=1
Cmd: compileComputeKernel
  api=4 insize=8532076 outsize=3341 ok=1
Cmd: compileComputeKernel
  api=4 insize=8532076 outsize=7589 ok=1
Cmd: compileComputeKernel
  api=4 insize=8532076 outsize=201 ok=1
Cmd: compileComputeKernel
  api=4 insize=8532076 outsize=201 ok=1
Cmd: compileComputeKernel
  api=4 insize=8532076 outsize=201 ok=1
Cmd: compileComputeKernel
  api=4 insize=8532076 outsize=201 ok=1
Cmd: compileComputeKernel
  api=4 insize=8532076 outsize=13689 ok=1
Cmd: compileComputeKernel
  api=4 insize=8532076 outsize=201 ok=1
Cmd: compileComputeKernel
  api=4 insize=8532076 outsize=201 ok=1
Cmd: compileComputeKernel
  api=4 insize=8532076 outsize=201 ok=1
Cmd: compileComputeKernel
  api=4 insize=8532076 outsize=201 ok=1
Cmd: compileComputeKernel
  api=4 insize=8532076 outsize=201 ok=1
Cmd: compileComputeKernel
  api=4 insize=8532076 outsize=201 ok=1
Cmd: compileComputeKernel
  api=4 insize=8532076 outsize=201 ok=1
Cmd: compileComputeKernel
  api=4 insize=8532076 outsize=7333 ok=1
Cmd: compileComputeKernel
  api=4 insize=8532076 outsize=16469 ok=1
Cmd: compileComputeKernel
  api=4 insize=8532076 outsize=201 ok=1
Cmd: compileComputeKernel
  api=4 insize=8532076 outsize=201 ok=1
Cmd: compileComputeKernel
  api=4 insize=8532076 outsize=201 ok=1
Cmd: compileComputeKernel
  api=4 insize=8532076 outsize=201 ok=1
Cmd: compileComputeKernel
  api=4 insize=8532076 outsize=201 ok=1
Cmd: compileComputeKernel
  api=4 insize=8532076 outsize=201 ok=1
Cmd: compileComputeKernel
  api=4 insize=8532076 outsize=201 ok=1
Cmd: compileComputeKernel
  api=4 insize=8532076 outsize=201 ok=1
Cmd: compileComputeKernel
  api=4 insize=8532076 outsize=3341 ok=1
Cmd: compileComputeKernel
  api=4 insize=8532076 outsize=201 ok=1
Cmd: compileComputeKernel
  api=4 insize=8532076 outsize=201 ok=1
Cmd: compileComputeKernel
  api=4 insize=8532076 outsize=19021 ok=1
Cmd: compileComputeKernel
  api=4 insize=8532076 outsize=201 ok=1
Cmd: compileComputeKernel
  api=4 insize=8532076 outsize=201 ok=1
Cmd: compileComputeKernel
  api=4 insize=8532076 outsize=201 ok=1
Cmd: compileComputeKernel
  api=4 insize=8532076 outsize=201 ok=1
Cmd: compileComputeKernel
  api=4 insize=8532076 outsize=201 ok=1
Cmd: compileComputeKernel
  api=4 insize=8532076 outsize=201 ok=1
Cmd: compileComputeKernel
  api=4 insize=8532076 outsize=4465 ok=1
Cmd: compileComputeKernel
  api=4 insize=8532076 outsize=201 ok=1
Cmd: compileComputeKernel
  api=4 insize=8532076 outsize=16709 ok=1
Cmd: compileComputeKernel
  api=4 insize=8532076 outsize=201 ok=1
Cmd: compileComputeKernel
  api=4 insize=8532076 outsize=201 ok=1
Cmd: compileComputeKernel
  api=4 insize=8532076 outsize=201 ok=1
Cmd: compileComputeKernel
  api=4 insize=8532076 outsize=201 ok=1
Cmd: compileComputeKernel
  api=4 insize=8532076 outsize=201 ok=1
Cmd: compileComputeKernel
  api=4 insize=8532076 outsize=201 ok=1
Cmd: compileComputeKernel
  api=4 insize=8532076 outsize=201 ok=1
Cmd: compileComputeKernel
  api=4 insize=8532076 outsize=201 ok=1
Cmd: compileComputeKernel
  api=4 insize=8532076 outsize=6545 ok=1
Cmd: compileComputeKernel
  api=4 insize=8532076 outsize=201 ok=1
Cmd: compileComputeKernel
  api=4 insize=8532076 outsize=201 ok=1
Cmd: compileComputeKernel
  api=4 insize=8532076 outsize=201 ok=1
Cmd: compileComputeKernel
  api=4 insize=8532076 outsize=13497 ok=1
Cmd: compileComputeKernel
  api=4 insize=8532076 outsize=201 ok=1
Cmd: compileComputeKernel
  api=4 insize=8532076 outsize=201 ok=1
Cmd: compileComputeKernel
  api=4 insize=8532076 outsize=201 ok=1
Cmd: compileComputeKernel
  api=4 insize=8532076 outsize=201 ok=1
Cmd: compileComputeKernel
  api=4 insize=8532076 outsize=201 ok=1
Cmd: compileComputeKernel
  api=4 insize=8532076 outsize=201 ok=1
Cmd: compileComputeKernel
  api=4 insize=8532076 outsize=201 ok=1
Cmd: compileComputeKernel
  api=4 insize=8532076 outsize=201 ok=1
Cmd: compileComputeKernel
  api=4 insize=8532076 outsize=13373 ok=1
Cmd: compileComputeKernel
  api=4 insize=8532076 outsize=12985 ok=1
Cmd: compileComputeKernel
  api=4 insize=8532076 outsize=201 ok=1
Cmd: compileComputeKernel
  api=4 insize=8532076 outsize=24069 ok=1
Cmd: compileComputeKernel
  api=4 insize=8532076 outsize=201 ok=1
Cmd: compileComputeKernel
  api=4 insize=8532076 outsize=201 ok=1
Cmd: compileComputeKernel
  api=4 insize=8532076 outsize=201 ok=1
Cmd: compileComputeKernel
  api=4 insize=8532076 outsize=201 ok=1
Cmd: compileComputeKernel
  api=4 insize=8532076 outsize=201 ok=1
Cmd: compileComputeKernel
  api=4 insize=8532076 outsize=201 ok=1
Cmd: compileComputeKernel
  api=4 insize=8532076 outsize=201 ok=1
Cmd: compileComputeKernel
  api=4 insize=8532076 outsize=201 ok=1
Cmd: compileComputeKernel
  api=4 insize=8532076 outsize=201 ok=1
Cmd: compileComputeKernel
  api=4 insize=8532076 outsize=201 ok=1
Cmd: compileComputeKernel
  api=4 insize=8532076 outsize=201 ok=1
Cmd: compileComputeKernel
  api=4 insize=8532076 outsize=201 ok=1
Cmd: compileComputeKernel
  api=4 insize=8532076 outsize=201 ok=1
Cmd: compileComputeKernel
  api=4 insize=8532076 outsize=201 ok=1
Cmd: compileComputeKernel
  api=4 insize=8532076 outsize=201 ok=1
Cmd: compileComputeKernel
  api=4 insize=8532076 outsize=7781 ok=1
Cmd: compileComputeKernel
  api=4 insize=8532076 outsize=201 ok=1
Cmd: compileComputeKernel
  api=4 insize=8532076 outsize=10349 ok=1
Cmd: compileComputeKernel
  api=4 insize=8532076 outsize=201 ok=1
Cmd: compileComputeKernel
  api=4 insize=8532076 outsize=21529 ok=1
Cmd: compileComputeKernel
  api=4 insize=8532076 outsize=13741 ok=1
Cmd: compileComputeKernel
  api=4 insize=8532076 outsize=201 ok=1
Cmd: compileComputeKernel
  api=4 insize=8532076 outsize=16693 ok=1
Cmd: compileComputeKernel
  api=4 insize=8532076 outsize=201 ok=1
Cmd: compileComputeKernel
  api=4 insize=8532076 outsize=201 ok=1
Cmd: compileComputeKernel
  api=4 insize=8532076 outsize=201 ok=1
Cmd: compileComputeKernel
  api=4 insize=8532076 outsize=201 ok=1
Cmd: compileComputeKernel
  api=4 insize=8532076 outsize=201 ok=1
Cmd: compileComputeKernel
  api=4 insize=8532076 outsize=201 ok=1
Cmd: compileComputeKernel
  api=4 insize=8532076 outsize=201 ok=1
Cmd: compileComputeKernel
  api=4 insize=8532076 outsize=201 ok=1
Cmd: compileComputeKernel
  api=4 insize=8532076 outsize=201 ok=1
Cmd: compileComputeKernel
  api=4 insize=8532076 outsize=201 ok=1
Cmd: compileComputeKernel
  api=4 insize=8532076 outsize=201 ok=1
Cmd: compileComputeKernel
  api=4 insize=8532076 outsize=201 ok=1
Cmd: compileComputeKernel
  api=4 insize=8532076 outsize=201 ok=1
Cmd: compileComputeKernel
  api=4 insize=8532076 outsize=201 ok=1
Cmd: compileComputeKernel
  api=4 insize=8532076 outsize=201 ok=1
Cmd: compileComputeKernel
  api=4 insize=8532076 outsize=201 ok=1
Cmd: compileComputeKernel
  api=4 insize=8532076 outsize=201 ok=1
Cmd: compileComputeKernel
  api=4 insize=8532076 outsize=201 ok=1
Cmd: compileComputeKernel
  api=4 insize=8532076 outsize=201 ok=1
Cmd: compileComputeKernel
  api=4 insize=8532076 outsize=201 ok=1
Cmd: compileComputeKernel
  api=4 insize=8532076 outsize=201 ok=1
Cmd: compileComputeKernel
  api=4 insize=8532076 outsize=201 ok=1
Cmd: compileComputeKernel
  api=4 insize=8532076 outsize=201 ok=1
Cmd: compileComputeKernel
  api=4 insize=8532076 outsize=201 ok=1
Cmd: compileComputeKernel
  api=4 insize=8532076 outsize=201 ok=1
Cmd: compileComputeKernel
  api=4 insize=8532076 outsize=201 ok=1
Cmd: compileComputeKernel
  api=4 insize=8532076 outsize=201 ok=1
Cmd: compileComputeKernel
  api=4 insize=8532076 outsize=201 ok=1
Cmd: compileComputeKernel
  api=4 insize=8532076 outsize=201 ok=1
Cmd: compileComputeKernel
  api=4 insize=8532076 outsize=201 ok=1
Cmd: compileComputeKernel
  api=4 insize=8532076 outsize=201 ok=1
Cmd: compileComputeKernel
  api=4 insize=8532076 outsize=201 ok=1
Cmd: compileComputeKernel
  api=4 insize=8532076 outsize=201 ok=1
Cmd: compileComputeKernel
  api=4 insize=8532076 outsize=201 ok=1
Cmd: compileComputeKernel
  api=4 insize=8532076 outsize=201 ok=1
Cmd: compileComputeKernel
  api=4 insize=8532076 outsize=201 ok=1
Cmd: compileComputeKernel
  api=4 insize=8532076 outsize=201 ok=1
Cmd: compileComputeKernel
  api=4 insize=8532076 outsize=201 ok=1
Cmd: compileComputeKernel
  api=4 insize=8532076 outsize=201 ok=1
Cmd: compileComputeKernel
  api=4 insize=8532076 outsize=201 ok=1
Cmd: compileComputeKernel
  api=4 insize=8532076 outsize=201 ok=1
Cmd: compileComputeKernel
  api=4 insize=8532076 outsize=201 ok=1
Cmd: compileComputeKernel
  api=4 insize=8532076 outsize=201 ok=1
Cmd: compileComputeKernel
  api=4 insize=8532076 outsize=201 ok=1
Cmd: compileComputeKernel
  api=4 insize=8532076 outsize=201 ok=1
Cmd: compileComputeKernel
  api=4 insize=8532076 outsize=201 ok=1
Cmd: compileComputeKernel
  api=4 insize=8532076 outsize=201 ok=1
Cmd: compileComputeKernel
  api=4 insize=8532076 outsize=201 ok=1
Cmd: compileComputeKernel
  api=4 insize=8532076 outsize=201 ok=1
Cmd: compileComputeKernel
  api=4 insize=8532076 outsize=201 ok=1
Cmd: compileComputeKernel
  api=4 insize=8532076 outsize=12009 ok=1
Cmd: compileComputeKernel
  api=4 insize=8532076 outsize=11621 ok=1
Cmd: compileComputeKernel
  api=4 insize=8532076 outsize=201 ok=1
Cmd: compileComputeKernel
  api=4 insize=8532076 outsize=22609 ok=1
Cmd: compileComputeKernel
  api=4 insize=8532076 outsize=201 ok=1
Cmd: compileComputeKernel
  api=4 insize=8532076 outsize=15493 ok=1
Cmd: compileComputeKernel
  api=4 insize=8532076 outsize=201 ok=1
Cmd: compileComputeKernel
  api=4 insize=8532076 outsize=201 ok=1
Cmd: compileComputeKernel
  api=4 insize=8532076 outsize=201 ok=1
Cmd: compileComputeKernel
  api=4 insize=8532076 outsize=201 ok=1
Cmd: compileComputeKernel
  api=4 insize=8532076 outsize=201 ok=1
Cmd: compileComputeKernel
  api=4 insize=8532076 outsize=201 ok=1
Cmd: compileComputeKernel
  api=4 insize=8532076 outsize=201 ok=1
Cmd: compileComputeKernel
  api=4 insize=8532076 outsize=8945 ok=1
Cmd: compileComputeKernel
  api=4 insize=8532076 outsize=18273 ok=1
Cmd: compileComputeKernel
  api=4 insize=8532076 outsize=201 ok=1
Cmd: compileComputeKernel
  api=4 insize=8532076 outsize=23833 ok=1
Cmd: compileComputeKernel
  api=4 insize=8532076 outsize=12733 ok=1
Cmd: compileComputeKernel
  api=4 insize=8532076 outsize=12345 ok=1
Cmd: compileComputeKernel
  api=4 insize=8532076 outsize=201 ok=1
Cmd: compileComputeKernel
  api=4 insize=8532076 outsize=201 ok=1
Cmd: compileComputeKernel
  api=4 insize=8532076 outsize=201 ok=1
Cmd: compileComputeKernel
  api=4 insize=8532076 outsize=201 ok=1
Cmd: compileComputeKernel
  api=4 insize=8532076 outsize=201 ok=1
Cmd: compileComputeKernel
  api=4 insize=8532076 outsize=201 ok=1
Cmd: compileComputeKernel
  api=4 insize=8532076 outsize=201 ok=1
Cmd: compileComputeKernel
  api=4 insize=8532076 outsize=201 ok=1
Cmd: compileComputeKernel
  api=4 insize=8532076 outsize=201 ok=1
Cmd: compileComputeKernel
  api=4 insize=8532076 outsize=10517 ok=1
Cmd: compileComputeKernel
  api=4 insize=8532076 outsize=201 ok=1
Cmd: compileComputeKernel
  api=4 insize=8532076 outsize=13277 ok=1
Cmd: compileComputeKernel
  api=4 insize=8532076 outsize=201 ok=1
Cmd: compileComputeKernel
  api=4 insize=8532076 outsize=201 ok=1
Cmd: compileComputeKernel
  api=4 insize=8532076 outsize=201 ok=1
Cmd: compileComputeKernel
  api=4 insize=8532076 outsize=201 ok=1
Cmd: compileComputeKernel
  api=4 insize=8532076 outsize=201 ok=1
Cmd: compileComputeKernel
  api=4 insize=8532076 outsize=201 ok=1
Cmd: compileComputeKernel
  api=4 insize=8532076 outsize=201 ok=1
Cmd: compileComputeKernel
  api=4 insize=8532076 outsize=201 ok=1
Cmd: compileComputeKernel
  api=4 insize=8532076 outsize=201 ok=1
Cmd: compileComputeKernel
  api=4 insize=8532076 outsize=9585 ok=1
Cmd: compileComputeKernel
  api=4 insize=8532076 outsize=201 ok=1
Cmd: compileComputeKernel
  api=4 insize=8532076 outsize=201 ok=1
Cmd: compileComputeKernel
  api=4 insize=8532076 outsize=15493 ok=1
Cmd: compileComputeKernel
  api=4 insize=8532076 outsize=201 ok=1
Cmd: compileComputeKernel
  api=4 insize=8532076 outsize=201 ok=1
Cmd: compileComputeKernel
  api=4 insize=8532076 outsize=201 ok=1
Cmd: compileComputeKernel
  api=4 insize=8532076 outsize=201 ok=1
Cmd: compileComputeKernel
  api=4 insize=8532076 outsize=201 ok=1
Cmd: compileComputeKernel
  api=4 insize=8532076 outsize=201 ok=1
Cmd: compileComputeKernel
  api=4 insize=8532076 outsize=201 ok=1
Cmd: compileComputeKernel
  api=4 insize=8532076 outsize=12029 ok=1
Cmd: compileComputeKernel
  api=4 insize=8532076 outsize=201 ok=1
Cmd: compileComputeKernel
  api=4 insize=8532076 outsize=201 ok=1
Cmd: compileComputeKernel
  api=4 insize=8532076 outsize=18129 ok=1
Cmd: compileComputeKernel
  api=4 insize=8532076 outsize=201 ok=1
Cmd: compileComputeKernel
  api=4 insize=8532076 outsize=201 ok=1
Cmd: compileComputeKernel
  api=4 insize=8532076 outsize=201 ok=1
Cmd: compileComputeKernel
  api=4 insize=8532076 outsize=201 ok=1
Cmd: compileComputeKernel
  api=4 insize=8532076 outsize=201 ok=1
Cmd: compileComputeKernel
  api=4 insize=8532076 outsize=201 ok=1
Cmd: compileComputeKernel
  api=4 insize=8532076 outsize=201 ok=1
Cmd: compileComputeKernel
  api=4 insize=8532076 outsize=201 ok=1
Cmd: compileComputeKernel
  api=4 insize=8532076 outsize=201 ok=1
Cmd: compileComputeKernel
  api=4 insize=8532076 outsize=201 ok=1
Cmd: compileComputeKernel
  api=4 insize=8532076 outsize=201 ok=1
Cmd: compileComputeKernel
  api=4 insize=8532076 outsize=201 ok=1
Cmd: compileComputeKernel
  api=4 insize=8532076 outsize=201 ok=1
Cmd: compileComputeKernel
  api=4 insize=8532076 outsize=201 ok=1
Cmd: compileComputeKernel
  api=4 insize=8532076 outsize=201 ok=1
Cmd: compileComputeKernel
  api=4 insize=8532076 outsize=201 ok=1
Cmd: compileComputeKernel
  api=4 insize=8532076 outsize=201 ok=1
Cmd: compileComputeKernel
  api=4 insize=8532076 outsize=201 ok=1
Cmd: compileComputeKernel
  api=4 insize=8532076 outsize=201 ok=1
Cmd: compileComputeKernel
  api=4 insize=8532076 outsize=201 ok=1
Cmd: compileComputeKernel
  api=4 insize=8532076 outsize=201 ok=1
Cmd: compileComputeKernel
  api=4 insize=8532076 outsize=201 ok=1
Cmd: compileComputeKernel
  api=4 insize=8532076 outsize=201 ok=1
Cmd: compileComputeKernel
  api=4 insize=8532076 outsize=9585 ok=1
Cmd: compileComputeKernel
  api=4 insize=8532076 outsize=20825 ok=1
Cmd: compileComputeKernel
  api=4 insize=8532076 outsize=201 ok=1
Cmd: compileComputeKernel
  api=4 insize=8532076 outsize=201 ok=1
Cmd: compileComputeKernel
  api=4 insize=8532076 outsize=201 ok=1
Cmd: compileComputeKernel
  api=4 insize=8532076 outsize=201 ok=1
Cmd: compileComputeKernel
  api=4 insize=8532076 outsize=201 ok=1
Cmd: compileComputeKernel
  api=4 insize=8532076 outsize=201 ok=1
Cmd: compileComputeKernel
  api=4 insize=8532076 outsize=201 ok=1
Cmd: compileComputeKernel
  api=4 insize=8532076 outsize=15545 ok=1
Cmd: compileComputeKernel
  api=4 insize=8532076 outsize=15161 ok=1
Cmd: compileComputeKernel
  api=4 insize=8532076 outsize=201 ok=1
Cmd: compileComputeKernel
  api=4 insize=8532076 outsize=26049 ok=1
Cmd: compileComputeKernel
  api=4 insize=8532076 outsize=201 ok=1
Cmd: compileComputeKernel
  api=4 insize=8532076 outsize=201 ok=1
Cmd: compileComputeKernel
  api=4 insize=8532076 outsize=201 ok=1
Cmd: compileComputeKernel
  api=4 insize=8532076 outsize=201 ok=1
Cmd: compileComputeKernel
  api=4 insize=8532076 outsize=201 ok=1
Cmd: compileComputeKernel
  api=4 insize=8532076 outsize=201 ok=1
Cmd: compileComputeKernel
  api=4 insize=8532076 outsize=201 ok=1
Cmd: compileComputeKernel
  api=4 insize=8532076 outsize=201 ok=1
Cmd: compileComputeKernel
  api=4 insize=8532076 outsize=201 ok=1
Cmd: compileComputeKernel
  api=4 insize=8532076 outsize=201 ok=1
Cmd: compileComputeKernel
  api=4 insize=8532076 outsize=201 ok=1
Cmd: compileComputeKernel
  api=4 insize=8532076 outsize=201 ok=1
Cmd: compileComputeKernel
  api=4 insize=8532076 outsize=201 ok=1
Cmd: compileComputeKernel
  api=4 insize=8532076 outsize=201 ok=1
Cmd: compileComputeKernel
  api=4 insize=8532076 outsize=201 ok=1
Cmd: compileComputeKernel
  api=4 insize=8532076 outsize=201 ok=1
Cmd: compileComputeKernel
  api=4 insize=8532076 outsize=201 ok=1
Cmd: compileComputeKernel
  api=4 insize=8532076 outsize=201 ok=1
Cmd: compileComputeKernel
  api=4 insize=8532076 outsize=201 ok=1
Cmd: compileComputeKernel
  api=4 insize=8532076 outsize=201 ok=1
Cmd: compileComputeKernel
  api=4 insize=8532076 outsize=201 ok=1
Cmd: compileComputeKernel
  api=4 insize=8532076 outsize=201 ok=1
Cmd: compileComputeKernel
  api=4 insize=8532076 outsize=201 ok=1
Cmd: compileComputeKernel
  api=4 insize=8532076 outsize=201 ok=1
Cmd: compileComputeKernel
  api=4 insize=8532076 outsize=201 ok=1
Cmd: compileComputeKernel
  api=4 insize=8532076 outsize=201 ok=1
Cmd: compileComputeKernel
  api=4 insize=8532076 outsize=201 ok=1
Cmd: compileComputeKernel
  api=4 insize=8532076 outsize=201 ok=1
Cmd: compileComputeKernel
  api=4 insize=8532076 outsize=201 ok=1
Cmd: compileComputeKernel
  api=4 insize=8532076 outsize=201 ok=1
Cmd: compileComputeKernel
  api=4 insize=8532076 outsize=201 ok=1
Cmd: compileComputeKernel
  api=4 insize=8532076 outsize=201 ok=1
Cmd: compileComputeKernel
  api=4 insize=8532076 outsize=201 ok=1
Cmd: compileComputeKernel
  api=4 insize=8532076 outsize=201 ok=1
Cmd: compileComputeKernel
  api=4 insize=8532076 outsize=201 ok=1
Cmd: compileComputeKernel
  api=4 insize=8532076 outsize=201 ok=1
Cmd: compileComputeKernel
  api=4 insize=8532076 outsize=201 ok=1
Cmd: compileComputeKernel
  api=4 insize=8532076 outsize=201 ok=1
Cmd: compileComputeKernel
  api=4 insize=8532076 outsize=201 ok=1
Cmd: compileComputeKernel
  api=4 insize=8532076 outsize=201 ok=1
Cmd: compileComputeKernel
  api=4 insize=8532076 outsize=201 ok=1
Cmd: compileComputeKernel
  api=4 insize=8532076 outsize=201 ok=1
Cmd: compileComputeKernel
  api=4 insize=8532076 outsize=201 ok=1
Cmd: compileComputeKernel
  api=4 insize=8532076 outsize=201 ok=1
Cmd: compileComputeKernel
  api=4 insize=8532076 outsize=201 ok=1
Cmd: compileComputeKernel
  api=4 insize=8532076 outsize=201 ok=1
Cmd: compileComputeKernel
  api=4 insize=8532076 outsize=201 ok=1
Cmd: compileComputeKernel
  api=4 insize=8532076 outsize=201 ok=1
Cmd: compileComputeKernel
  api=4 insize=8532076 outsize=201 ok=1
Cmd: compileComputeKernel
  api=4 insize=8532076 outsize=201 ok=1
Cmd: compileComputeKernel
  api=4 insize=8532076 outsize=201 ok=1
Cmd: compileComputeKernel
  api=4 insize=8532076 outsize=201 ok=1
Cmd: compileComputeKernel
  api=4 insize=8532076 outsize=201 ok=1
Cmd: compileComputeKernel
  api=4 insize=8532076 outsize=201 ok=1
Cmd: compileComputeKernel
  api=4 insize=8532076 outsize=201 ok=1
Cmd: compileComputeKernel
  api=4 insize=8532076 outsize=201 ok=1
Cmd: compileComputeKernel
  api=4 insize=8532076 outsize=201 ok=1
Cmd: compileComputeKernel
  api=4 insize=8532076 outsize=201 ok=1
Cmd: compileComputeKernel
  api=4 insize=8532076 outsize=201 ok=1
Cmd: compileComputeKernel
  api=4 insize=8532076 outsize=201 ok=1
Cmd: compileComputeKernel
  api=4 insize=8532076 outsize=201 ok=1
Cmd: compileComputeKernel
  api=4 insize=8532076 outsize=201 ok=1
Cmd: compileComputeKernel
  api=4 insize=8532076 outsize=201 ok=1
Cmd: compileComputeKernel
  api=4 insize=8532076 outsize=201 ok=1
Cmd: compileComputeKernel
  api=4 insize=8532076 outsize=201 ok=1
Cmd: compileComputeKernel
  api=4 insize=8532076 outsize=201 ok=1
Cmd: compileComputeKernel
  api=4 insize=8532076 outsize=201 ok=1
Cmd: compileComputeKernel
  api=4 insize=8532076 outsize=201 ok=1
Cmd: compileComputeKernel
  api=4 insize=8532076 outsize=201 ok=1
Cmd: compileComputeKernel
  api=4 insize=8532076 outsize=201 ok=1
Cmd: compileComputeKernel
  api=4 insize=8532076 outsize=201 ok=1
Cmd: compileComputeKernel
  api=4 insize=8532076 outsize=201 ok=1
Cmd: compileComputeKernel
  api=4 insize=8532076 outsize=201 ok=1
Cmd: compileComputeKernel
  api=4 insize=8532076 outsize=201 ok=1
Cmd: compileComputeKernel
  api=4 insize=8532076 outsize=201 ok=1
Cmd: compileComputeKernel
  api=4 insize=8532076 outsize=201 ok=1
Cmd: compileComputeKernel
  api=4 insize=8532076 outsize=201 ok=1
Cmd: compileComputeKernel
  api=4 insize=8532076 outsize=201 ok=1
Cmd: compileComputeKernel
  api=4 insize=8532076 outsize=201 ok=1
Cmd: compileComputeKernel
  api=4 insize=8532076 outsize=201 ok=1
Cmd: compileComputeKernel
  api=4 insize=8532076 outsize=201 ok=1
Cmd: compileComputeKernel
  api=4 insize=8532076 outsize=201 ok=1
Cmd: compileComputeKernel
  api=4 insize=8532076 outsize=201 ok=1
Cmd: compileComputeKernel
  api=4 insize=8532076 outsize=201 ok=1
Cmd: compileComputeKernel
  api=4 insize=8532076 outsize=201 ok=1
Cmd: compileComputeKernel
  api=4 insize=8532076 outsize=201 ok=1
Cmd: compileComputeKernel
  api=4 insize=8532076 outsize=201 ok=1
Cmd: compileComputeKernel
  api=4 insize=8532076 outsize=201 ok=1
Cmd: compileComputeKernel
  api=4 insize=8532076 outsize=201 ok=1
Cmd: compileComputeKernel
  api=4 insize=8532076 outsize=201 ok=1
Cmd: compileComputeKernel
  api=4 insize=8532076 outsize=201 ok=1
Cmd: compileComputeKernel
  api=4 insize=8532076 outsize=201 ok=1
Cmd: compileComputeKernel
  api=4 insize=8532076 outsize=201 ok=1
Cmd: compileComputeKernel
  api=4 insize=8532076 outsize=201 ok=1
Cmd: compileComputeKernel
  api=4 insize=8532076 outsize=201 ok=1
Cmd: compileComputeKernel
  api=4 insize=8532076 outsize=201 ok=1
Cmd: compileComputeKernel
  api=4 insize=8532076 outsize=201 ok=1
Cmd: compileComputeKernel
  api=4 insize=8532076 outsize=201 ok=1
Cmd: compileComputeKernel
  api=4 insize=8532076 outsize=201 ok=1
Cmd: compileComputeKernel
  api=4 insize=8532076 outsize=201 ok=1
Cmd: compileComputeKernel
  api=4 insize=8532076 outsize=201 ok=1
Cmd: compileComputeKernel
  api=4 insize=8532076 outsize=201 ok=1
Cmd: compileComputeKernel
  api=4 insize=8532076 outsize=201 ok=1
Cmd: compileComputeKernel
  api=4 insize=8532076 outsize=201 ok=1
Cmd: compileComputeKernel
  api=4 insize=8532076 outsize=201 ok=1
Cmd: compileComputeKernel
  api=4 insize=8532076 outsize=201 ok=1
Cmd: compileComputeKernel
  api=4 insize=8532076 outsize=201 ok=1
Cmd: compileComputeKernel
  api=4 insize=8532076 outsize=201 ok=1
Cmd: compileComputeKernel
  api=4 insize=8532076 outsize=201 ok=1
Cmd: compileComputeKernel
  api=4 insize=8532076 outsize=201 ok=1
Cmd: compileComputeKernel
  api=4 insize=8532076 outsize=201 ok=1
Cmd: compileComputeKernel
  api=4 insize=8532076 outsize=201 ok=1
Cmd: compileComputeKernel
  api=4 insize=8532076 outsize=201 ok=1
Cmd: compileComputeKernel
  api=4 insize=8532076 outsize=201 ok=1
Cmd: compileComputeKernel
  api=4 insize=8532076 outsize=201 ok=1
Cmd: compileComputeKernel
  api=4 insize=8532076 outsize=201 ok=1
Cmd: compileComputeKernel
  api=4 insize=8532076 outsize=201 ok=1
Cmd: compileComputeKernel
  api=4 insize=8532076 outsize=201 ok=1
Cmd: compileComputeKernel
  api=4 insize=8532076 outsize=201 ok=1
Cmd: compileComputeKernel
  api=4 insize=8532076 outsize=201 ok=1
Cmd: compileComputeKernel
  api=4 insize=8532076 outsize=201 ok=1
Cmd: compileComputeKernel
  api=4 insize=8532076 outsize=201 ok=1
Cmd: compileComputeKernel
  api=4 insize=8532076 outsize=201 ok=1
Cmd: compileComputeKernel
  api=4 insize=8532076 outsize=201 ok=1
Cmd: compileComputeKernel
  api=4 insize=8532076 outsize=201 ok=1
Cmd: compileComputeKernel
  api=4 insize=8532076 outsize=201 ok=1
Cmd: compileComputeKernel
  api=4 insize=8532076 outsize=201 ok=1
Cmd: compileComputeKernel
  api=4 insize=8532076 outsize=201 ok=1
Cmd: compileComputeKernel
  api=4 insize=8532076 outsize=201 ok=1
Cmd: compileComputeKernel
  api=4 insize=8532076 outsize=201 ok=1
Cmd: compileComputeKernel
  api=4 insize=8532076 outsize=201 ok=1
Cmd: compileComputeKernel
  api=4 insize=8532076 outsize=201 ok=1
Cmd: compileComputeKernel
  api=4 insize=8532076 outsize=201 ok=1
Cmd: compileComputeKernel
  api=4 insize=8532076 outsize=201 ok=1
Cmd: compileComputeKernel
  api=4 insize=8532076 outsize=201 ok=1
Cmd: compileComputeKernel
  api=4 insize=8532076 outsize=201 ok=1
Cmd: compileComputeKernel
  api=4 insize=8532076 outsize=201 ok=1
Cmd: compileComputeKernel
  api=4 insize=8532076 outsize=201 ok=1
Cmd: compileComputeKernel
  api=4 insize=8532076 outsize=201 ok=1
Cmd: compileComputeKernel
  api=4 insize=8532076 outsize=201 ok=1
Cmd: compileComputeKernel
  api=4 insize=8532076 outsize=201 ok=1
Cmd: compileComputeKernel
  api=4 insize=8532076 outsize=201 ok=1
Cmd: compileComputeKernel
  api=4 insize=8532076 outsize=201 ok=1
Cmd: compileComputeKernel
  api=4 insize=8532076 outsize=201 ok=1
Cmd: compileComputeKernel
  api=4 insize=8532076 outsize=201 ok=1
Cmd: compileComputeKernel
  api=4 insize=8532076 outsize=201 ok=1
Cmd: compileComputeKernel
  api=4 insize=8532076 outsize=201 ok=1
Cmd: compileComputeKernel
  api=4 insize=8532076 outsize=201 ok=1
Cmd: compileComputeKernel
  api=4 insize=8532076 outsize=201 ok=1
Cmd: compileComputeKernel
  api=4 insize=8532076 outsize=201 ok=1
Cmd: compileComputeKernel
  api=4 insize=8532076 outsize=201 ok=1
Cmd: compileComputeKernel
  api=4 insize=8532076 outsize=201 ok=1
Cmd: compileComputeKernel
  api=4 insize=8532076 outsize=201 ok=1
Cmd: compileComputeKernel
  api=4 insize=8532076 outsize=201 ok=1
Cmd: compileComputeKernel
  api=4 insize=8532076 outsize=201 ok=1
Cmd: compileComputeKernel
  api=4 insize=8532076 outsize=201 ok=1
Cmd: compileComputeKernel
  api=4 insize=8532076 outsize=201 ok=1
Cmd: compileComputeKernel
  api=4 insize=8532076 outsize=201 ok=1
Cmd: compileComputeKernel
  api=4 insize=8532076 outsize=201 ok=1
Cmd: compileComputeKernel
  api=4 insize=8532076 outsize=201 ok=1
Cmd: compileComputeKernel
  api=4 insize=8532076 outsize=5301 ok=1
Cmd: compileComputeKernel
  api=4 insize=8532076 outsize=201 ok=1
Cmd: compileComputeKernel
  api=4 insize=8532076 outsize=201 ok=1
Cmd: compileComputeKernel
  api=4 insize=8532076 outsize=201 ok=1
Cmd: compileComputeKernel
  api=4 insize=8532076 outsize=201 ok=1
Cmd: compileComputeKernel
  api=4 insize=8532076 outsize=15621 ok=1
Cmd: compileComputeKernel
  api=4 insize=8532076 outsize=9393 ok=1
Cmd: compileComputeKernel
  api=4 insize=8532076 outsize=13585 ok=1
Cmd: compileComputeKernel
  api=4 insize=8532076 outsize=201 ok=1
Cmd: compileComputeKernel
  api=4 insize=8532076 outsize=16153 ok=1
Cmd: compileComputeKernel
  api=4 insize=8532076 outsize=201 ok=1
Cmd: compileComputeKernel
  api=4 insize=8532076 outsize=201 ok=1
Cmd: compileComputeKernel
  api=4 insize=8532076 outsize=201 ok=1
Cmd: compileComputeKernel
  api=4 insize=8532076 outsize=201 ok=1
Cmd: compileComputeKernel
  api=4 insize=8532076 outsize=201 ok=1
Cmd: compileComputeKernel
  api=4 insize=8532076 outsize=201 ok=1
Cmd: compileComputeKernel
  api=4 insize=8532076 outsize=201 ok=1
Cmd: compileComputeKernel
  api=4 insize=8532076 outsize=9989 ok=1
Cmd: compileComputeKernel
  api=4 insize=8532076 outsize=18953 ok=1
Cmd: compileComputeKernel
  api=4 insize=8532076 outsize=201 ok=1
Cmd: compileComputeKernel
  api=4 insize=8532076 outsize=21537 ok=1
Cmd: compileComputeKernel
  api=4 insize=8532076 outsize=201 ok=1
Cmd: compileComputeKernel
  api=4 insize=8532076 outsize=13393 ok=1
Cmd: compileComputeKernel
  api=4 insize=8532076 outsize=201 ok=1
Cmd: compileComputeKernel
  api=4 insize=8532076 outsize=16345 ok=1
Cmd: compileComputeKernel
  api=4 insize=8532076 outsize=201 ok=1
Cmd: compileComputeKernel
  api=4 insize=8532076 outsize=201 ok=1
Cmd: compileComputeKernel
  api=4 insize=8532076 outsize=201 ok=1
Cmd: compileComputeKernel
  api=4 insize=8532076 outsize=201 ok=1
Cmd: compileComputeKernel
  api=4 insize=8532076 outsize=201 ok=1
Cmd: compileComputeKernel
  api=4 insize=8532076 outsize=201 ok=1
Cmd: compileComputeKernel
  api=4 insize=8532076 outsize=201 ok=1
Cmd: compileComputeKernel
  api=4 insize=8532076 outsize=10133 ok=1
Cmd: compileComputeKernel
  api=4 insize=8532076 outsize=201 ok=1
Cmd: compileComputeKernel
  api=4 insize=8532076 outsize=22417 ok=1
Cmd: compileComputeKernel
  api=4 insize=8532076 outsize=201 ok=1
Cmd: compileComputeKernel
  api=4 insize=8532076 outsize=201 ok=1
Cmd: compileComputeKernel
  api=4 insize=8532076 outsize=201 ok=1
Cmd: compileComputeKernel
  api=4 insize=8532076 outsize=201 ok=1
Cmd: compileComputeKernel
  api=4 insize=8532076 outsize=201 ok=1
Cmd: compileComputeKernel
  api=4 insize=8532076 outsize=201 ok=1
Cmd: compileComputeKernel
  api=4 insize=8532076 outsize=201 ok=1
Cmd: compileComputeKernel
  api=4 insize=8532076 outsize=201 ok=1
Cmd: compileComputeKernel
  api=4 insize=8532076 outsize=13393 ok=1
Cmd: compileComputeKernel
  api=4 insize=8532076 outsize=201 ok=1
Cmd: compileComputeKernel
  api=4 insize=8532076 outsize=16345 ok=1
Cmd: compileComputeKernel
  api=4 insize=8532076 outsize=201 ok=1
Cmd: compileComputeKernel
  api=4 insize=8532076 outsize=201 ok=1
Cmd: compileComputeKernel
  api=4 insize=8532076 outsize=201 ok=1
Cmd: compileComputeKernel
  api=4 insize=8532076 outsize=201 ok=1
Cmd: compileComputeKernel
  api=4 insize=8532076 outsize=201 ok=1
Cmd: compileComputeKernel
  api=4 insize=8532076 outsize=201 ok=1
Cmd: compileComputeKernel
  api=4 insize=8532076 outsize=201 ok=1
Cmd: compileComputeKernel
  api=4 insize=8532076 outsize=16221 ok=1
Cmd: compileComputeKernel
  api=4 insize=8532076 outsize=15641 ok=1
Cmd: compileComputeKernel
  api=4 insize=8532076 outsize=201 ok=1
Cmd: compileComputeKernel
  api=4 insize=8532076 outsize=26725 ok=1
Cmd: compileComputeKernel
  api=4 insize=8532076 outsize=201 ok=1
Cmd: compileComputeKernel
  api=4 insize=8532076 outsize=201 ok=1
Cmd: compileComputeKernel
  api=4 insize=8532076 outsize=201 ok=1
Cmd: compileComputeKernel
  api=4 insize=8532076 outsize=201 ok=1
Cmd: compileComputeKernel
  api=4 insize=8532076 outsize=201 ok=1
Cmd: compileComputeKernel
  api=4 insize=8532076 outsize=201 ok=1
Cmd: compileComputeKernel
  api=4 insize=8532076 outsize=201 ok=1
Cmd: compileComputeKernel
  api=4 insize=8532076 outsize=201 ok=1
Cmd: compileComputeKernel
  api=4 insize=8532076 outsize=201 ok=1
Cmd: compileComputeKernel
  api=4 insize=8532076 outsize=201 ok=1
Cmd: compileComputeKernel
  api=4 insize=8532076 outsize=201 ok=1
Cmd: compileComputeKernel
  api=4 insize=8532076 outsize=201 ok=1
Cmd: compileComputeKernel
  api=4 insize=8532076 outsize=201 ok=1
Cmd: compileComputeKernel
  api=4 insize=8532076 outsize=201 ok=1
Cmd: compileComputeKernel
  api=4 insize=8532076 outsize=10457 ok=1
Cmd: compileComputeKernel
  api=4 insize=8532076 outsize=201 ok=1
Cmd: compileComputeKernel
  api=4 insize=8532076 outsize=13197 ok=1
Cmd: compileComputeKernel
  api=4 insize=8532076 outsize=20845 ok=1
Cmd: compileComputeKernel
  api=4 insize=8532076 outsize=201 ok=1
Cmd: compileComputeKernel
  api=4 insize=8532076 outsize=12205 ok=1
Cmd: compileComputeKernel
  api=4 insize=8532076 outsize=201 ok=1
Cmd: compileComputeKernel
  api=4 insize=8532076 outsize=24585 ok=1
Cmd: compileComputeKernel
