Base path: C:/Program Files/Unity/Editor/Data
Cmd: initializeCompiler
Cmd: compileComputeKernel
  api=4 insize=8532076 outsize=8717 ok=1
Cmd: compileComputeKernel
  api=4 insize=8532076 outsize=201 ok=1
Cmd: compileComputeKernel
  api=4 insize=8532076 outsize=201 ok=1
Cmd: compileComputeKernel
  api=4 insize=8532076 outsize=2485 ok=1
Cmd: compileComputeKernel
  api=4 insize=8532076 outsize=6733 ok=1
Cmd: compileComputeKernel
  api=4 insize=8532076 outsize=201 ok=1
Cmd: compileComputeKernel
  api=4 insize=8532076 outsize=14825 ok=1
Cmd: compileComputeKernel
  api=4 insize=8532076 outsize=201 ok=1
Cmd: compileComputeKernel
  api=4 insize=8532076 outsize=201 ok=1
Cmd: compileComputeKernel
  api=4 insize=8532076 outsize=201 ok=1
Cmd: compileComputeKernel
  api=4 insize=8532076 outsize=201 ok=1
Cmd: compileComputeKernel
  api=4 insize=8532076 outsize=201 ok=1
Cmd: compileComputeKernel
  api=4 insize=8532076 outsize=201 ok=1
Cmd: compileComputeKernel
  api=4 insize=8532076 outsize=201 ok=1
Cmd: compileComputeKernel
  api=4 insize=8532076 outsize=201 ok=1
Cmd: compileComputeKernel
  api=4 insize=8532076 outsize=10285 ok=1
Cmd: compileComputeKernel
  api=4 insize=8532076 outsize=201 ok=1
Cmd: compileComputeKernel
  api=4 insize=8532076 outsize=13237 ok=1
Cmd: compileComputeKernel
  api=4 insize=8532076 outsize=201 ok=1
Cmd: compileComputeKernel
  api=4 insize=8532076 outsize=201 ok=1
Cmd: compileComputeKernel
  api=4 insize=8532076 outsize=201 ok=1
Cmd: compileComputeKernel
  api=4 insize=8532076 outsize=201 ok=1
Cmd: compileComputeKernel
  api=4 insize=8532076 outsize=201 ok=1
Cmd: compileComputeKernel
  api=4 insize=8532076 outsize=201 ok=1
Cmd: compileComputeKernel
  api=4 insize=8532076 outsize=5689 ok=1
Cmd: compileComputeKernel
  api=4 insize=8532076 outsize=14825 ok=1
Cmd: compileComputeKernel
  api=4 insize=8532076 outsize=201 ok=1
Cmd: compileComputeKernel
  api=4 insize=8532076 outsize=20193 ok=1
Cmd: compileComputeKernel
  api=4 insize=8532076 outsize=201 ok=1
Cmd: compileComputeKernel
  api=4 insize=8532076 outsize=10621 ok=1
Cmd: compileComputeKernel
  api=4 insize=8532076 outsize=201 ok=1
Cmd: compileComputeKernel
  api=4 insize=8532076 outsize=13381 ok=1
Cmd: compileComputeKernel
  api=4 insize=8532076 outsize=201 ok=1
Cmd: compileComputeKernel
  api=4 insize=8532076 outsize=201 ok=1
Cmd: compileComputeKernel
  api=4 insize=8532076 outsize=201 ok=1
Cmd: compileComputeKernel
  api=4 insize=8532076 outsize=201 ok=1
Cmd: compileComputeKernel
  api=4 insize=8532076 outsize=201 ok=1
Cmd: compileComputeKernel
  api=4 insize=8532076 outsize=201 ok=1
Cmd: compileComputeKernel
  api=4 insize=8532076 outsize=201 ok=1
Cmd: compileComputeKernel
  api=4 insize=8532076 outsize=9689 ok=1
Cmd: compileComputeKernel
  api=4 insize=8532076 outsize=201 ok=1
Cmd: compileComputeKernel
  api=4 insize=8532076 outsize=12641 ok=1
Cmd: compileComputeKernel
  api=4 insize=8532076 outsize=201 ok=1
Cmd: compileComputeKernel
  api=4 insize=8532076 outsize=201 ok=1
Cmd: compileComputeKernel
  api=4 insize=8532076 outsize=201 ok=1
Cmd: compileComputeKernel
  api=4 insize=8532076 outsize=201 ok=1
Cmd: compileComputeKernel
  api=4 insize=8532076 outsize=201 ok=1
Cmd: compileComputeKernel
  api=4 insize=8532076 outsize=201 ok=1
Cmd: compileComputeKernel
  api=4 insize=8532076 outsize=201 ok=1
Cmd: compileComputeKernel
  api=4 insize=8532076 outsize=12325 ok=1
Cmd: compileComputeKernel
  api=4 insize=8532076 outsize=201 ok=1
Cmd: compileComputeKernel
  api=4 insize=8532076 outsize=15085 ok=1
Cmd: compileComputeKernel
  api=4 insize=8532076 outsize=201 ok=1
Cmd: compileComputeKernel
  api=4 insize=8532076 outsize=201 ok=1
Cmd: compileComputeKernel
  api=4 insize=8532076 outsize=201 ok=1
Cmd: compileComputeKernel
  api=4 insize=8532076 outsize=201 ok=1
Cmd: compileComputeKernel
  api=4 insize=8532076 outsize=201 ok=1
Cmd: compileComputeKernel
  api=4 insize=8532076 outsize=201 ok=1
Cmd: compileComputeKernel
  api=4 insize=8532076 outsize=201 ok=1
Cmd: compileComputeKernel
  api=4 insize=8532076 outsize=201 ok=1
Cmd: compileComputeKernel
  api=4 insize=8532076 outsize=201 ok=1
Cmd: compileComputeKernel
  api=4 insize=8532076 outsize=201 ok=1
Cmd: compileComputeKernel
  api=4 insize=8532076 outsize=201 ok=1
Cmd: compileComputeKernel
  api=4 insize=8532076 outsize=201 ok=1
Cmd: compileComputeKernel
  api=4 insize=8532076 outsize=201 ok=1
Cmd: compileComputeKernel
  api=4 insize=8532076 outsize=201 ok=1
Cmd: compileComputeKernel
  api=4 insize=8532076 outsize=201 ok=1
Cmd: compileComputeKernel
  api=4 insize=8532076 outsize=201 ok=1
Cmd: compileComputeKernel
  api=4 insize=8532076 outsize=201 ok=1
Cmd: compileComputeKernel
  api=4 insize=8532076 outsize=201 ok=1
Cmd: compileComputeKernel
  api=4 insize=8532076 outsize=201 ok=1
Cmd: compileComputeKernel
  api=4 insize=8532076 outsize=201 ok=1
Cmd: compileComputeKernel
  api=4 insize=8532076 outsize=201 ok=1
Cmd: compileComputeKernel
  api=4 insize=8532076 outsize=201 ok=1
Cmd: compileComputeKernel
  api=4 insize=8532076 outsize=201 ok=1
Cmd: compileComputeKernel
  api=4 insize=8532076 outsize=2485 ok=1
Cmd: compileComputeKernel
  api=4 insize=8532076 outsize=201 ok=1
Cmd: compileComputeKernel
  api=4 insize=8532076 outsize=14825 ok=1
Cmd: compileComputeKernel
  api=4 insize=8532076 outsize=201 ok=1
Cmd: compileComputeKernel
  api=4 insize=8532076 outsize=201 ok=1
Cmd: compileComputeKernel
  api=4 insize=8532076 outsize=201 ok=1
Cmd: compileComputeKernel
  api=4 insize=8532076 outsize=201 ok=1
Cmd: compileComputeKernel
  api=4 insize=8532076 outsize=201 ok=1
Cmd: compileComputeKernel
  api=4 insize=8532076 outsize=201 ok=1
Cmd: compileComputeKernel
  api=4 insize=8532076 outsize=201 ok=1
Cmd: compileComputeKernel
  api=4 insize=8532076 outsize=5301 ok=1
Cmd: compileComputeKernel
  api=4 insize=8532076 outsize=201 ok=1
Cmd: compileComputeKernel
  api=4 insize=8532076 outsize=17545 ok=1
Cmd: compileComputeKernel
  api=4 insize=8532076 outsize=201 ok=1
Cmd: compileComputeKernel
  api=4 insize=8532076 outsize=20053 ok=1
Cmd: compileComputeKernel
  api=4 insize=8532076 outsize=201 ok=1
Cmd: compileComputeKernel
  api=4 insize=8532076 outsize=201 ok=1
Cmd: compileComputeKernel
  api=4 insize=8532076 outsize=201 ok=1
Cmd: compileComputeKernel
  api=4 insize=8532076 outsize=201 ok=1
Cmd: compileComputeKernel
  api=4 insize=8532076 outsize=201 ok=1
Cmd: compileComputeKernel
  api=4 insize=8532076 outsize=201 ok=1
Cmd: compileComputeKernel
  api=4 insize=8532076 outsize=201 ok=1
Cmd: compileComputeKernel
  api=4 insize=8532076 outsize=201 ok=1
Cmd: compileComputeKernel
  api=4 insize=8532076 outsize=201 ok=1
Cmd: compileComputeKernel
  api=4 insize=8532076 outsize=201 ok=1
Cmd: compileComputeKernel
  api=4 insize=8532076 outsize=201 ok=1
Cmd: compileComputeKernel
  api=4 insize=8532076 outsize=201 ok=1
Cmd: compileComputeKernel
  api=4 insize=8532076 outsize=201 ok=1
Cmd: compileComputeKernel
  api=4 insize=8532076 outsize=201 ok=1
Cmd: compileComputeKernel
  api=4 insize=8532076 outsize=201 ok=1
Cmd: compileComputeKernel
  api=4 insize=8532076 outsize=201 ok=1
Cmd: compileComputeKernel
  api=4 insize=8532076 outsize=201 ok=1
Cmd: compileComputeKernel
  api=4 insize=8532076 outsize=201 ok=1
Cmd: compileComputeKernel
  api=4 insize=8532076 outsize=201 ok=1
Cmd: compileComputeKernel
  api=4 insize=8532076 outsize=201 ok=1
Cmd: compileComputeKernel
  api=4 insize=8532076 outsize=201 ok=1
Cmd: compileComputeKernel
  api=4 insize=8532076 outsize=201 ok=1
Cmd: compileComputeKernel
  api=4 insize=8532076 outsize=201 ok=1
Cmd: compileComputeKernel
  api=4 insize=8532076 outsize=201 ok=1
Cmd: compileComputeKernel
  api=4 insize=8532076 outsize=201 ok=1
Cmd: compileComputeKernel
  api=4 insize=8532076 outsize=201 ok=1
Cmd: compileComputeKernel
  api=4 insize=8532076 outsize=201 ok=1
Cmd: compileComputeKernel
  api=4 insize=8532076 outsize=201 ok=1
Cmd: compileComputeKernel
  api=4 insize=8532076 outsize=201 ok=1
Cmd: compileComputeKernel
  api=4 insize=8532076 outsize=201 ok=1
Cmd: compileComputeKernel
  api=4 insize=8532076 outsize=201 ok=1
Cmd: compileComputeKernel
  api=4 insize=8532076 outsize=201 ok=1
Cmd: compileComputeKernel
  api=4 insize=8532076 outsize=201 ok=1
Cmd: compileComputeKernel
  api=4 insize=8532076 outsize=201 ok=1
Cmd: compileComputeKernel
  api=4 insize=8532076 outsize=201 ok=1
Cmd: compileComputeKernel
  api=4 insize=8532076 outsize=201 ok=1
Cmd: compileComputeKernel
  api=4 insize=8532076 outsize=201 ok=1
Cmd: compileComputeKernel
  api=4 insize=8532076 outsize=201 ok=1
Cmd: compileComputeKernel
  api=4 insize=8532076 outsize=201 ok=1
Cmd: compileComputeKernel
  api=4 insize=8532076 outsize=201 ok=1
Cmd: compileComputeKernel
  api=4 insize=8532076 outsize=201 ok=1
Cmd: compileComputeKernel
  api=4 insize=8532076 outsize=3573 ok=1
Cmd: compileComputeKernel
  api=4 insize=8532076 outsize=201 ok=1
Cmd: compileComputeKernel
  api=4 insize=8532076 outsize=201 ok=1
Cmd: compileComputeKernel
  api=4 insize=8532076 outsize=18957 ok=1
Cmd: compileComputeKernel
  api=4 insize=8532076 outsize=7301 ok=1
Cmd: compileComputeKernel
  api=4 insize=8532076 outsize=11493 ok=1
Cmd: compileComputeKernel
  api=4 insize=8532076 outsize=16629 ok=1
Cmd: compileComputeKernel
  api=4 insize=8532076 outsize=201 ok=1
Cmd: compileComputeKernel
  api=4 insize=8532076 outsize=22093 ok=1
Cmd: compileComputeKernel
  api=4 insize=8532076 outsize=4693 ok=1
Cmd: compileComputeKernel
  api=4 insize=8532076 outsize=201 ok=1
Cmd: compileComputeKernel
  api=4 insize=8532076 outsize=201 ok=1
Cmd: compileComputeKernel
  api=4 insize=8532076 outsize=201 ok=1
Cmd: compileComputeKernel
  api=4 insize=8532076 outsize=15041 ok=1
Cmd: compileComputeKernel
  api=4 insize=8532076 outsize=201 ok=1
Cmd: compileComputeKernel
  api=4 insize=8532076 outsize=201 ok=1
Cmd: compileComputeKernel
  api=4 insize=8532076 outsize=201 ok=1
Cmd: compileComputeKernel
  api=4 insize=8532076 outsize=201 ok=1
Cmd: compileComputeKernel
  api=4 insize=8532076 outsize=201 ok=1
Cmd: compileComputeKernel
  api=4 insize=8532076 outsize=201 ok=1
Cmd: compileComputeKernel
  api=4 insize=8532076 outsize=4289 ok=1
Cmd: compileComputeKernel
  api=4 insize=8532076 outsize=201 ok=1
Cmd: compileComputeKernel
  api=4 insize=8532076 outsize=201 ok=1
Cmd: compileComputeKernel
  api=4 insize=8532076 outsize=201 ok=1
Cmd: compileComputeKernel
  api=4 insize=8532076 outsize=11105 ok=1
Cmd: compileComputeKernel
  api=4 insize=8532076 outsize=201 ok=1
Cmd: compileComputeKernel
  api=4 insize=8532076 outsize=19137 ok=1
Cmd: compileComputeKernel
  api=4 insize=8532076 outsize=201 ok=1
Cmd: compileComputeKernel
  api=4 insize=8532076 outsize=9469 ok=1
Cmd: compileComputeKernel
  api=4 insize=8532076 outsize=201 ok=1
Cmd: compileComputeKernel
  api=4 insize=8532076 outsize=12229 ok=1
Cmd: compileComputeKernel
  api=4 insize=8532076 outsize=201 ok=1
Cmd: compileComputeKernel
  api=4 insize=8532076 outsize=201 ok=1
Cmd: compileComputeKernel
  api=4 insize=8532076 outsize=201 ok=1
Cmd: compileComputeKernel
  api=4 insize=8532076 outsize=201 ok=1
Cmd: compileComputeKernel
  api=4 insize=8532076 outsize=201 ok=1
Cmd: compileComputeKernel
  api=4 insize=8532076 outsize=201 ok=1
Cmd: compileComputeKernel
  api=4 insize=8532076 outsize=201 ok=1
Cmd: compileComputeKernel
  api=4 insize=8532076 outsize=201 ok=1
Cmd: compileComputeKernel
  api=4 insize=8532076 outsize=201 ok=1
Cmd: compileComputeKernel
  api=4 insize=8532076 outsize=8537 ok=1
Cmd: compileComputeKernel
  api=4 insize=8532076 outsize=201 ok=1
Cmd: compileComputeKernel
  api=4 insize=8532076 outsize=11297 ok=1
Cmd: compileComputeKernel
  api=4 insize=8532076 outsize=201 ok=1
Cmd: compileComputeKernel
  api=4 insize=8532076 outsize=201 ok=1
Cmd: compileComputeKernel
  api=4 insize=8532076 outsize=201 ok=1
Cmd: compileComputeKernel
  api=4 insize=8532076 outsize=201 ok=1
Cmd: compileComputeKernel
  api=4 insize=8532076 outsize=201 ok=1
Cmd: compileComputeKernel
  api=4 insize=8532076 outsize=201 ok=1
Cmd: compileComputeKernel
  api=4 insize=8532076 outsize=201 ok=1
Cmd: compileComputeKernel
  api=4 insize=8532076 outsize=201 ok=1
Cmd: compileComputeKernel
  api=4 insize=8532076 outsize=6925 ok=1
Cmd: compileComputeKernel
  api=4 insize=8532076 outsize=201 ok=1
Cmd: compileComputeKernel
  api=4 insize=8532076 outsize=19169 ok=1
Cmd: compileComputeKernel
  api=4 insize=8532076 outsize=24633 ok=1
Cmd: compileComputeKernel
  api=4 insize=8532076 outsize=201 ok=1
Cmd: compileComputeKernel
  api=4 insize=8532076 outsize=201 ok=1
Cmd: compileComputeKernel
  api=4 insize=8532076 outsize=201 ok=1
Cmd: compileComputeKernel
  api=4 insize=8532076 outsize=201 ok=1
Cmd: compileComputeKernel
  api=4 insize=8532076 outsize=201 ok=1
Cmd: compileComputeKernel
  api=4 insize=8532076 outsize=201 ok=1
Cmd: compileComputeKernel
  api=4 insize=8532076 outsize=201 ok=1
Cmd: compileComputeKernel
  api=4 insize=8532076 outsize=201 ok=1
Cmd: compileComputeKernel
  api=4 insize=8532076 outsize=201 ok=1
Cmd: compileComputeKernel
  api=4 insize=8532076 outsize=201 ok=1
Cmd: compileComputeKernel
  api=4 insize=8532076 outsize=201 ok=1
Cmd: compileComputeKernel
  api=4 insize=8532076 outsize=201 ok=1
Cmd: compileComputeKernel
  api=4 insize=8532076 outsize=201 ok=1
Cmd: compileComputeKernel
  api=4 insize=8532076 outsize=4289 ok=1
Cmd: compileComputeKernel
  api=4 insize=8532076 outsize=201 ok=1
Cmd: compileComputeKernel
  api=4 insize=8532076 outsize=16629 ok=1
Cmd: compileComputeKernel
  api=4 insize=8532076 outsize=201 ok=1
Cmd: compileComputeKernel
  api=4 insize=8532076 outsize=201 ok=1
Cmd: compileComputeKernel
  api=4 insize=8532076 outsize=201 ok=1
Cmd: compileComputeKernel
  api=4 insize=8532076 outsize=201 ok=1
Cmd: compileComputeKernel
  api=4 insize=8532076 outsize=201 ok=1
Cmd: compileComputeKernel
  api=4 insize=8532076 outsize=201 ok=1
Cmd: compileComputeKernel
  api=4 insize=8532076 outsize=201 ok=1
Cmd: compileComputeKernel
  api=4 insize=8532076 outsize=201 ok=1
Cmd: compileComputeKernel
  api=4 insize=8532076 outsize=7297 ok=1
Cmd: compileComputeKernel
  api=4 insize=8532076 outsize=201 ok=1
Cmd: compileComputeKernel
  api=4 insize=8532076 outsize=19349 ok=1
Cmd: compileComputeKernel
  api=4 insize=8532076 outsize=201 ok=1
Cmd: compileComputeKernel
  api=4 insize=8532076 outsize=201 ok=1
Cmd: compileComputeKernel
  api=4 insize=8532076 outsize=201 ok=1
Cmd: compileComputeKernel
  api=4 insize=8532076 outsize=201 ok=1
Cmd: compileComputeKernel
  api=4 insize=8532076 outsize=201 ok=1
Cmd: compileComputeKernel
  api=4 insize=8532076 outsize=201 ok=1
Cmd: compileComputeKernel
  api=4 insize=8532076 outsize=201 ok=1
Cmd: compileComputeKernel
  api=4 insize=8532076 outsize=201 ok=1
Cmd: compileComputeKernel
  api=4 insize=8532076 outsize=201 ok=1
Cmd: compileComputeKernel
  api=4 insize=8532076 outsize=201 ok=1
Cmd: compileComputeKernel
  api=4 insize=8532076 outsize=201 ok=1
Cmd: compileComputeKernel
  api=4 insize=8532076 outsize=201 ok=1
Cmd: compileComputeKernel
  api=4 insize=8532076 outsize=201 ok=1
Cmd: compileComputeKernel
  api=4 insize=8532076 outsize=201 ok=1
Cmd: compileComputeKernel
  api=4 insize=8532076 outsize=201 ok=1
Cmd: compileComputeKernel
  api=4 insize=8532076 outsize=201 ok=1
Cmd: compileComputeKernel
  api=4 insize=8532076 outsize=201 ok=1
Cmd: compileComputeKernel
  api=4 insize=8532076 outsize=201 ok=1
Cmd: compileComputeKernel
  api=4 insize=8532076 outsize=201 ok=1
Cmd: compileComputeKernel
  api=4 insize=8532076 outsize=201 ok=1
Cmd: compileComputeKernel
  api=4 insize=8532076 outsize=201 ok=1
Cmd: compileComputeKernel
  api=4 insize=8532076 outsize=201 ok=1
Cmd: compileComputeKernel
  api=4 insize=8532076 outsize=201 ok=1
Cmd: compileComputeKernel
  api=4 insize=8532076 outsize=201 ok=1
Cmd: compileComputeKernel
  api=4 insize=8532076 outsize=201 ok=1
Cmd: compileComputeKernel
  api=4 insize=8532076 outsize=201 ok=1
Cmd: compileComputeKernel
  api=4 insize=8532076 outsize=201 ok=1
Cmd: compileComputeKernel
  api=4 insize=8532076 outsize=201 ok=1
Cmd: compileComputeKernel
  api=4 insize=8532076 outsize=201 ok=1
Cmd: compileComputeKernel
  api=4 insize=8532076 outsize=201 ok=1
Cmd: compileComputeKernel
  api=4 insize=8532076 outsize=201 ok=1
Cmd: compileComputeKernel
  api=4 insize=8532076 outsize=201 ok=1
Cmd: compileComputeKernel
  api=4 insize=8532076 outsize=201 ok=1
Cmd: compileComputeKernel
  api=4 insize=8532076 outsize=201 ok=1
Cmd: compileComputeKernel
  api=4 insize=8532076 outsize=201 ok=1
Cmd: compileComputeKernel
  api=4 insize=8532076 outsize=201 ok=1
Cmd: compileComputeKernel
  api=4 insize=8532076 outsize=201 ok=1
Cmd: compileComputeKernel
  api=4 insize=8532076 outsize=201 ok=1
Cmd: compileComputeKernel
  api=4 insize=8532076 outsize=201 ok=1
Cmd: compileComputeKernel
  api=4 insize=8532076 outsize=201 ok=1
Cmd: compileComputeKernel
  api=4 insize=8532076 outsize=201 ok=1
Cmd: compileComputeKernel
  api=4 insize=8532076 outsize=201 ok=1
Cmd: compileComputeKernel
  api=4 insize=8532076 outsize=201 ok=1
Cmd: compileComputeKernel
  api=4 insize=8532076 outsize=201 ok=1
Cmd: compileComputeKernel
  api=4 insize=8532076 outsize=201 ok=1
Cmd: compileComputeKernel
  api=4 insize=8532076 outsize=201 ok=1
Cmd: compileComputeKernel
  api=4 insize=8532076 outsize=201 ok=1
Cmd: compileComputeKernel
  api=4 insize=8532076 outsize=201 ok=1
Cmd: compileComputeKernel
  api=4 insize=8532076 outsize=201 ok=1
Cmd: compileComputeKernel
  api=4 insize=8532076 outsize=201 ok=1
Cmd: compileComputeKernel
  api=4 insize=8532076 outsize=201 ok=1
Cmd: compileComputeKernel
  api=4 insize=8532076 outsize=201 ok=1
Cmd: compileComputeKernel
  api=4 insize=8532076 outsize=201 ok=1
Cmd: compileComputeKernel
  api=4 insize=8532076 outsize=201 ok=1
Cmd: compileComputeKernel
  api=4 insize=8532076 outsize=201 ok=1
Cmd: compileComputeKernel
  api=4 insize=8532076 outsize=201 ok=1
Cmd: compileComputeKernel
  api=4 insize=8532076 outsize=201 ok=1
Cmd: compileComputeKernel
  api=4 insize=8532076 outsize=201 ok=1
Cmd: compileComputeKernel
  api=4 insize=8532076 outsize=201 ok=1
Cmd: compileComputeKernel
  api=4 insize=8532076 outsize=201 ok=1
Cmd: compileComputeKernel
  api=4 insize=8532076 outsize=201 ok=1
Cmd: compileComputeKernel
  api=4 insize=8532076 outsize=201 ok=1
Cmd: compileComputeKernel
  api=4 insize=8532076 outsize=201 ok=1
Cmd: compileComputeKernel
  api=4 insize=8532076 outsize=201 ok=1
Cmd: compileComputeKernel
  api=4 insize=8532076 outsize=201 ok=1
Cmd: compileComputeKernel
  api=4 insize=8532076 outsize=201 ok=1
Cmd: compileComputeKernel
  api=4 insize=8532076 outsize=201 ok=1
Cmd: compileComputeKernel
  api=4 insize=8532076 outsize=201 ok=1
Cmd: compileComputeKernel
  api=4 insize=8532076 outsize=201 ok=1
Cmd: compileComputeKernel
  api=4 insize=8532076 outsize=201 ok=1
Cmd: compileComputeKernel
  api=4 insize=8532076 outsize=201 ok=1
Cmd: compileComputeKernel
  api=4 insize=8532076 outsize=201 ok=1
Cmd: compileComputeKernel
  api=4 insize=8532076 outsize=201 ok=1
Cmd: compileComputeKernel
  api=4 insize=8532076 outsize=201 ok=1
Cmd: compileComputeKernel
  api=4 insize=8532076 outsize=201 ok=1
Cmd: compileComputeKernel
  api=4 insize=8532076 outsize=201 ok=1
Cmd: compileComputeKernel
  api=4 insize=8532076 outsize=201 ok=1
Cmd: compileComputeKernel
  api=4 insize=8532076 outsize=201 ok=1
Cmd: compileComputeKernel
  api=4 insize=8532076 outsize=201 ok=1
Cmd: compileComputeKernel
  api=4 insize=8532076 outsize=201 ok=1
Cmd: compileComputeKernel
  api=4 insize=8532076 outsize=201 ok=1
Cmd: compileComputeKernel
  api=4 insize=8532076 outsize=201 ok=1
Cmd: compileComputeKernel
  api=4 insize=8532076 outsize=201 ok=1
Cmd: compileComputeKernel
  api=4 insize=8532076 outsize=201 ok=1
Cmd: compileComputeKernel
  api=4 insize=8532076 outsize=201 ok=1
Cmd: compileComputeKernel
  api=4 insize=8532076 outsize=201 ok=1
Cmd: compileComputeKernel
  api=4 insize=8532076 outsize=201 ok=1
Cmd: compileComputeKernel
  api=4 insize=8532076 outsize=201 ok=1
Cmd: compileComputeKernel
  api=4 insize=8532076 outsize=201 ok=1
Cmd: compileComputeKernel
  api=4 insize=8532076 outsize=201 ok=1
Cmd: compileComputeKernel
  api=4 insize=8532076 outsize=201 ok=1
Cmd: compileComputeKernel
  api=4 insize=8532076 outsize=201 ok=1
Cmd: compileComputeKernel
  api=4 insize=8532076 outsize=201 ok=1
Cmd: compileComputeKernel
  api=4 insize=8532076 outsize=201 ok=1
Cmd: compileComputeKernel
  api=4 insize=8532076 outsize=201 ok=1
Cmd: compileComputeKernel
  api=4 insize=8532076 outsize=201 ok=1
Cmd: compileComputeKernel
  api=4 insize=8532076 outsize=201 ok=1
Cmd: compileComputeKernel
  api=4 insize=8532076 outsize=201 ok=1
Cmd: compileComputeKernel
  api=4 insize=8532076 outsize=201 ok=1
Cmd: compileComputeKernel
  api=4 insize=8532076 outsize=201 ok=1
Cmd: compileComputeKernel
  api=4 insize=8532076 outsize=201 ok=1
Cmd: compileComputeKernel
  api=4 insize=8532076 outsize=201 ok=1
Cmd: compileComputeKernel
  api=4 insize=8532076 outsize=201 ok=1
Cmd: compileComputeKernel
  api=4 insize=8532076 outsize=201 ok=1
Cmd: compileComputeKernel
  api=4 insize=8532076 outsize=201 ok=1
Cmd: compileComputeKernel
  api=4 insize=8532076 outsize=201 ok=1
Cmd: compileComputeKernel
  api=4 insize=8532076 outsize=201 ok=1
Cmd: compileComputeKernel
  api=4 insize=8532076 outsize=201 ok=1
Cmd: compileComputeKernel
  api=4 insize=8532076 outsize=201 ok=1
Cmd: compileComputeKernel
  api=4 insize=8532076 outsize=201 ok=1
Cmd: compileComputeKernel
  api=4 insize=8532076 outsize=201 ok=1
Cmd: compileComputeKernel
  api=4 insize=8532076 outsize=201 ok=1
Cmd: compileComputeKernel
  api=4 insize=8532076 outsize=201 ok=1
Cmd: compileComputeKernel
  api=4 insize=8532076 outsize=201 ok=1
Cmd: compileComputeKernel
  api=4 insize=8532076 outsize=201 ok=1
Cmd: compileComputeKernel
  api=4 insize=8532076 outsize=201 ok=1
Cmd: compileComputeKernel
  api=4 insize=8532076 outsize=201 ok=1
Cmd: compileComputeKernel
  api=4 insize=8532076 outsize=201 ok=1
Cmd: compileComputeKernel
  api=4 insize=8532076 outsize=201 ok=1
Cmd: compileComputeKernel
  api=4 insize=8532076 outsize=201 ok=1
Cmd: compileComputeKernel
  api=4 insize=8532076 outsize=201 ok=1
Cmd: compileComputeKernel
  api=4 insize=8532076 outsize=201 ok=1
Cmd: compileComputeKernel
  api=4 insize=8532076 outsize=201 ok=1
Cmd: compileComputeKernel
  api=4 insize=8532076 outsize=201 ok=1
Cmd: compileComputeKernel
  api=4 insize=8532076 outsize=201 ok=1
Cmd: compileComputeKernel
  api=4 insize=8532076 outsize=201 ok=1
Cmd: compileComputeKernel
  api=4 insize=8532076 outsize=201 ok=1
Cmd: compileComputeKernel
  api=4 insize=8532076 outsize=201 ok=1
Cmd: compileComputeKernel
  api=4 insize=8532076 outsize=201 ok=1
Cmd: compileComputeKernel
  api=4 insize=8532076 outsize=201 ok=1
Cmd: compileComputeKernel
  api=4 insize=8532076 outsize=201 ok=1
Cmd: compileComputeKernel
  api=4 insize=8532076 outsize=201 ok=1
Cmd: compileComputeKernel
  api=4 insize=8532076 outsize=201 ok=1
Cmd: compileComputeKernel
  api=4 insize=8532076 outsize=201 ok=1
Cmd: compileComputeKernel
  api=4 insize=8532076 outsize=201 ok=1
Cmd: compileComputeKernel
  api=4 insize=8532076 outsize=201 ok=1
Cmd: compileComputeKernel
  api=4 insize=8532076 outsize=201 ok=1
Cmd: compileComputeKernel
  api=4 insize=8532076 outsize=201 ok=1
Cmd: compileComputeKernel
  api=4 insize=8532076 outsize=201 ok=1
Cmd: compileComputeKernel
  api=4 insize=8532076 outsize=201 ok=1
Cmd: compileComputeKernel
  api=4 insize=8532076 outsize=201 ok=1
Cmd: compileComputeKernel
  api=4 insize=8532076 outsize=201 ok=1
Cmd: compileComputeKernel
  api=4 insize=8532076 outsize=201 ok=1
Cmd: compileComputeKernel
  api=4 insize=8532076 outsize=201 ok=1
Cmd: compileComputeKernel
  api=4 insize=8532076 outsize=201 ok=1
Cmd: compileComputeKernel
  api=4 insize=8532076 outsize=201 ok=1
Cmd: compileComputeKernel
  api=4 insize=8532076 outsize=201 ok=1
Cmd: compileComputeKernel
  api=4 insize=8532076 outsize=201 ok=1
Cmd: compileComputeKernel
  api=4 insize=8532076 outsize=201 ok=1
Cmd: compileComputeKernel
  api=4 insize=8532076 outsize=201 ok=1
Cmd: compileComputeKernel
  api=4 insize=8532076 outsize=201 ok=1
Cmd: compileComputeKernel
  api=4 insize=8532076 outsize=201 ok=1
Cmd: compileComputeKernel
  api=4 insize=8532076 outsize=201 ok=1
Cmd: compileComputeKernel
  api=4 insize=8532076 outsize=201 ok=1
Cmd: compileComputeKernel
  api=4 insize=8532076 outsize=201 ok=1
Cmd: compileComputeKernel
  api=4 insize=8532076 outsize=201 ok=1
Cmd: compileComputeKernel
  api=4 insize=8532076 outsize=201 ok=1
Cmd: compileComputeKernel
  api=4 insize=8532076 outsize=201 ok=1
Cmd: compileComputeKernel
  api=4 insize=8532076 outsize=201 ok=1
Cmd: compileComputeKernel
  api=4 insize=8532076 outsize=201 ok=1
Cmd: compileComputeKernel
  api=4 insize=8532076 outsize=201 ok=1
Cmd: compileComputeKernel
  api=4 insize=8532076 outsize=201 ok=1
Cmd: compileComputeKernel
  api=4 insize=8532076 outsize=201 ok=1
Cmd: compileComputeKernel
  api=4 insize=8532076 outsize=201 ok=1
Cmd: compileComputeKernel
  api=4 insize=8532076 outsize=201 ok=1
Cmd: compileComputeKernel
  api=4 insize=8532076 outsize=201 ok=1
Cmd: compileComputeKernel
  api=4 insize=8532076 outsize=201 ok=1
Cmd: compileComputeKernel
  api=4 insize=8532076 outsize=201 ok=1
Cmd: compileComputeKernel
  api=4 insize=8532076 outsize=201 ok=1
Cmd: compileComputeKernel
  api=4 insize=8532076 outsize=201 ok=1
Cmd: compileComputeKernel
  api=4 insize=8532076 outsize=201 ok=1
Cmd: compileComputeKernel
  api=4 insize=8532076 outsize=201 ok=1
Cmd: compileComputeKernel
  api=4 insize=8532076 outsize=201 ok=1
Cmd: compileComputeKernel
  api=4 insize=8532076 outsize=8685 ok=1
Cmd: compileComputeKernel
  api=4 insize=8532076 outsize=201 ok=1
Cmd: compileComputeKernel
  api=4 insize=8532076 outsize=11425 ok=1
Cmd: compileComputeKernel
  api=4 insize=8532076 outsize=201 ok=1
Cmd: compileComputeKernel
  api=4 insize=8532076 outsize=4969 ok=1
Cmd: compileComputeKernel
  api=4 insize=8532076 outsize=9409 ok=1
Cmd: compileComputeKernel
  api=4 insize=8532076 outsize=201 ok=1
Cmd: compileComputeKernel
  api=4 insize=8532076 outsize=20437 ok=1
Cmd: compileComputeKernel
  api=4 insize=8532076 outsize=22945 ok=1
Cmd: compileComputeKernel
  api=4 insize=8532076 outsize=5565 ok=1
Cmd: compileComputeKernel
  api=4 insize=8532076 outsize=201 ok=1
Cmd: compileComputeKernel
  api=4 insize=8532076 outsize=17905 ok=1
Cmd: compileComputeKernel
  api=4 insize=8532076 outsize=201 ok=1
Cmd: compileComputeKernel
  api=4 insize=8532076 outsize=23637 ok=1
Cmd: compileComputeKernel
  api=4 insize=8532076 outsize=8345 ok=1
Cmd: compileComputeKernel
  api=4 insize=8532076 outsize=201 ok=1
Cmd: compileComputeKernel
  api=4 insize=8532076 outsize=20533 ok=1
Cmd: compileComputeKernel
  api=4 insize=8532076 outsize=201 ok=1
Cmd: compileComputeKernel
  api=4 insize=8532076 outsize=201 ok=1
Cmd: compileComputeKernel
  api=4 insize=8532076 outsize=201 ok=1
Cmd: compileComputeKernel
  api=4 insize=8532076 outsize=201 ok=1
Cmd: compileComputeKernel
  api=4 insize=8532076 outsize=201 ok=1
Cmd: compileComputeKernel
  api=4 insize=8532076 outsize=201 ok=1
Cmd: compileComputeKernel
  api=4 insize=8532076 outsize=201 ok=1
Cmd: compileComputeKernel
  api=4 insize=8532076 outsize=201 ok=1
Cmd: compileComputeKernel
  api=4 insize=8532076 outsize=10341 ok=1
Cmd: compileComputeKernel
  api=4 insize=8532076 outsize=21561 ok=1
Cmd: compileComputeKernel
  api=4 insize=8532076 outsize=201 ok=1
Cmd: compileComputeKernel
  api=4 insize=8532076 outsize=201 ok=1
Cmd: compileComputeKernel
  api=4 insize=8532076 outsize=201 ok=1
Cmd: compileComputeKernel
  api=4 insize=8532076 outsize=201 ok=1
Cmd: compileComputeKernel
  api=4 insize=8532076 outsize=201 ok=1
Cmd: compileComputeKernel
  api=4 insize=8532076 outsize=201 ok=1
Cmd: compileComputeKernel
  api=4 insize=8532076 outsize=201 ok=1
Cmd: compileComputeKernel
  api=4 insize=8532076 outsize=9409 ok=1
Cmd: compileComputeKernel
  api=4 insize=8532076 outsize=201 ok=1
Cmd: compileComputeKernel
  api=4 insize=8532076 outsize=12149 ok=1
Cmd: compileComputeKernel
  api=4 insize=8532076 outsize=201 ok=1
Cmd: compileComputeKernel
  api=4 insize=8532076 outsize=23137 ok=1
Cmd: compileComputeKernel
  api=4 insize=8532076 outsize=10981 ok=1
Cmd: compileComputeKernel
  api=4 insize=8532076 outsize=201 ok=1
Cmd: compileComputeKernel
  api=4 insize=8532076 outsize=201 ok=1
Cmd: compileComputeKernel
  api=4 insize=8532076 outsize=14593 ok=1
Cmd: compileComputeKernel
  api=4 insize=8532076 outsize=201 ok=1
Cmd: compileComputeKernel
  api=4 insize=8532076 outsize=25677 ok=1
Cmd: compileComputeKernel
  api=4 insize=8532076 outsize=201 ok=1
Cmd: compileComputeKernel
  api=4 insize=8532076 outsize=201 ok=1
Cmd: compileComputeKernel
  api=4 insize=8532076 outsize=201 ok=1
Cmd: compileComputeKernel
  api=4 insize=8532076 outsize=201 ok=1
Cmd: compileComputeKernel
  api=4 insize=8532076 outsize=201 ok=1
Cmd: compileComputeKernel
  api=4 insize=8532076 outsize=201 ok=1
Cmd: compileComputeKernel
  api=4 insize=8532076 outsize=201 ok=1
Cmd: compileComputeKernel
  api=4 insize=8532076 outsize=201 ok=1
Cmd: compileComputeKernel
  api=4 insize=8532076 outsize=201 ok=1
Cmd: compileComputeKernel
  api=4 insize=8532076 outsize=201 ok=1
Cmd: compileComputeKernel
  api=4 insize=8532076 outsize=201 ok=1
Cmd: compileComputeKernel
  api=4 insize=8532076 outsize=201 ok=1
Cmd: compileComputeKernel
  api=4 insize=8532076 outsize=201 ok=1
Cmd: compileComputeKernel
  api=4 insize=8532076 outsize=201 ok=1
Cmd: compileComputeKernel
  api=4 insize=8532076 outsize=201 ok=1
Cmd: compileComputeKernel
  api=4 insize=8532076 outsize=9409 ok=1
Cmd: compileComputeKernel
  api=4 insize=8532076 outsize=201 ok=1
Cmd: compileComputeKernel
  api=4 insize=8532076 outsize=12149 ok=1
Cmd: compileComputeKernel
  api=4 insize=8532076 outsize=201 ok=1
Cmd: compileComputeKernel
  api=4 insize=8532076 outsize=201 ok=1
Cmd: compileComputeKernel
  api=4 insize=8532076 outsize=201 ok=1
Cmd: compileComputeKernel
  api=4 insize=8532076 outsize=201 ok=1
Cmd: compileComputeKernel
  api=4 insize=8532076 outsize=201 ok=1
Cmd: compileComputeKernel
  api=4 insize=8532076 outsize=201 ok=1
Cmd: compileComputeKernel
  api=4 insize=8532076 outsize=201 ok=1
Cmd: compileComputeKernel
  api=4 insize=8532076 outsize=201 ok=1
Cmd: compileComputeKernel
  api=4 insize=8532076 outsize=12417 ok=1
Cmd: compileComputeKernel
  api=4 insize=8532076 outsize=201 ok=1
Cmd: compileComputeKernel
  api=4 insize=8532076 outsize=14965 ok=1
Cmd: compileComputeKernel
  api=4 insize=8532076 outsize=201 ok=1
Cmd: compileComputeKernel
  api=4 insize=8532076 outsize=201 ok=1
Cmd: compileComputeKernel
  api=4 insize=8532076 outsize=201 ok=1
Cmd: compileComputeKernel
  api=4 insize=8532076 outsize=201 ok=1
Cmd: compileComputeKernel
  api=4 insize=8532076 outsize=201 ok=1
Cmd: compileComputeKernel
  api=4 insize=8532076 outsize=201 ok=1
Cmd: compileComputeKernel
  api=4 insize=8532076 outsize=201 ok=1
Cmd: compileComputeKernel
  api=4 insize=8532076 outsize=201 ok=1
Cmd: compileComputeKernel
  api=4 insize=8532076 outsize=201 ok=1
Cmd: compileComputeKernel
  api=4 insize=8532076 outsize=201 ok=1
Cmd: compileComputeKernel
  api=4 insize=8532076 outsize=201 ok=1
Cmd: compileComputeKernel
  api=4 insize=8532076 outsize=201 ok=1
Cmd: compileComputeKernel
  api=4 insize=8532076 outsize=201 ok=1
Cmd: compileComputeKernel
  api=4 insize=8532076 outsize=201 ok=1
Cmd: compileComputeKernel
  api=4 insize=8532076 outsize=201 ok=1
Cmd: compileComputeKernel
  api=4 insize=8532076 outsize=201 ok=1
Cmd: compileComputeKernel
  api=4 insize=8532076 outsize=201 ok=1
Cmd: compileComputeKernel
  api=4 insize=8532076 outsize=201 ok=1
Cmd: compileComputeKernel
  api=4 insize=8532076 outsize=201 ok=1
Cmd: compileComputeKernel
  api=4 insize=8532076 outsize=201 ok=1
Cmd: compileComputeKernel
  api=4 insize=8532076 outsize=201 ok=1
Cmd: compileComputeKernel
  api=4 insize=8532076 outsize=201 ok=1
Cmd: compileComputeKernel
  api=4 insize=8532076 outsize=201 ok=1
Cmd: compileComputeKernel
  api=4 insize=8532076 outsize=201 ok=1
Cmd: compileComputeKernel
  api=4 insize=8532076 outsize=201 ok=1
Cmd: compileComputeKernel
  api=4 insize=8532076 outsize=201 ok=1
Cmd: compileComputeKernel
  api=4 insize=8532076 outsize=201 ok=1
Cmd: compileComputeKernel
  api=4 insize=8532076 outsize=201 ok=1
Cmd: compileComputeKernel
  api=4 insize=8532076 outsize=201 ok=1
Cmd: compileComputeKernel
  api=4 insize=8532076 outsize=201 ok=1
Cmd: compileComputeKernel
  api=4 insize=8532076 outsize=201 ok=1
Cmd: compileComputeKernel
  api=4 insize=8532076 outsize=201 ok=1
Cmd: compileComputeKernel
  api=4 insize=8532076 outsize=201 ok=1
Cmd: compileComputeKernel
  api=4 insize=8532076 outsize=201 ok=1
Cmd: compileComputeKernel
  api=4 insize=8532076 outsize=201 ok=1
Cmd: compileComputeKernel
  api=4 insize=8532076 outsize=201 ok=1
Cmd: compileComputeKernel
  api=4 insize=8532076 outsize=201 ok=1
Cmd: compileComputeKernel
  api=4 insize=8532076 outsize=201 ok=1
Cmd: compileComputeKernel
  api=4 insize=8532076 outsize=201 ok=1
Cmd: compileComputeKernel
  api=4 insize=8532076 outsize=201 ok=1
Cmd: compileComputeKernel
  api=4 insize=8532076 outsize=201 ok=1
Cmd: compileComputeKernel
  api=4 insize=8532076 outsize=201 ok=1
Cmd: compileComputeKernel
  api=4 insize=8532076 outsize=201 ok=1
Cmd: compileComputeKernel
  api=4 insize=8532076 outsize=201 ok=1
Cmd: compileComputeKernel
  api=4 insize=8532076 outsize=201 ok=1
Cmd: compileComputeKernel
  api=4 insize=8532076 outsize=201 ok=1
Cmd: compileComputeKernel
  api=4 insize=8532076 outsize=201 ok=1
Cmd: compileComputeKernel
  api=4 insize=8532076 outsize=201 ok=1
Cmd: compileComputeKernel
  api=4 insize=8532076 outsize=201 ok=1
Cmd: compileComputeKernel
  api=4 insize=8532076 outsize=201 ok=1
Cmd: compileComputeKernel
  api=4 insize=8532076 outsize=2625 ok=1
Cmd: compileComputeKernel
  api=4 insize=8532076 outsize=201 ok=1
Cmd: compileComputeKernel
  api=4 insize=8532076 outsize=14957 ok=1
Cmd: compileComputeKernel
  api=4 insize=8532076 outsize=201 ok=1
Cmd: compileComputeKernel
  api=4 insize=8532076 outsize=201 ok=1
Cmd: compileComputeKernel
  api=4 insize=8532076 outsize=17561 ok=1
Cmd: compileComputeKernel
  api=4 insize=8532076 outsize=18829 ok=1
Cmd: compileComputeKernel
  api=4 insize=8532076 outsize=201 ok=1
Cmd: compileComputeKernel
  api=4 insize=8532076 outsize=201 ok=1
Cmd: compileComputeKernel
  api=4 insize=8532076 outsize=201 ok=1
Cmd: compileComputeKernel
  api=4 insize=8532076 outsize=201 ok=1
Cmd: compileComputeKernel
  api=4 insize=8532076 outsize=201 ok=1
Cmd: compileComputeKernel
  api=4 insize=8532076 outsize=201 ok=1
Cmd: compileComputeKernel
  api=4 insize=8532076 outsize=201 ok=1
Cmd: compileComputeKernel
  api=4 insize=8532076 outsize=8377 ok=1
Cmd: compileComputeKernel
  api=4 insize=8532076 outsize=201 ok=1
Cmd: compileComputeKernel
  api=4 insize=8532076 outsize=10945 ok=1
Cmd: compileComputeKernel
  api=4 insize=8532076 outsize=201 ok=1
Cmd: compileComputeKernel
  api=4 insize=8532076 outsize=18689 ok=1
Cmd: compileComputeKernel
  api=4 insize=8532076 outsize=201 ok=1
Cmd: compileComputeKernel
  api=4 insize=8532076 outsize=7589 ok=1
Cmd: compileComputeKernel
  api=4 insize=8532076 outsize=201 ok=1
Cmd: compileComputeKernel
  api=4 insize=8532076 outsize=201 ok=1
Cmd: compileComputeKernel
  api=4 insize=8532076 outsize=13689 ok=1
Cmd: compileComputeKernel
  api=4 insize=8532076 outsize=201 ok=1
Cmd: compileComputeKernel
  api=4 insize=8532076 outsize=201 ok=1
Cmd: compileComputeKernel
  api=4 insize=8532076 outsize=201 ok=1
Cmd: compileComputeKernel
  api=4 insize=8532076 outsize=201 ok=1
Cmd: compileComputeKernel
  api=4 insize=8532076 outsize=201 ok=1
Cmd: compileComputeKernel
  api=4 insize=8532076 outsize=201 ok=1
Cmd: compileComputeKernel
  api=4 insize=8532076 outsize=4273 ok=1
Cmd: compileComputeKernel
  api=4 insize=8532076 outsize=201 ok=1
Cmd: compileComputeKernel
  api=4 insize=8532076 outsize=16517 ok=1
Cmd: compileComputeKernel
  api=4 insize=8532076 outsize=201 ok=1
Cmd: compileComputeKernel
  api=4 insize=8532076 outsize=19217 ok=1
Cmd: compileComputeKernel
  api=4 insize=8532076 outsize=201 ok=1
Cmd: compileComputeKernel
  api=4 insize=8532076 outsize=10737 ok=1
Cmd: compileComputeKernel
  api=4 insize=8532076 outsize=10349 ok=1
Cmd: compileComputeKernel
  api=4 insize=8532076 outsize=201 ok=1
Cmd: compileComputeKernel
  api=4 insize=8532076 outsize=18189 ok=1
Cmd: compileComputeKernel
  api=4 insize=8532076 outsize=201 ok=1
Cmd: compileComputeKernel
  api=4 insize=8532076 outsize=6169 ok=1
Cmd: compileComputeKernel
  api=4 insize=8532076 outsize=201 ok=1
Cmd: compileComputeKernel
  api=4 insize=8532076 outsize=18413 ok=1
Cmd: compileComputeKernel
  api=4 insize=8532076 outsize=201 ok=1
Cmd: compileComputeKernel
  api=4 insize=8532076 outsize=20845 ok=1
Cmd: compileComputeKernel
  api=4 insize=8532076 outsize=201 ok=1
Cmd: compileComputeKernel
  api=4 insize=8532076 outsize=201 ok=1
Cmd: compileComputeKernel
  api=4 insize=8532076 outsize=201 ok=1
Cmd: compileComputeKernel
  api=4 insize=8532076 outsize=201 ok=1
Cmd: compileComputeKernel
  api=4 insize=8532076 outsize=201 ok=1
Cmd: compileComputeKernel
  api=4 insize=8532076 outsize=201 ok=1
Cmd: compileComputeKernel
  api=4 insize=8532076 outsize=201 ok=1
Cmd: compileComputeKernel
  api=4 insize=8532076 outsize=201 ok=1
Cmd: compileComputeKernel
  api=4 insize=8532076 outsize=201 ok=1
Cmd: compileComputeKernel
  api=4 insize=8532076 outsize=201 ok=1
Cmd: compileComputeKernel
  api=4 insize=8532076 outsize=201 ok=1
Cmd: compileComputeKernel
  api=4 insize=8532076 outsize=201 ok=1
Cmd: compileComputeKernel
  api=4 insize=8532076 outsize=201 ok=1
Cmd: compileComputeKernel
  api=4 insize=8532076 outsize=201 ok=1
Cmd: compileComputeKernel
  api=4 insize=8532076 outsize=201 ok=1
Cmd: compileComputeKernel
  api=4 insize=8532076 outsize=201 ok=1
Cmd: compileComputeKernel
  api=4 insize=8532076 outsize=7589 ok=1
Cmd: compileComputeKernel
  api=4 insize=8532076 outsize=201 ok=1
Cmd: compileComputeKernel
  api=4 insize=8532076 outsize=201 ok=1
Cmd: compileComputeKernel
  api=4 insize=8532076 outsize=13689 ok=1
Cmd: compileComputeKernel
  api=4 insize=8532076 outsize=201 ok=1
Cmd: compileComputeKernel
  api=4 insize=8532076 outsize=201 ok=1
Cmd: compileComputeKernel
  api=4 insize=8532076 outsize=201 ok=1
Cmd: compileComputeKernel
  api=4 insize=8532076 outsize=201 ok=1
Cmd: compileComputeKernel
  api=4 insize=8532076 outsize=201 ok=1
Cmd: compileComputeKernel
  api=4 insize=8532076 outsize=201 ok=1
Cmd: compileComputeKernel
  api=4 insize=8532076 outsize=201 ok=1
Cmd: compileComputeKernel
  api=4 insize=8532076 outsize=10789 ok=1
Cmd: compileComputeKernel
  api=4 insize=8532076 outsize=201 ok=1
Cmd: compileComputeKernel
  api=4 insize=8532076 outsize=13549 ok=1
Cmd: compileComputeKernel
  api=4 insize=8532076 outsize=21389 ok=1
Cmd: compileComputeKernel
  api=4 insize=8532076 outsize=201 ok=1
Cmd: compileComputeKernel
  api=4 insize=8532076 outsize=201 ok=1
Cmd: compileComputeKernel
  api=4 insize=8532076 outsize=201 ok=1
Cmd: compileComputeKernel
  api=4 insize=8532076 outsize=201 ok=1
Cmd: compileComputeKernel
  api=4 insize=8532076 outsize=201 ok=1
Cmd: compileComputeKernel
  api=4 insize=8532076 outsize=201 ok=1
Cmd: compileComputeKernel
  api=4 insize=8532076 outsize=201 ok=1
Cmd: compileComputeKernel
  api=4 insize=8532076 outsize=201 ok=1
Cmd: compileComputeKernel
  api=4 insize=8532076 outsize=201 ok=1
Cmd: compileComputeKernel
  api=4 insize=8532076 outsize=201 ok=1
Cmd: compileComputeKernel
  api=4 insize=8532076 outsize=201 ok=1
Cmd: compileComputeKernel
  api=4 insize=8532076 outsize=201 ok=1
Cmd: compileComputeKernel
  api=4 insize=8532076 outsize=201 ok=1
Cmd: compileComputeKernel
  api=4 insize=8532076 outsize=201 ok=1
Cmd: compileComputeKernel
  api=4 insize=8532076 outsize=201 ok=1
Cmd: compileComputeKernel
  api=4 insize=8532076 outsize=201 ok=1
Cmd: compileComputeKernel
  api=4 insize=8532076 outsize=201 ok=1
Cmd: compileComputeKernel
  api=4 insize=8532076 outsize=201 ok=1
Cmd: compileComputeKernel
  api=4 insize=8532076 outsize=201 ok=1
Cmd: compileComputeKernel
  api=4 insize=8532076 outsize=201 ok=1
Cmd: compileComputeKernel
  api=4 insize=8532076 outsize=201 ok=1
Cmd: compileComputeKernel
  api=4 insize=8532076 outsize=201 ok=1
Cmd: compileComputeKernel
  api=4 insize=8532076 outsize=201 ok=1
Cmd: compileComputeKernel
  api=4 insize=8532076 outsize=201 ok=1
Cmd: compileComputeKernel
  api=4 insize=8532076 outsize=201 ok=1
Cmd: compileComputeKernel
  api=4 insize=8532076 outsize=201 ok=1
Cmd: compileComputeKernel
  api=4 insize=8532076 outsize=201 ok=1
Cmd: compileComputeKernel
  api=4 insize=8532076 outsize=201 ok=1
Cmd: compileComputeKernel
  api=4 insize=8532076 outsize=201 ok=1
Cmd: compileComputeKernel
  api=4 insize=8532076 outsize=201 ok=1
Cmd: compileComputeKernel
  api=4 insize=8532076 outsize=201 ok=1
Cmd: compileComputeKernel
  api=4 insize=8532076 outsize=201 ok=1
Cmd: compileComputeKernel
  api=4 insize=8532076 outsize=201 ok=1
Cmd: compileComputeKernel
  api=4 insize=8532076 outsize=201 ok=1
Cmd: compileComputeKernel
  api=4 insize=8532076 outsize=201 ok=1
Cmd: compileComputeKernel
  api=4 insize=8532076 outsize=201 ok=1
Cmd: compileComputeKernel
  api=4 insize=8532076 outsize=201 ok=1
Cmd: compileComputeKernel
  api=4 insize=8532076 outsize=201 ok=1
Cmd: compileComputeKernel
  api=4 insize=8532076 outsize=201 ok=1
Cmd: compileComputeKernel
  api=4 insize=8532076 outsize=201 ok=1
Cmd: compileComputeKernel
  api=4 insize=8532076 outsize=201 ok=1
Cmd: compileComputeKernel
  api=4 insize=8532076 outsize=201 ok=1
Cmd: compileComputeKernel
  api=4 insize=8532076 outsize=201 ok=1
Cmd: compileComputeKernel
  api=4 insize=8532076 outsize=8669 ok=1
Cmd: compileComputeKernel
  api=4 insize=8532076 outsize=19909 ok=1
Cmd: compileComputeKernel
  api=4 insize=8532076 outsize=5145 ok=1
Cmd: compileComputeKernel
  api=4 insize=8532076 outsize=9393 ok=1
Cmd: compileComputeKernel
  api=4 insize=8532076 outsize=201 ok=1
Cmd: compileComputeKernel
  api=4 insize=8532076 outsize=17389 ok=1
Cmd: compileComputeKernel
  api=4 insize=8532076 outsize=201 ok=1
Cmd: compileComputeKernel
  api=4 insize=8532076 outsize=23141 ok=1
Cmd: compileComputeKernel
  api=4 insize=8532076 outsize=13329 ok=1
Cmd: compileComputeKernel
  api=4 insize=8532076 outsize=12941 ok=1
Cmd: compileComputeKernel
  api=4 insize=8532076 outsize=201 ok=1
Cmd: compileComputeKernel
  api=4 insize=8532076 outsize=201 ok=1
Cmd: compileComputeKernel
  api=4 insize=8532076 outsize=201 ok=1
Cmd: compileComputeKernel
  api=4 insize=8532076 outsize=201 ok=1
Cmd: compileComputeKernel
  api=4 insize=8532076 outsize=201 ok=1
Cmd: compileComputeKernel
  api=4 insize=8532076 outsize=201 ok=1
Cmd: compileComputeKernel
  api=4 insize=8532076 outsize=201 ok=1
Cmd: compileComputeKernel
  api=4 insize=8532076 outsize=201 ok=1
Cmd: compileComputeKernel
  api=4 insize=8532076 outsize=8349 ok=1
Cmd: compileComputeKernel
  api=4 insize=8532076 outsize=201 ok=1
Cmd: compileComputeKernel
  api=4 insize=8532076 outsize=20825 ok=1
Cmd: compileComputeKernel
  api=4 insize=8532076 outsize=201 ok=1
Cmd: compileComputeKernel
  api=4 insize=8532076 outsize=201 ok=1
Cmd: compileComputeKernel
  api=4 insize=8532076 outsize=201 ok=1
Cmd: compileComputeKernel
  api=4 insize=8532076 outsize=201 ok=1
Cmd: compileComputeKernel
  api=4 insize=8532076 outsize=201 ok=1
Cmd: compileComputeKernel
  api=4 insize=8532076 outsize=201 ok=1
Cmd: compileComputeKernel
  api=4 insize=8532076 outsize=201 ok=1
Cmd: compileComputeKernel
  api=4 insize=8532076 outsize=6077 ok=1
Cmd: compileComputeKernel
  api=4 insize=8532076 outsize=201 ok=1
Cmd: compileComputeKernel
  api=4 insize=8532076 outsize=18417 ok=1
Cmd: compileComputeKernel
  api=4 insize=8532076 outsize=201 ok=1
Cmd: compileComputeKernel
  api=4 insize=8532076 outsize=24073 ok=1
Cmd: compileComputeKernel
  api=4 insize=8532076 outsize=9393 ok=1
Cmd: compileComputeKernel
  api=4 insize=8532076 outsize=20633 ok=1
Cmd: compileComputeKernel
  api=4 insize=8532076 outsize=201 ok=1
Cmd: compileComputeKernel
  api=4 insize=8532076 outsize=201 ok=1
Cmd: compileComputeKernel
  api=4 insize=8532076 outsize=201 ok=1
Cmd: compileComputeKernel
  api=4 insize=8532076 outsize=201 ok=1
Cmd: compileComputeKernel
  api=4 insize=8532076 outsize=201 ok=1
Cmd: compileComputeKernel
  api=4 insize=8532076 outsize=201 ok=1
Cmd: compileComputeKernel
  api=4 insize=8532076 outsize=201 ok=1
Cmd: compileComputeKernel
  api=4 insize=8532076 outsize=7781 ok=1
Cmd: compileComputeKernel
  api=4 insize=8532076 outsize=201 ok=1
Cmd: compileComputeKernel
  api=4 insize=8532076 outsize=201 ok=1
Cmd: compileComputeKernel
  api=4 insize=8532076 outsize=201 ok=1
Cmd: compileComputeKernel
  api=4 insize=8532076 outsize=14789 ok=1
Cmd: compileComputeKernel
  api=4 insize=8532076 outsize=201 ok=1
Cmd: compileComputeKernel
  api=4 insize=8532076 outsize=25681 ok=1
Cmd: compileComputeKernel
  api=4 insize=8532076 outsize=201 ok=1
Cmd: compileComputeKernel
  api=4 insize=8532076 outsize=201 ok=1
Cmd: compileComputeKernel
  api=4 insize=8532076 outsize=201 ok=1
Cmd: compileComputeKernel
  api=4 insize=8532076 outsize=201 ok=1
Cmd: compileComputeKernel
  api=4 insize=8532076 outsize=201 ok=1
Cmd: compileComputeKernel
  api=4 insize=8532076 outsize=201 ok=1
Cmd: compileComputeKernel
  api=4 insize=8532076 outsize=201 ok=1
Cmd: compileComputeKernel
  api=4 insize=8532076 outsize=201 ok=1
Cmd: compileComputeKernel
  api=4 insize=8532076 outsize=201 ok=1
Cmd: compileComputeKernel
  api=4 insize=8532076 outsize=201 ok=1
Cmd: compileComputeKernel
  api=4 insize=8532076 outsize=201 ok=1
Cmd: compileComputeKernel
  api=4 insize=8532076 outsize=201 ok=1
Cmd: compileComputeKernel
  api=4 insize=8532076 outsize=201 ok=1
Cmd: compileComputeKernel
  api=4 insize=8532076 outsize=201 ok=1
Cmd: compileComputeKernel
  api=4 insize=8532076 outsize=201 ok=1
Cmd: compileComputeKernel
  api=4 insize=8532076 outsize=8349 ok=1
Cmd: compileComputeKernel
  api=4 insize=8532076 outsize=201 ok=1
Cmd: compileComputeKernel
  api=4 insize=8532076 outsize=201 ok=1
Cmd: compileComputeKernel
  api=4 insize=8532076 outsize=12345 ok=1
Cmd: compileComputeKernel
  api=4 insize=8532076 outsize=201 ok=1
Cmd: compileComputeKernel
  api=4 insize=8532076 outsize=23333 ok=1
Cmd: compileComputeKernel
  api=4 insize=8532076 outsize=15737 ok=1
Cmd: compileComputeKernel
  api=4 insize=8532076 outsize=18305 ok=1
Cmd: compileComputeKernel
  api=4 insize=8532076 outsize=201 ok=1
Cmd: compileComputeKernel
  api=4 insize=8532076 outsize=201 ok=1
Cmd: compileComputeKernel
  api=4 insize=8532076 outsize=201 ok=1
Cmd: compileComputeKernel
  api=4 insize=8532076 outsize=201 ok=1
Cmd: compileComputeKernel
  api=4 insize=8532076 outsize=201 ok=1
Cmd: compileComputeKernel
  api=4 insize=8532076 outsize=201 ok=1
Cmd: compileComputeKernel
  api=4 insize=8532076 outsize=201 ok=1
Cmd: compileComputeKernel
  api=4 insize=8532076 outsize=201 ok=1
Cmd: compileComputeKernel
  api=4 insize=8532076 outsize=201 ok=1
Cmd: compileComputeKernel
  api=4 insize=8532076 outsize=201 ok=1
Cmd: compileComputeKernel
  api=4 insize=8532076 outsize=201 ok=1
Cmd: compileComputeKernel
  api=4 insize=8532076 outsize=201 ok=1
Cmd: compileComputeKernel
  api=4 insize=8532076 outsize=201 ok=1
Cmd: compileComputeKernel
  api=4 insize=8532076 outsize=201 ok=1
Cmd: compileComputeKernel
  api=4 insize=8532076 outsize=201 ok=1
Cmd: compileComputeKernel
  api=4 insize=8532076 outsize=201 ok=1
Cmd: compileComputeKernel
  api=4 insize=8532076 outsize=201 ok=1
Cmd: compileComputeKernel
  api=4 insize=8532076 outsize=201 ok=1
Cmd: compileComputeKernel
  api=4 insize=8532076 outsize=201 ok=1
Cmd: compileComputeKernel
  api=4 insize=8532076 outsize=201 ok=1
Cmd: compileComputeKernel
  api=4 insize=8532076 outsize=201 ok=1
Cmd: compileComputeKernel
  api=4 insize=8532076 outsize=201 ok=1
Cmd: compileComputeKernel
  api=4 insize=8532076 outsize=201 ok=1
Cmd: compileComputeKernel
  api=4 insize=8532076 outsize=201 ok=1
Cmd: compileComputeKernel
  api=4 insize=8532076 outsize=201 ok=1
Cmd: compileComputeKernel
  api=4 insize=8532076 outsize=201 ok=1
Cmd: compileComputeKernel
  api=4 insize=8532076 outsize=201 ok=1
Cmd: compileComputeKernel
  api=4 insize=8532076 outsize=201 ok=1
Cmd: compileComputeKernel
  api=4 insize=8532076 outsize=201 ok=1
Cmd: compileComputeKernel
  api=4 insize=8532076 outsize=201 ok=1
Cmd: compileComputeKernel
  api=4 insize=8532076 outsize=201 ok=1
Cmd: compileComputeKernel
  api=4 insize=8532076 outsize=201 ok=1
Cmd: compileComputeKernel
  api=4 insize=8532076 outsize=201 ok=1
Cmd: compileComputeKernel
  api=4 insize=8532076 outsize=201 ok=1
Cmd: compileComputeKernel
  api=4 insize=8532076 outsize=201 ok=1
Cmd: compileComputeKernel
  api=4 insize=8532076 outsize=201 ok=1
Cmd: compileComputeKernel
  api=4 insize=8532076 outsize=201 ok=1
Cmd: compileComputeKernel
  api=4 insize=8532076 outsize=201 ok=1
Cmd: compileComputeKernel
  api=4 insize=8532076 outsize=201 ok=1
Cmd: compileComputeKernel
  api=4 insize=8532076 outsize=201 ok=1
Cmd: compileComputeKernel
  api=4 insize=8532076 outsize=201 ok=1
Cmd: compileComputeKernel
  api=4 insize=8532076 outsize=201 ok=1
Cmd: compileComputeKernel
  api=4 insize=8532076 outsize=201 ok=1
Cmd: compileComputeKernel
  api=4 insize=8532076 outsize=201 ok=1
Cmd: compileComputeKernel
  api=4 insize=8532076 outsize=201 ok=1
Cmd: compileComputeKernel
  api=4 insize=8532076 outsize=201 ok=1
Cmd: compileComputeKernel
  api=4 insize=8532076 outsize=201 ok=1
Cmd: compileComputeKernel
  api=4 insize=8532076 outsize=201 ok=1
Cmd: compileComputeKernel
  api=4 insize=8532076 outsize=201 ok=1
Cmd: compileComputeKernel
  api=4 insize=8532076 outsize=201 ok=1
Cmd: compileComputeKernel
  api=4 insize=8532076 outsize=201 ok=1
Cmd: compileComputeKernel
  api=4 insize=8532076 outsize=201 ok=1
Cmd: compileComputeKernel
  api=4 insize=8532076 outsize=201 ok=1
Cmd: compileComputeKernel
  api=4 insize=8532076 outsize=201 ok=1
Cmd: compileComputeKernel
  api=4 insize=8532076 outsize=201 ok=1
Cmd: compileComputeKernel
  api=4 insize=8532076 outsize=201 ok=1
Cmd: compileComputeKernel
  api=4 insize=8532076 outsize=201 ok=1
Cmd: compileComputeKernel
  api=4 insize=8532076 outsize=201 ok=1
Cmd: compileComputeKernel
  api=4 insize=8532076 outsize=201 ok=1
Cmd: compileComputeKernel
  api=4 insize=8532076 outsize=201 ok=1
Cmd: compileComputeKernel
  api=4 insize=8532076 outsize=201 ok=1
Cmd: compileComputeKernel
  api=4 insize=8532076 outsize=201 ok=1
Cmd: compileComputeKernel
  api=4 insize=8532076 outsize=201 ok=1
Cmd: compileComputeKernel
  api=4 insize=8532076 outsize=201 ok=1
Cmd: compileComputeKernel
  api=4 insize=8532076 outsize=201 ok=1
Cmd: compileComputeKernel
  api=4 insize=8532076 outsize=201 ok=1
Cmd: compileComputeKernel
  api=4 insize=8532076 outsize=201 ok=1
Cmd: compileComputeKernel
  api=4 insize=8532076 outsize=201 ok=1
Cmd: compileComputeKernel
  api=4 insize=8532076 outsize=201 ok=1
Cmd: compileComputeKernel
  api=4 insize=8532076 outsize=201 ok=1
Cmd: compileComputeKernel
  api=4 insize=8532076 outsize=201 ok=1
Cmd: compileComputeKernel
  api=4 insize=8532076 outsize=201 ok=1
Cmd: compileComputeKernel
  api=4 insize=8532076 outsize=201 ok=1
Cmd: compileComputeKernel
  api=4 insize=8532076 outsize=201 ok=1
Cmd: compileComputeKernel
  api=4 insize=8532076 outsize=201 ok=1
Cmd: compileComputeKernel
  api=4 insize=8532076 outsize=201 ok=1
Cmd: compileComputeKernel
  api=4 insize=8532076 outsize=201 ok=1
Cmd: compileComputeKernel
  api=4 insize=8532076 outsize=201 ok=1
Cmd: compileComputeKernel
  api=4 insize=8532076 outsize=201 ok=1
Cmd: compileComputeKernel
  api=4 insize=8532076 outsize=201 ok=1
Cmd: compileComputeKernel
  api=4 insize=8532076 outsize=201 ok=1
Cmd: compileComputeKernel
  api=4 insize=8532076 outsize=201 ok=1
Cmd: compileComputeKernel
  api=4 insize=8532076 outsize=201 ok=1
Cmd: compileComputeKernel
  api=4 insize=8532076 outsize=201 ok=1
Cmd: compileComputeKernel
  api=4 insize=8532076 outsize=201 ok=1
Cmd: compileComputeKernel
  api=4 insize=8532076 outsize=201 ok=1
Cmd: compileComputeKernel
  api=4 insize=8532076 outsize=201 ok=1
Cmd: compileComputeKernel
  api=4 insize=8532076 outsize=201 ok=1
Cmd: compileComputeKernel
  api=4 insize=8532076 outsize=201 ok=1
Cmd: compileComputeKernel
  api=4 insize=8532076 outsize=201 ok=1
Cmd: compileComputeKernel
  api=4 insize=8532076 outsize=201 ok=1
Cmd: compileComputeKernel
  api=4 insize=8532076 outsize=201 ok=1
Cmd: compileComputeKernel
  api=4 insize=8532076 outsize=201 ok=1
Cmd: compileComputeKernel
  api=4 insize=8532076 outsize=201 ok=1
Cmd: compileComputeKernel
  api=4 insize=8532076 outsize=201 ok=1
Cmd: compileComputeKernel
  api=4 insize=8532076 outsize=201 ok=1
Cmd: compileComputeKernel
  api=4 insize=8532076 outsize=201 ok=1
Cmd: compileComputeKernel
  api=4 insize=8532076 outsize=201 ok=1
Cmd: compileComputeKernel
  api=4 insize=8532076 outsize=201 ok=1
Cmd: compileComputeKernel
  api=4 insize=8532076 outsize=201 ok=1
Cmd: compileComputeKernel
  api=4 insize=8532076 outsize=201 ok=1
Cmd: compileComputeKernel
  api=4 insize=8532076 outsize=201 ok=1
Cmd: compileComputeKernel
  api=4 insize=8532076 outsize=201 ok=1
Cmd: compileComputeKernel
  api=4 insize=8532076 outsize=201 ok=1
Cmd: compileComputeKernel
  api=4 insize=8532076 outsize=201 ok=1
Cmd: compileComputeKernel
  api=4 insize=8532076 outsize=201 ok=1
Cmd: compileComputeKernel
  api=4 insize=8532076 outsize=201 ok=1
Cmd: compileComputeKernel
  api=4 insize=8532076 outsize=201 ok=1
Cmd: compileComputeKernel
  api=4 insize=8532076 outsize=201 ok=1
Cmd: compileComputeKernel
  api=4 insize=8532076 outsize=201 ok=1
Cmd: compileComputeKernel
  api=4 insize=8532076 outsize=201 ok=1
Cmd: compileComputeKernel
  api=4 insize=8532076 outsize=201 ok=1
Cmd: compileComputeKernel
  api=4 insize=8532076 outsize=201 ok=1
Cmd: compileComputeKernel
  api=4 insize=8532076 outsize=201 ok=1
Cmd: compileComputeKernel
  api=4 insize=8532076 outsize=201 ok=1
Cmd: compileComputeKernel
  api=4 insize=8532076 outsize=201 ok=1
Cmd: compileComputeKernel
  api=4 insize=8532076 outsize=201 ok=1
Cmd: compileComputeKernel
  api=4 insize=8532076 outsize=201 ok=1
Cmd: compileComputeKernel
  api=4 insize=8532076 outsize=201 ok=1
Cmd: compileComputeKernel
  api=4 insize=8532076 outsize=201 ok=1
Cmd: compileComputeKernel
  api=4 insize=8532076 outsize=201 ok=1
Cmd: compileComputeKernel
  api=4 insize=8532076 outsize=201 ok=1
Cmd: compileComputeKernel
  api=4 insize=8532076 outsize=201 ok=1
Cmd: compileComputeKernel
  api=4 insize=8532076 outsize=201 ok=1
Cmd: compileComputeKernel
  api=4 insize=8532076 outsize=201 ok=1
Cmd: compileComputeKernel
  api=4 insize=8532076 outsize=201 ok=1
Cmd: compileComputeKernel
  api=4 insize=8532076 outsize=201 ok=1
Cmd: compileComputeKernel
  api=4 insize=8532076 outsize=201 ok=1
Cmd: compileComputeKernel
  api=4 insize=8532076 outsize=201 ok=1
Cmd: compileComputeKernel
  api=4 insize=8532076 outsize=201 ok=1
Cmd: compileComputeKernel
  api=4 insize=8532076 outsize=201 ok=1
Cmd: compileComputeKernel
  api=4 insize=8532076 outsize=201 ok=1
Cmd: compileComputeKernel
  api=4 insize=8532076 outsize=201 ok=1
Cmd: compileComputeKernel
  api=4 insize=8532076 outsize=201 ok=1
Cmd: compileComputeKernel
  api=4 insize=8532076 outsize=201 ok=1
Cmd: compileComputeKernel
  api=4 insize=8532076 outsize=201 ok=1
Cmd: compileComputeKernel
  api=4 insize=8532076 outsize=201 ok=1
Cmd: compileComputeKernel
  api=4 insize=8532076 outsize=201 ok=1
Cmd: compileComputeKernel
  api=4 insize=8532076 outsize=201 ok=1
Cmd: compileComputeKernel
  api=4 insize=8532076 outsize=201 ok=1
Cmd: compileComputeKernel
  api=4 insize=8532076 outsize=201 ok=1
Cmd: compileComputeKernel
  api=4 insize=8532076 outsize=201 ok=1
Cmd: compileComputeKernel
  api=4 insize=8532076 outsize=201 ok=1
Cmd: compileComputeKernel
  api=4 insize=8532076 outsize=201 ok=1
Cmd: compileComputeKernel
  api=4 insize=8532076 outsize=201 ok=1
Cmd: compileComputeKernel
  api=4 insize=8532076 outsize=201 ok=1
Cmd: compileComputeKernel
  api=4 insize=8532076 outsize=201 ok=1
Cmd: compileComputeKernel
  api=4 insize=8532076 outsize=201 ok=1
Cmd: compileComputeKernel
  api=4 insize=8532076 outsize=201 ok=1
Cmd: compileComputeKernel
  api=4 insize=8532076 outsize=201 ok=1
Cmd: compileComputeKernel
  api=4 insize=8532076 outsize=201 ok=1
Cmd: compileComputeKernel
  api=4 insize=8532076 outsize=201 ok=1
Cmd: compileComputeKernel
  api=4 insize=8532076 outsize=201 ok=1
Cmd: compileComputeKernel
  api=4 insize=8532076 outsize=201 ok=1
Cmd: compileComputeKernel
  api=4 insize=8532076 outsize=201 ok=1
Cmd: compileComputeKernel
  api=4 insize=8532076 outsize=201 ok=1
Cmd: compileComputeKernel
  api=4 insize=8532076 outsize=201 ok=1
Cmd: compileComputeKernel
  api=4 insize=8532076 outsize=201 ok=1
Cmd: compileComputeKernel
  api=4 insize=8532076 outsize=201 ok=1
Cmd: compileComputeKernel
  api=4 insize=8532076 outsize=201 ok=1
Cmd: compileComputeKernel
  api=4 insize=8532076 outsize=201 ok=1
Cmd: compileComputeKernel
  api=4 insize=8532076 outsize=201 ok=1
Cmd: compileComputeKernel
  api=4 insize=8532076 outsize=201 ok=1
Cmd: compileComputeKernel
  api=4 insize=8532076 outsize=201 ok=1
Cmd: compileComputeKernel
  api=4 insize=8532076 outsize=201 ok=1
Cmd: compileComputeKernel
  api=4 insize=8532076 outsize=201 ok=1
Cmd: compileComputeKernel
  api=4 insize=8532076 outsize=201 ok=1
Cmd: compileComputeKernel
  api=4 insize=8532076 outsize=201 ok=1
Cmd: compileComputeKernel
  api=4 insize=8532076 outsize=8677 ok=1
Cmd: compileComputeKernel
  api=4 insize=8532076 outsize=17729 ok=1
Cmd: compileComputeKernel
  api=4 insize=8532076 outsize=201 ok=1
Cmd: compileComputeKernel
  api=4 insize=8532076 outsize=23269 ok=1
Cmd: compileComputeKernel
  api=4 insize=8532076 outsize=201 ok=1
Cmd: compileComputeKernel
  api=4 insize=8532076 outsize=13197 ok=1
Cmd: compileComputeKernel
  api=4 insize=8532076 outsize=20845 ok=1
Cmd: compileComputeKernel
  api=4 insize=8532076 outsize=201 ok=1
Cmd: compileComputeKernel
  api=4 insize=8532076 outsize=10861 ok=1
Cmd: compileComputeKernel
  api=4 insize=8532076 outsize=22273 ok=1
Cmd: compileComputeKernel
  api=4 insize=8532076 outsize=201 ok=1
Cmd: compileComputeKernel
  api=4 insize=8532076 outsize=201 ok=1
Cmd: compileComputeKernel
  api=4 insize=8532076 outsize=201 ok=1
Cmd: compileComputeKernel
  api=4 insize=8532076 outsize=201 ok=1
Cmd: compileComputeKernel
  api=4 insize=8532076 outsize=201 ok=1
Cmd: compileComputeKernel
  api=4 insize=8532076 outsize=201 ok=1
Cmd: compileComputeKernel
  api=4 insize=8532076 outsize=201 ok=1
Cmd: compileComputeKernel
  api=4 insize=8532076 outsize=201 ok=1
Cmd: compileComputeKernel
  api=4 insize=8532076 outsize=10265 ok=1
Cmd: compileComputeKernel
  api=4 insize=8532076 outsize=21485 ok=1
Cmd: compileComputeKernel
  api=4 insize=8532076 outsize=24185 ok=1
Cmd: compileComputeKernel
  api=4 insize=8532076 outsize=14517 ok=1
Cmd: compileComputeKernel
  api=4 insize=8532076 outsize=17277 ok=1
Cmd: compileComputeKernel
  api=4 insize=8532076 outsize=201 ok=1
Cmd: compileComputeKernel
  api=4 insize=8532076 outsize=201 ok=1
Cmd: compileComputeKernel
  api=4 insize=8532076 outsize=201 ok=1
Cmd: compileComputeKernel
  api=4 insize=8532076 outsize=201 ok=1
Cmd: compileComputeKernel
  api=4 insize=8532076 outsize=201 ok=1
Cmd: compileComputeKernel
  api=4 insize=8532076 outsize=201 ok=1
Cmd: compileComputeKernel
  api=4 insize=8532076 outsize=201 ok=1
Cmd: compileComputeKernel
  api=4 insize=8532076 outsize=10265 ok=1
Cmd: compileComputeKernel
  api=4 insize=8532076 outsize=21677 ok=1
Cmd: compileComputeKernel
  api=4 insize=8532076 outsize=201 ok=1
Cmd: compileComputeKernel
  api=4 insize=8532076 outsize=201 ok=1
Cmd: compileComputeKernel
  api=4 insize=8532076 outsize=201 ok=1
Cmd: compileComputeKernel
  api=4 insize=8532076 outsize=201 ok=1
Cmd: compileComputeKernel
  api=4 insize=8532076 outsize=201 ok=1
Cmd: compileComputeKernel
  api=4 insize=8532076 outsize=201 ok=1
Cmd: compileComputeKernel
  api=4 insize=8532076 outsize=201 ok=1
Cmd: compileComputeKernel
  api=4 insize=8532076 outsize=12029 ok=1
Cmd: compileComputeKernel
  api=4 insize=8532076 outsize=21089 ok=1
Cmd: compileComputeKernel
  api=4 insize=8532076 outsize=201 ok=1
Cmd: compileComputeKernel
  api=4 insize=8532076 outsize=23597 ok=1
Cmd: compileComputeKernel
  api=4 insize=8532076 outsize=201 ok=1
Cmd: compileComputeKernel
  api=4 insize=8532076 outsize=201 ok=1
Cmd: compileComputeKernel
  api=4 insize=8532076 outsize=201 ok=1
Cmd: compileComputeKernel
  api=4 insize=8532076 outsize=201 ok=1
Cmd: compileComputeKernel
  api=4 insize=8532076 outsize=201 ok=1
Cmd: compileComputeKernel
  api=4 insize=8532076 outsize=201 ok=1
Cmd: compileComputeKernel
  api=4 insize=8532076 outsize=201 ok=1
Cmd: compileComputeKernel
  api=4 insize=8532076 outsize=201 ok=1
Cmd: compileComputeKernel
  api=4 insize=8532076 outsize=201 ok=1
Cmd: compileComputeKernel
  api=4 insize=8532076 outsize=201 ok=1
Cmd: compileComputeKernel
  api=4 insize=8532076 outsize=201 ok=1
Cmd: compileComputeKernel
  api=4 insize=8532076 outsize=201 ok=1
Cmd: compileComputeKernel
  api=4 insize=8532076 outsize=201 ok=1
Cmd: compileComputeKernel
  api=4 insize=8532076 outsize=201 ok=1
Cmd: compileComputeKernel
  api=4 insize=8532076 outsize=201 ok=1
Cmd: compileComputeKernel
  api=4 insize=8532076 outsize=201 ok=1
Cmd: compileComputeKernel
  api=4 insize=8532076 outsize=201 ok=1
Cmd: compileComputeKernel
  api=4 insize=8532076 outsize=9393 ok=1
Cmd: compileComputeKernel
  api=4 insize=8532076 outsize=18453 ok=1
Cmd: compileComputeKernel
  api=4 insize=8532076 outsize=201 ok=1
Cmd: compileComputeKernel
  api=4 insize=8532076 outsize=201 ok=1
Cmd: compileComputeKernel
  api=4 insize=8532076 outsize=201 ok=1
Cmd: compileComputeKernel
  api=4 insize=8532076 outsize=201 ok=1
Cmd: compileComputeKernel
  api=4 insize=8532076 outsize=201 ok=1
Cmd: compileComputeKernel
  api=4 insize=8532076 outsize=201 ok=1
Cmd: compileComputeKernel
  api=4 insize=8532076 outsize=201 ok=1
Cmd: compileComputeKernel
  api=4 insize=8532076 outsize=201 ok=1
Cmd: compileComputeKernel
  api=4 insize=8532076 outsize=201 ok=1
Cmd: compileComputeKernel
  api=4 insize=8532076 outsize=9217 ok=1
Cmd: compileComputeKernel
  api=4 insize=8532076 outsize=201 ok=1
Cmd: compileComputeKernel
  api=4 insize=8532076 outsize=21461 ok=1
Cmd: compileComputeKernel
  api=4 insize=8532076 outsize=201 ok=1
Cmd: compileComputeKernel
